<?xml version="1.0" encoding="utf-8"?><testsuites name="pytest tests"><testsuite name="pytest" errors="0" failures="33" skipped="0" tests="1199" time="13.154" timestamp="2026-08-11T14:10:14.177182+00:00" hostname="a8b96c500eab"><testcase classname="nextseek_api.cc_assistant.tests.test_agent_history_conversion" name="test_to_baml_history_converts_all_kinds_and_reverses_aliases" time="0.002" /><testcase classname="nextseek_api.cc_assistant.tests.test_agent_history_conversion" name="test_to_baml_history_drops_malformed_never_raises" time="0.001" /><testcase classname="nextseek_api.cc_assistant.tests.test_agent_history_conversion" name="test_route_builds_router_input_with_converted_history" time="0.002" /><testcase classname="nextseek_api.cc_assistant.tests.test_agent_history_conversion" name="test_route_empty_history_default" time="0.001" /><testcase classname="nextseek_api.cc_assistant.tests.test_assistant_client_mirror_seam" name="test_server_and_mirror_turn_field_parity" time="0.026" /><testcase classname="nextseek_api.cc_assistant.tests.test_assistant_client_mirror_seam" name="test_mirror_turn_accepts_server_turn_id_and_cc_traces" time="0.001" /><testcase classname="nextseek_api.cc_assistant.tests.test_assistant_client_mirror_seam" name="test_mirror_turn_still_forbids_unknown_keys" time="0.001" /><testcase classname="nextseek_api.cc_assistant.tests.test_assistant_client_mirror_seam" name="test_assistant_client_session_detail_validates_server_shaped_turns" time="0.002" /><testcase classname="nextseek_api.cc_assistant.tests.test_assistant_client_mirror_seam" name="test_dispatch_recall_through_real_client_and_mirror" time="0.003" /><testcase classname="nextseek_api.cc_assistant.tests.test_assistant_models_artifacts" name="test_plain_table_artifact_still_valid" time="0.010" /><testcase classname="nextseek_api.cc_assistant.tests.test_assistant_models_artifacts" name="test_file_artifact_still_valid" time="0.001" /><testcase classname="nextseek_api.cc_assistant.tests.test_assistant_models_artifacts" name="test_truncated_table_artifact_valid" time="0.001" /><testcase classname="nextseek_api.cc_assistant.tests.test_assistant_models_artifacts" name="test_geo_preview_artifact_valid" time="0.001" /><testcase classname="nextseek_api.cc_assistant.tests.test_baml_router_schema" name="test_router_baml_copies_byte_identical" time="0.001" /><testcase classname="nextseek_api.cc_assistant.tests.test_baml_router_schema" name="test_history_turn_class_declared" time="0.001" /><testcase classname="nextseek_api.cc_assistant.tests.test_baml_router_schema" name="test_router_input_gains_history" time="0.001" /><testcase classname="nextseek_api.cc_assistant.tests.test_baml_router_schema" name="test_prompt_region_matches_snapshot_exactly" time="0.001" /><testcase classname="nextseek_api.cc_assistant.tests.test_baml_router_schema" name="test_current_block_precedes_user_query_interpolation" time="0.001" /><testcase classname="nextseek_api.cc_assistant.tests.test_baml_router_schema" name="test_single_user_query_interpolation" time="0.001" /><testcase classname="nextseek_api.cc_assistant.tests.test_bin_inventory" name="test_discovery_is_dynamic_not_hardcoded" time="0.002" /><testcase classname="nextseek_api.cc_assistant.tests.test_bin_inventory" name="test_real_inventory_contains_new_ops_and_partitions" time="0.003" /><testcase classname="nextseek_api.cc_assistant.tests.test_bin_inventory" name="test_catalogs_bind_to_inventory" time="0.029" /><testcase classname="nextseek_api.cc_assistant.tests.test_bin_inventory" name="test_no_op_name_literals_in_catalog_modules" time="0.030" /><testcase classname="nextseek_api.cc_assistant.tests.test_build_context_env_guard" name="test_secretish_paths_excluded_from_build_context[docker/db.env]" time="0.003" /><testcase classname="nextseek_api.cc_assistant.tests.test_build_context_env_guard" name="test_secretish_paths_excluded_from_build_context[docker/nextseek.env]" time="0.001" /><testcase classname="nextseek_api.cc_assistant.tests.test_build_context_env_guard" name="test_secretish_paths_excluded_from_build_context[docker/bedrock-proxy/proxy-secret.env]" time="0.001" /><testcase classname="nextseek_api.cc_assistant.tests.test_build_context_env_guard" name="test_secretish_paths_excluded_from_build_context[dmac/local_settings.py]" time="0.001" /><testcase classname="nextseek_api.cc_assistant.tests.test_build_context_env_guard" name="test_secretish_paths_excluded_from_build_context[docker/nextseek.env.bak-pre-seekpublicurl]" time="0.001" /><testcase classname="nextseek_api.cc_assistant.tests.test_build_context_env_guard" name="test_secretish_paths_excluded_from_build_context[docker/nextseek.env.bak.20260727123629]" time="0.001" /><testcase classname="nextseek_api.cc_assistant.tests.test_build_context_env_guard" name="test_secretish_paths_excluded_from_build_context[docker/nextseek.env.bak.budget-20260729113017]" time="0.001" /><testcase classname="nextseek_api.cc_assistant.tests.test_build_context_env_guard" name="test_secretish_paths_excluded_from_build_context[docker/db.env.bak]" time="0.001" /><testcase classname="nextseek_api.cc_assistant.tests.test_build_context_env_guard" name="test_secretish_paths_excluded_from_build_context[docker/db.env.old]" time="0.001" /><testcase classname="nextseek_api.cc_assistant.tests.test_build_context_env_guard" name="test_secretish_paths_excluded_from_build_context[.env]" time="0.001" /><testcase classname="nextseek_api.cc_assistant.tests.test_build_context_env_guard" name="test_secretish_paths_excluded_from_build_context[chat_nextseek/.env]" time="0.001" /><testcase classname="nextseek_api.cc_assistant.tests.test_build_context_env_guard" name="test_secretish_paths_excluded_from_build_context[some/deep/dir/foo.env.bak2]" time="0.001" /><testcase classname="nextseek_api.cc_assistant.tests.test_build_context_env_guard" name="test_secretish_paths_excluded_from_build_context[nextseek.env.bak.rootlevel]" time="0.001" /><testcase classname="nextseek_api.cc_assistant.tests.test_build_context_env_guard" name="test_templates_and_source_stay_included[docker/nextseek.env.example]" time="0.001" /><testcase classname="nextseek_api.cc_assistant.tests.test_build_context_env_guard" name="test_templates_and_source_stay_included[docker/bedrock-proxy/proxy-secret.env.example]" time="0.001" /><testcase classname="nextseek_api.cc_assistant.tests.test_build_context_env_guard" name="test_templates_and_source_stay_included[startup/templates/nextseek.env.template]" time="0.001" /><testcase classname="nextseek_api.cc_assistant.tests.test_build_context_env_guard" name="test_templates_and_source_stay_included[startup/templates/db.env.template]" time="0.001" /><testcase classname="nextseek_api.cc_assistant.tests.test_build_context_env_guard" name="test_templates_and_source_stay_included[chat_frontend/.env.example]" time="0.001" /><testcase classname="nextseek_api.cc_assistant.tests.test_build_context_env_guard" name="test_templates_and_source_stay_included[chat_nextseek/.env.example]" time="0.001" /><testcase classname="nextseek_api.cc_assistant.tests.test_build_context_env_guard" name="test_templates_and_source_stay_included[README.md]" time="0.001" /><testcase classname="nextseek_api.cc_assistant.tests.test_build_context_env_guard" name="test_templates_and_source_stay_included[dmac/settings.py]" time="0.002" /><testcase classname="nextseek_api.cc_assistant.tests.test_build_context_env_guard" name="test_gitignore_covers_env_bak_copies" time="0.001" /><testcase classname="nextseek_api.cc_assistant.tests.test_cc_artifacts_split" name="test_partition_splits_raw_from_artifacts" time="0.001" /><testcase classname="nextseek_api.cc_assistant.tests.test_cc_artifacts_split" name="test_raw_prefix_constant" time="0.001" /><testcase classname="nextseek_api.cc_assistant.tests.test_cc_artifacts_split" name="test_build_zip_contains_all_sources" time="0.002" /><testcase classname="nextseek_api.cc_assistant.tests.test_cc_chat_log_turnid_normalize" name="test_cc_entry_has_int_turn_id_and_cc_run_id" time="0.001" /><testcase classname="nextseek_api.cc_assistant.tests.test_cc_chat_log_turnid_normalize" name="test_cc_entry_validates_against_shared_schema" time="0.001" /><testcase classname="nextseek_api.cc_assistant.tests.test_cc_chat_log_turnid_normalize" name="test_apply_turn_derives_sequential_int_after_ns_entries" time="0.001" /><testcase classname="nextseek_api.cc_assistant.tests.test_cc_chat_log_turnid_normalize" name="test_apply_turn_first_cc_turn_is_one" time="0.001" /><testcase classname="nextseek_api.cc_assistant.tests.test_cc_chat_log_turnid_normalize" name="test_two_cc_turns_get_distinct_sequential_ids" time="0.001" /><testcase classname="nextseek_api.cc_assistant.tests.test_cc_chat_log_writer" name="test_append_capped_keeps_newest_in_order" time="0.001" /><testcase classname="nextseek_api.cc_assistant.tests.test_cc_chat_log_writer" name="test_append_capped_under_cap_keeps_all_in_order" time="0.001" /><testcase classname="nextseek_api.cc_assistant.tests.test_cc_chat_log_writer" name="test_apply_turn_writes_chat_log_and_cc_traces_mirror" time="0.001" /><testcase classname="nextseek_api.cc_assistant.tests.test_cc_chat_log_writer" name="test_serialize_cc_chat_log_entry_keys" time="0.001" /><testcase classname="nextseek_api.cc_assistant.tests.test_cc_chat_log_writer" name="test_chat_log_entries_use_assistant_reply_key" time="0.001" /><testcase classname="nextseek_api.cc_assistant.tests.test_cc_config_paths" name="test_ccpaths_has_volume_defaults" time="0.001" /><testcase classname="nextseek_api.cc_assistant.tests.test_cc_config_paths" name="test_ccpaths_overridable" time="0.001" /><testcase classname="nextseek_api.cc_assistant.tests.test_cc_config_paths" name="test_ccpaths_retires_host_user_root" time="0.001" /><testcase classname="nextseek_api.cc_assistant.tests.test_cc_dropbox_grep_guard" name="test_no_dropbox_reply_copy" time="0.001" /><testcase classname="nextseek_api.cc_assistant.tests.test_cc_dropbox_grep_guard" name="test_no_laptop_or_host_bind_default_path" time="0.001" /><testcase classname="nextseek_api.cc_assistant.tests.test_cc_endpoint_guards" name="test_resolve_artifact_path_rejects_traversal" time="0.002" /><testcase classname="nextseek_api.cc_assistant.tests.test_cc_endpoint_guards" name="test_session_owned_by_user_false_for_wrong_user" time="0.001" /><testcase classname="nextseek_api.cc_assistant.tests.test_cc_engine_env" name="test_default_image_targets_full_capability_poc" time="0.001" /><testcase classname="nextseek_api.cc_assistant.tests.test_cc_engine_env" name="test_default_network_is_dedicated_segmented_net" time="0.001" /><testcase classname="nextseek_api.cc_assistant.tests.test_cc_engine_env" name="test_run_kwargs_attaches_default_network" time="0.001" /><testcase classname="nextseek_api.cc_assistant.tests.test_cc_engine_env" name="test_run_kwargs_sets_deterministic_container_name" time="0.001" /><testcase classname="nextseek_api.cc_assistant.tests.test_cc_engine_env" name="test_run_kwargs_name_pattern_matches_celery_uuid_style_run_id" time="0.001" /><testcase classname="nextseek_api.cc_assistant.tests.test_cc_engine_env" name="test_run_kwargs_rejects_names_unsafe_for_docker_container_name[demo@mit.edu]" time="0.001" /><testcase classname="nextseek_api.cc_assistant.tests.test_cc_engine_env" name="test_run_kwargs_rejects_names_unsafe_for_docker_container_name[run+1]" time="0.001" /><testcase classname="nextseek_api.cc_assistant.tests.test_cc_engine_env" name="test_run_kwargs_rejects_names_unsafe_for_docker_container_name[]" time="0.001" /><testcase classname="nextseek_api.cc_assistant.tests.test_cc_engine_env" name="test_run_kwargs_rejects_names_unsafe_for_docker_container_name[Has_Upper_And_Underscore]" time="0.001" /><testcase classname="nextseek_api.cc_assistant.tests.test_cc_engine_env" name="test_run_kwargs_rejects_names_unsafe_for_docker_container_name[run id with spaces]" time="0.001" /><testcase classname="nextseek_api.cc_assistant.tests.test_cc_engine_env" name="test_spawn_retries_once_on_stale_name_conflict" time="0.001" /><testcase classname="nextseek_api.cc_assistant.tests.test_cc_engine_env" name="test_spawn_does_not_retry_on_non_409_error" time="0.001" /><testcase classname="nextseek_api.cc_assistant.tests.test_cc_engine_env" name="test_spawn_succeeds_immediately_without_conflict" time="0.001" /><testcase classname="nextseek_api.cc_assistant.tests.test_cc_engine_env" name="test_scanner_flags_a_seeded_env_negative_control" time="0.001" /><testcase classname="nextseek_api.cc_assistant.tests.test_cc_engine_env" name="test_agent_env_has_no_shared_cred_keys_or_values" time="0.001" /><testcase classname="nextseek_api.cc_assistant.tests.test_cc_engine_env" name="test_chat_session_id_env_present_when_passed" time="0.001" /><testcase classname="nextseek_api.cc_assistant.tests.test_cc_engine_env" name="test_chat_session_id_absent_when_not_passed" time="0.001" /><testcase classname="nextseek_api.cc_assistant.tests.test_cc_engine_env" name="test_agent_env_exact_key_set" time="0.001" /><testcase classname="nextseek_api.cc_assistant.tests.test_cc_engine_env" name="test_run_cc_turn_threads_session_id_into_container_env" time="0.004" /><testcase classname="nextseek_api.cc_assistant.tests.test_cc_engine_env" name="test_agent_env_points_at_proxy_and_is_unsigned" time="0.001" /><testcase classname="nextseek_api.cc_assistant.tests.test_cc_engine_env" name="test_agent_env_proxy_url_overridable" time="0.001" /><testcase classname="nextseek_api.cc_assistant.tests.test_cc_engine_env" name="test_request_credentials_injected_under_both_name_schemes" time="0.001" /><testcase classname="nextseek_api.cc_assistant.tests.test_cc_engine_env" name="test_no_credentials_leaves_login_unset" time="0.001" /><testcase classname="nextseek_api.cc_assistant.tests.test_cc_engine_env" name="test_redact_env_masks_secret_keys" time="0.001" /><testcase classname="nextseek_api.cc_assistant.tests.test_cc_engine_env" name="test_loopback_base_url_rewritten_to_nginx_service" time="0.001" /><testcase classname="nextseek_api.cc_assistant.tests.test_cc_engine_env" name="test_rewrite_helper_without_port" time="0.001" /><testcase classname="nextseek_api.cc_assistant.tests.test_cc_engine_env" name="test_rewrite_helper_leaves_remote_host" time="0.001" /><testcase classname="nextseek_api.cc_assistant.tests.test_cc_engine_env" name="test_agent_env_includes_sidecar_host_and_port_defaults" time="0.001" /><testcase classname="nextseek_api.cc_assistant.tests.test_cc_engine_env" name="test_agent_env_sidecar_host_and_port_overridable" time="0.001" /><testcase classname="nextseek_api.cc_assistant.tests.test_cc_engine_env" name="test_command_uses_auto_mode_not_dangerous_skip" time="0.001" /><testcase classname="nextseek_api.cc_assistant.tests.test_cc_engine_env" name="test_command_has_turn_and_budget_caps" time="0.001" /><testcase classname="nextseek_api.cc_assistant.tests.test_cc_engine_env" name="test_command_budget_disabled_when_zero" time="0.001" /><testcase classname="nextseek_api.cc_assistant.tests.test_cc_engine_env" name="test_command_resume_appended_last" time="0.001" /><testcase classname="nextseek_api.cc_assistant.tests.test_cc_engine_env" name="test_automode_settings_defaults_first_with_descriptors" time="0.001" /><testcase classname="nextseek_api.cc_assistant.tests.test_cc_engine_env" name="test_automode_settings_carry_no_secret_values" time="0.001" /><testcase classname="nextseek_api.cc_assistant.tests.test_cc_engine_env" name="test_default_budget_and_timeout" time="0.014" /><testcase classname="nextseek_api.cc_assistant.tests.test_cc_engine_env" name="test_validate_user_id_rejects_traversal_and_bad_chars[..]" time="0.001" /><testcase classname="nextseek_api.cc_assistant.tests.test_cc_engine_env" name="test_validate_user_id_rejects_traversal_and_bad_chars[../x]" time="0.001" /><testcase classname="nextseek_api.cc_assistant.tests.test_cc_engine_env" name="test_validate_user_id_rejects_traversal_and_bad_chars[a/b]" time="0.001" /><testcase classname="nextseek_api.cc_assistant.tests.test_cc_engine_env" name="test_validate_user_id_rejects_traversal_and_bad_chars[xxxxxxxxxxxxxxxxxxxxxxxxxxxxxxxxxxxxxxxxxxxxxxxxxxxxxxxxxxxxxxxxx]" time="0.001" /><testcase classname="nextseek_api.cc_assistant.tests.test_cc_engine_env" name="test_validate_user_id_rejects_traversal_and_bad_chars[]" time="0.001" /><testcase classname="nextseek_api.cc_assistant.tests.test_cc_engine_env" name="test_validate_user_id_rejects_traversal_and_bad_chars[.]" time="0.001" /><testcase classname="nextseek_api.cc_assistant.tests.test_cc_engine_env" name="test_validate_user_id_rejects_traversal_and_bad_chars[a b]" time="0.001" /><testcase classname="nextseek_api.cc_assistant.tests.test_cc_engine_env" name="test_validate_user_id_accepts_real_usernames" time="0.001" /><testcase classname="nextseek_api.cc_assistant.tests.test_cc_engine_env" name="test_validate_project_rejects_traversal[..]" time="0.001" /><testcase classname="nextseek_api.cc_assistant.tests.test_cc_engine_env" name="test_validate_project_rejects_traversal[.]" time="0.001" /><testcase classname="nextseek_api.cc_assistant.tests.test_cc_engine_env" name="test_validate_project_rejects_traversal[a/b]" time="0.001" /><testcase classname="nextseek_api.cc_assistant.tests.test_cc_engine_env" name="test_validate_project_rejects_traversal[xxxxxxxxxxxxxxxxxxxxxxxxxxxxxxxxxxxxxxxxxxxxxxxxxxxxxxxxxxxxxxxxxxxxxxxxxxxxxxxxxxxxxxxxxxxxxxxxxxxxxxxxxxxxxxxxxxxxxxxxxxxxxxxxx]" time="0.001" /><testcase classname="nextseek_api.cc_assistant.tests.test_cc_engine_env" name="test_validate_project_rejects_traversal[]" time="0.001" /><testcase classname="nextseek_api.cc_assistant.tests.test_cc_engine_env" name="test_validate_project_rejects_traversal[a\x00b]" time="0.001" /><testcase classname="nextseek_api.cc_assistant.tests.test_cc_engine_env" name="test_validate_project_accepts_real_names" time="0.001" /><testcase classname="nextseek_api.cc_assistant.tests.test_cc_engine_env" name="test_internal_base_url_preferred_for_agent_env" time="0.001" /><testcase classname="nextseek_api.cc_assistant.tests.test_cc_engine_env" name="test_bumped_host_port_loopback_still_rewritten" time="0.001" /><testcase classname="nextseek_api.cc_assistant.tests.test_cc_engine_memory_mounts" name="test_no_user_memory_file_bind_in_volume_mode" time="0.001" /><testcase classname="nextseek_api.cc_assistant.tests.test_cc_engine_memory_mounts" name="test_transcripts_dir_mounted_ro" time="0.001" /><testcase classname="nextseek_api.cc_assistant.tests.test_cc_engine_memory_mounts" name="test_no_memory_mounts_when_none" time="0.001" /><testcase classname="nextseek_api.cc_assistant.tests.test_cc_engine_memory_mounts" name="test_existing_volume_shape_unchanged" time="0.001" /><testcase classname="nextseek_api.cc_assistant.tests.test_cc_engine_publish" name="test_publish_artifacts_copies_nested_scratch_changes" time="0.004" /><testcase classname="nextseek_api.cc_assistant.tests.test_cc_engine_publish" name="test_publish_artifacts_skips_symlinks" time="0.002" /><testcase classname="nextseek_api.cc_assistant.tests.test_cc_engine_publish" name="test_publish_artifacts_zips_multiple_and_splits_raw" time="0.004" /><testcase classname="nextseek_api.cc_assistant.tests.test_cc_engine_publish" name="test_publish_raw_paths_never_use_host_bind_roots" time="0.002" /><testcase classname="nextseek_api.cc_assistant.tests.test_cc_engine_publish" name="test_safe_relpath_rejects_escape_paths" time="0.001" /><testcase classname="nextseek_api.cc_assistant.tests.test_cc_engine_volumes" name="test_input_and_shared_mounted_ro" time="0.001" /><testcase classname="nextseek_api.cc_assistant.tests.test_cc_engine_volumes" name="test_scratch_rw_and_cc_state_rw" time="0.001" /><testcase classname="nextseek_api.cc_assistant.tests.test_cc_engine_volumes" name="test_build_volumes_omits_claude_state_when_no_key" time="0.001" /><testcase classname="nextseek_api.cc_assistant.tests.test_cc_engine_volumes" name="test_claude_home_constant" time="0.001" /><testcase classname="nextseek_api.cc_assistant.tests.test_cc_engine_volumes" name="test_cc_state_key_uses_same_traversal_guard[..]" time="0.001" /><testcase classname="nextseek_api.cc_assistant.tests.test_cc_engine_volumes" name="test_cc_state_key_uses_same_traversal_guard[../x]" time="0.001" /><testcase classname="nextseek_api.cc_assistant.tests.test_cc_engine_volumes" name="test_cc_state_key_uses_same_traversal_guard[a/b]" time="0.001" /><testcase classname="nextseek_api.cc_assistant.tests.test_cc_engine_volumes" name="test_cc_state_key_uses_same_traversal_guard[xxxxxxxxxxxxxxxxxxxxxxxxxxxxxxxxxxxxxxxxxxxxxxxxxxxxxxxxxxxxxxxxx]" time="0.001" /><testcase classname="nextseek_api.cc_assistant.tests.test_cc_engine_volumes" name="test_real_uuid_passes_the_guard" time="0.001" /><testcase classname="nextseek_api.cc_assistant.tests.test_cc_engine_volumes" name="test_transcripts_mount_rides_along_ro" time="0.001" /><testcase classname="nextseek_api.cc_assistant.tests.test_cc_engine_volumes" name="test_no_legacy_flat_or_host_sources_emitted" time="0.001" /><testcase classname="nextseek_api.cc_assistant.tests.test_cc_load_bearing_run_id" name="test_publish_artifacts_still_keyed_by_str_run_id" time="0.001" /><testcase classname="nextseek_api.cc_assistant.tests.test_cc_load_bearing_run_id" name="test_turn_complete_payload_still_carries_str_run_id" time="0.001" /><testcase classname="nextseek_api.cc_assistant.tests.test_cc_load_bearing_run_id" name="test_cc_transcript_persisted_with_payload_turn_id" time="0.001" /><testcase classname="nextseek_api.cc_assistant.tests.test_cc_matrix_gate_harness" name="test_query_only_ops_argv[nextseek-entity-extract]" time="0.001" /><testcase classname="nextseek_api.cc_assistant.tests.test_cc_matrix_gate_harness" name="test_query_only_ops_argv[nextseek-parse]" time="0.001" /><testcase classname="nextseek_api.cc_assistant.tests.test_cc_matrix_gate_harness" name="test_query_only_ops_argv[nextseek-graph]" time="0.001" /><testcase classname="nextseek_api.cc_assistant.tests.test_cc_matrix_gate_harness" name="test_query_only_ops_argv[nextseek-plan]" time="0.001" /><testcase classname="nextseek_api.cc_assistant.tests.test_cc_matrix_gate_harness" name="test_query_only_ops_require_query[nextseek-entity-extract]" time="0.001" /><testcase classname="nextseek_api.cc_assistant.tests.test_cc_matrix_gate_harness" name="test_query_only_ops_require_query[nextseek-parse]" time="0.001" /><testcase classname="nextseek_api.cc_assistant.tests.test_cc_matrix_gate_harness" name="test_query_only_ops_require_query[nextseek-graph]" time="0.001" /><testcase classname="nextseek_api.cc_assistant.tests.test_cc_matrix_gate_harness" name="test_query_only_ops_require_query[nextseek-plan]" time="0.001" /><testcase classname="nextseek_api.cc_assistant.tests.test_cc_matrix_gate_harness" name="test_nextseek_query_always_passes_json_flag" time="0.001" /><testcase classname="nextseek_api.cc_assistant.tests.test_cc_matrix_gate_harness" name="test_api_read_argv" time="0.001" /><testcase classname="nextseek_api.cc_assistant.tests.test_cc_matrix_gate_harness" name="test_api_read_requires_parser_plan" time="0.001" /><testcase classname="nextseek_api.cc_assistant.tests.test_cc_matrix_gate_harness" name="test_api_write_unconfirmed_leg_omits_confirmed_write_flag" time="0.001" /><testcase classname="nextseek_api.cc_assistant.tests.test_cc_matrix_gate_harness" name="test_api_write_confirmed_leg_includes_flag" time="0.001" /><testcase classname="nextseek_api.cc_assistant.tests.test_cc_matrix_gate_harness" name="test_report_argv" time="0.001" /><testcase classname="nextseek_api.cc_assistant.tests.test_cc_matrix_gate_harness" name="test_report_requires_mode_and_project" time="0.001" /><testcase classname="nextseek_api.cc_assistant.tests.test_cc_matrix_gate_harness" name="test_generate_submission_argv" time="0.001" /><testcase classname="nextseek_api.cc_assistant.tests.test_cc_matrix_gate_harness" name="test_unknown_op_rejected" time="0.001" /><testcase classname="nextseek_api.cc_assistant.tests.test_cc_matrix_gate_harness" name="test_build_op_argv_covers_every_bin_op" time="0.001" /><testcase classname="nextseek_api.cc_assistant.tests.test_cc_matrix_gate_harness" name="test_gate_executor_environment_goes_through_build_agent_environment" time="0.001" /><testcase classname="nextseek_api.cc_assistant.tests.test_cc_matrix_gate_harness" name="test_gate_executor_environment_carries_no_shared_creds_even_from_hostile_source" time="0.001" /><testcase classname="nextseek_api.cc_assistant.tests.test_cc_matrix_gate_harness" name="test_build_gate_executor_run_kwargs_shape" time="0.001" /><testcase classname="nextseek_api.cc_assistant.tests.test_cc_matrix_gate_harness" name="test_make_matrix_row_success_excerpts_stdout" time="0.001" /><testcase classname="nextseek_api.cc_assistant.tests.test_cc_matrix_gate_harness" name="test_make_matrix_row_failure_excerpts_stderr" time="0.001" /><testcase classname="nextseek_api.cc_assistant.tests.test_cc_matrix_gate_harness" name="test_make_matrix_row_carries_published_path_when_given" time="0.001" /><testcase classname="nextseek_api.cc_assistant.tests.test_cc_matrix_gate_harness" name="test_transport_for_op_matches_wire_topology" time="0.001" /><testcase classname="nextseek_api.cc_assistant.tests.test_cc_matrix_gate_harness" name="test_build_sweep_command_matches_the_documented_invocation_form" time="0.001" /><testcase classname="nextseek_api.cc_assistant.tests.test_cc_matrix_gate_harness" name="test_build_ps_name_filter_command" time="0.001" /><testcase classname="nextseek_api.cc_assistant.tests.test_cc_matrix_gate_harness" name="test_build_post_sweep_scan_command_mounts_readonly" time="0.001" /><testcase classname="nextseek_api.cc_assistant.tests.test_cc_matrix_gate_harness" name="test_images_json_cc_image_reads_the_pinned_key" time="0.001" /><testcase classname="nextseek_api.cc_assistant.tests.test_cc_matrix_gate_harness" name="test_images_json_cc_image_missing_file_returns_none" time="0.001" /><testcase classname="nextseek_api.cc_assistant.tests.test_cc_matrix_gate_harness" name="test_images_json_cc_image_missing_key_returns_none" time="0.001" /><testcase classname="nextseek_api.cc_assistant.tests.test_cc_matrix_gate_harness" name="test_write_json_and_text_roundtrip" time="0.001" /><testcase classname="nextseek_api.cc_assistant.tests.test_cc_matrix_gate_harness" name="test_seeded_fixture_greenfield_creates_project_and_samples" time="0.001" /><testcase classname="nextseek_api.cc_assistant.tests.test_cc_matrix_gate_harness" name="test_seeded_fixture_reuses_existing_project_as_secondary_idempotence_path" time="0.001" /><testcase classname="nextseek_api.cc_assistant.tests.test_cc_matrix_gate_harness" name="test_seeded_fixture_project_create_failure_raises" time="0.001" /><testcase classname="nextseek_api.cc_assistant.tests.test_cc_matrix_gate_harness" name="test_seeded_fixture_no_sample_types_raises_environment_prerequisite" time="0.001" /><testcase classname="nextseek_api.cc_assistant.tests.test_cc_matrix_gate_harness" name="test_seeded_fixture_sample_create_failure_raises" time="0.001" /><testcase classname="nextseek_api.cc_assistant.tests.test_cc_matrix_gate_harness" name="test_seeded_fixture_project_create_without_id_raises" time="0.002" /><testcase classname="nextseek_api.cc_assistant.tests.test_cc_matrix_gate_harness" name="test_binding_fixture_record_passes_validator_check" time="0.001" /><testcase classname="nextseek_api.cc_assistant.tests.test_cc_matrix_gate_harness" name="test_extract_sample_uid_prefers_attribute_map_uid_over_seek_id" time="0.001" /><testcase classname="nextseek_api.cc_assistant.tests.test_cc_matrix_gate_harness" name="test_extract_sample_uid_falls_back_to_jsonapi_id" time="0.001" /><testcase classname="nextseek_api.cc_assistant.tests.test_cc_matrix_gate_harness" name="test_find_project_id_by_title_exact_match_only" time="0.001" /><testcase classname="nextseek_api.cc_assistant.tests.test_cc_matrix_gate_harness" name="test_first_sample_type_id" time="0.001" /><testcase classname="nextseek_api.cc_assistant.tests.test_cc_matrix_gate_harness" name="test_drift_pin_sample_create_contract_in_models_source" time="0.001" /><testcase classname="nextseek_api.cc_assistant.tests.test_cc_matrix_gate_harness" name="test_drift_pin_project_create_contract_in_models_source" time="0.001" /><testcase classname="nextseek_api.cc_assistant.tests.test_cc_matrix_gate_harness" name="test_drift_pin_create_viewset_actions_exist" time="0.001" /><testcase classname="nextseek_api.cc_assistant.tests.test_cc_matrix_gate_harness" name="test_payload_builders_emit_exactly_the_declared_shapes" time="0.001" /><testcase classname="nextseek_api.cc_assistant.tests.test_cc_matrix_gate_harness" name="test_harness_bin_ops_matches_validator_bin_ops" time="0.001" /><testcase classname="nextseek_api.cc_assistant.tests.test_cc_matrix_gate_harness" name="test_harness_exposes_all_public_names" time="0.001" /><testcase classname="nextseek_api.cc_assistant.tests.test_cc_memory_config" name="test_defaults" time="0.001" /><testcase classname="nextseek_api.cc_assistant.tests.test_cc_memory_config" name="test_env_overrides" time="0.001" /><testcase classname="nextseek_api.cc_assistant.tests.test_cc_memory_config" name="test_bad_int_env_falls_back_to_default" time="0.001" /><testcase classname="nextseek_api.cc_assistant.tests.test_cc_memory_config" name="test_container_path_constants" time="0.001" /><testcase classname="nextseek_api.cc_assistant.tests.test_cc_memory_io" name="test_write_memory_file_writes_then_clears" time="0.002" /><testcase classname="nextseek_api.cc_assistant.tests.test_cc_memory_io" name="test_stage_transcripts_copies_and_prunes" time="0.003" /><testcase classname="nextseek_api.cc_assistant.tests.test_cc_memory_io" name="test_stage_transcripts_none_when_empty" time="0.001" /><testcase classname="nextseek_api.cc_assistant.tests.test_cc_memory_render" name="test_fresh_session_renders_empty" time="0.001" /><testcase classname="nextseek_api.cc_assistant.tests.test_cc_memory_render" name="test_empty_window_renders_empty" time="0.001" /><testcase classname="nextseek_api.cc_assistant.tests.test_cc_memory_render" name="test_groups_by_category_and_lists_pointer_block" time="0.001" /><testcase classname="nextseek_api.cc_assistant.tests.test_cc_memory_render" name="test_unverified_items_are_flagged" time="0.001" /><testcase classname="nextseek_api.cc_assistant.tests.test_cc_memory_render" name="test_render_is_deterministic" time="0.001" /><testcase classname="nextseek_api.cc_assistant.tests.test_cc_memory_select" name="test_window_excludes_current_and_is_most_recent_first" time="0.001" /><testcase classname="nextseek_api.cc_assistant.tests.test_cc_memory_select" name="test_window_caps_at_size" time="0.001" /><testcase classname="nextseek_api.cc_assistant.tests.test_cc_memory_select" name="test_sync_target_is_most_recent_changed_non_current" time="0.001" /><testcase classname="nextseek_api.cc_assistant.tests.test_cc_memory_select" name="test_sync_target_none_when_nothing_changed" time="0.001" /><testcase classname="nextseek_api.cc_assistant.tests.test_cc_migration_grep_guard" name="test_legacy_config_symbols_are_gone_from_runtime_code" time="0.002" /><testcase classname="nextseek_api.cc_assistant.tests.test_cc_migration_grep_guard" name="test_legacy_projects_mount_constant_is_gone" time="0.001" /><testcase classname="nextseek_api.cc_assistant.tests.test_cc_newest_jsonl" name="test_newest_jsonl_respects_min_mtime" time="0.002" /><testcase classname="nextseek_api.cc_assistant.tests.test_cc_newest_jsonl" name="test_run_cc_turn_sets_turn_start_ts_before_container" time="0.001" /><testcase classname="nextseek_api.cc_assistant.tests.test_cc_newest_jsonl" name="test_cc_engine_actually_invokes_on_turn_complete" time="0.001" /><testcase classname="nextseek_api.cc_assistant.tests.test_cc_newest_jsonl" name="test_services_wires_append_cc_turn_complete_into_run_cc_turn" time="0.001" /><testcase classname="nextseek_api.cc_assistant.tests.test_cc_provision_input_mnt" name="test_input_mnt_uses_mount_root_and_matches_input_subpath_tail" time="0.001" /><testcase classname="nextseek_api.cc_assistant.tests.test_cc_provision_input_mnt" name="test_no_host_source_field_survives" time="0.001" /><testcase classname="nextseek_api.cc_assistant.tests.test_cc_provision_isolation" name="test_same_project_shares_shared_but_not_private_subpaths" time="0.001" /><testcase classname="nextseek_api.cc_assistant.tests.test_cc_provision_isolation" name="test_different_projects_are_fully_disjoint_including_shared" time="0.001" /><testcase classname="nextseek_api.cc_assistant.tests.test_cc_provision_isolation" name="test_private_and_shared_are_readonly_and_only_scratch_and_state_rw" time="0.001" /><testcase classname="nextseek_api.cc_assistant.tests.test_cc_provision_isolation" name="test_malicious_project_rejected_before_interpolation[..]" time="0.001" /><testcase classname="nextseek_api.cc_assistant.tests.test_cc_provision_isolation" name="test_malicious_project_rejected_before_interpolation[../x]" time="0.001" /><testcase classname="nextseek_api.cc_assistant.tests.test_cc_provision_isolation" name="test_malicious_project_rejected_before_interpolation[a/b]" time="0.001" /><testcase classname="nextseek_api.cc_assistant.tests.test_cc_provision_isolation" name="test_malicious_project_rejected_before_interpolation[]" time="0.001" /><testcase classname="nextseek_api.cc_assistant.tests.test_cc_provision_isolation" name="test_malicious_project_rejected_before_interpolation[a\x00b]" time="0.001" /><testcase classname="nextseek_api.cc_assistant.tests.test_cc_provision_isolation" name="test_malicious_user_rejected[..]" time="0.001" /><testcase classname="nextseek_api.cc_assistant.tests.test_cc_provision_isolation" name="test_malicious_user_rejected[../x]" time="0.001" /><testcase classname="nextseek_api.cc_assistant.tests.test_cc_provision_isolation" name="test_malicious_user_rejected[a/b]" time="0.001" /><testcase classname="nextseek_api.cc_assistant.tests.test_cc_provision_isolation" name="test_malicious_user_rejected[.]" time="0.001" /><testcase classname="nextseek_api.cc_assistant.tests.test_cc_provision_isolation" name="test_malicious_user_rejected[xxxxxxxxxxxxxxxxxxxxxxxxxxxxxxxxxxxxxxxxxxxxxxxxxxxxxxxxxxxxxxxxx]" time="0.001" /><testcase classname="nextseek_api.cc_assistant.tests.test_cc_provision_paths" name="test_subpaths_are_volume_relative_tails" time="0.001" /><testcase classname="nextseek_api.cc_assistant.tests.test_cc_provision_paths" name="test_mount_paths_use_the_container_mount_root" time="0.001" /><testcase classname="nextseek_api.cc_assistant.tests.test_cc_provision_paths" name="test_session_scoped_fields_are_none_without_session" time="0.001" /><testcase classname="nextseek_api.cc_assistant.tests.test_cc_provision_paths" name="test_missing_volume_or_root_fail_closed" time="0.001" /><testcase classname="nextseek_api.cc_assistant.tests.test_cc_provision_paths" name="test_builder_rejects_malicious_segments" time="0.001" /><testcase classname="nextseek_api.cc_assistant.tests.test_cc_provision_resolve" name="test_resolves_first_project_credentialed" time="0.001" /><testcase classname="nextseek_api.cc_assistant.tests.test_cc_provision_resolve" name="test_empty_membership_falls_back_to_personal_namespace" time="0.001" /><testcase classname="nextseek_api.cc_assistant.tests.test_cc_provision_resolve" name="test_seek_outage_fails_closed" time="0.001" /><testcase classname="nextseek_api.cc_assistant.tests.test_cc_provision_resolve" name="test_malformed_membership_fails_closed" time="0.001" /><testcase classname="nextseek_api.cc_assistant.tests.test_cc_provision_resolve" name="test_malformed_falsy_membership_fails_closed[None]" time="0.001" /><testcase classname="nextseek_api.cc_assistant.tests.test_cc_provision_resolve" name="test_malformed_falsy_membership_fails_closed[membership1]" time="0.001" /><testcase classname="nextseek_api.cc_assistant.tests.test_cc_provision_resolve" name="test_malformed_falsy_membership_fails_closed[]" time="0.001" /><testcase classname="nextseek_api.cc_assistant.tests.test_cc_provision_resolve" name="test_missing_project_id_fails_closed[membership0]" time="0.001" /><testcase classname="nextseek_api.cc_assistant.tests.test_cc_provision_resolve" name="test_missing_project_id_fails_closed[membership1]" time="0.001" /><testcase classname="nextseek_api.cc_assistant.tests.test_cc_provision_resolve" name="test_missing_project_title_fails_closed" time="0.001" /><testcase classname="nextseek_api.cc_assistant.tests.test_cc_provision_resolve" name="test_malicious_project_id_fails_closed[../42]" time="0.001" /><testcase classname="nextseek_api.cc_assistant.tests.test_cc_provision_resolve" name="test_malicious_project_id_fails_closed[a/b]" time="0.001" /><testcase classname="nextseek_api.cc_assistant.tests.test_cc_provision_resolve" name="test_malicious_project_id_fails_closed[.]" time="0.001" /><testcase classname="nextseek_api.cc_assistant.tests.test_cc_provision_resolve" name="test_malicious_project_id_fails_closed[..]" time="0.001" /><testcase classname="nextseek_api.cc_assistant.tests.test_cc_provision_resolve" name="test_malicious_project_id_fails_closed[]" time="0.001" /><testcase classname="nextseek_api.cc_assistant.tests.test_cc_provision_resolve" name="test_malicious_personal_namespace_fails_closed" time="0.001" /><testcase classname="nextseek_api.cc_assistant.tests.test_cc_provision_resolve" name="test_custom_personal_prefix" time="0.001" /><testcase classname="nextseek_api.cc_assistant.tests.test_cc_provision_slug" name="test_slugify_project_rule[Liver Tox (NDMA) study-liver-tox-ndma-study]" time="0.001" /><testcase classname="nextseek_api.cc_assistant.tests.test_cc_provision_slug" name="test_slugify_project_rule[Already-slugged-already-slugged]" time="0.001" /><testcase classname="nextseek_api.cc_assistant.tests.test_cc_provision_slug" name="test_slugify_project_rule[   leading/trailing   -leading-trailing]" time="0.001" /><testcase classname="nextseek_api.cc_assistant.tests.test_cc_provision_slug" name="test_slugify_project_rule[UPPER_case__Mix-upper-case-mix]" time="0.001" /><testcase classname="nextseek_api.cc_assistant.tests.test_cc_provision_slug" name="test_slugify_project_rule[a..b//c-a-b-c]" time="0.001" /><testcase classname="nextseek_api.cc_assistant.tests.test_cc_provision_slug" name="test_slugify_project_rule[cafe deja-cafe-deja]" time="0.001" /><testcase classname="nextseek_api.cc_assistant.tests.test_cc_provision_slug" name="test_slugify_project_rule[cafe\u0301 de\u0301ja\u0300-cafe-deja]" time="0.001" /><testcase classname="nextseek_api.cc_assistant.tests.test_cc_provision_slug" name="test_slugify_project_rule[!!!-]" time="0.001" /><testcase classname="nextseek_api.cc_assistant.tests.test_cc_provision_slug" name="test_slugify_project_rule[-]" time="0.001" /><testcase classname="nextseek_api.cc_assistant.tests.test_cc_provision_slug" name="test_slugify_project_is_deterministic" time="0.001" /><testcase classname="nextseek_api.cc_assistant.tests.test_cc_provision_slug" name="test_project_identity_dirname" time="0.001" /><testcase classname="nextseek_api.cc_assistant.tests.test_cc_provision_slug" name="test_project_identity_dirname_with_degenerate_slug" time="0.001" /><testcase classname="nextseek_api.cc_assistant.tests.test_cc_service_source_guards" name="test_project_resolution_uses_user_creds_not_prod_swapped_agent_creds" time="0.001" /><testcase classname="nextseek_api.cc_assistant.tests.test_cc_service_source_guards" name="test_cc_view_does_not_use_static_participating_project_permission" time="0.001" /><testcase classname="nextseek_api.cc_assistant.tests.test_cc_service_source_guards" name="test_session_project_dirname_is_initialized_not_overwritten" time="0.001" /><testcase classname="nextseek_api.cc_assistant.tests.test_cc_session" name="test_resume_id_returns_stored_cc_session_id" time="0.001" /><testcase classname="nextseek_api.cc_assistant.tests.test_cc_session" name="test_resume_id_none_when_absent_or_empty_or_not_mapping" time="0.001" /><testcase classname="nextseek_api.cc_assistant.tests.test_cc_session" name="test_sniffer_forwards_every_event_unchanged" time="0.001" /><testcase classname="nextseek_api.cc_assistant.tests.test_cc_session" name="test_sniffer_captures_cc_session_id_once_per_change" time="0.001" /><testcase classname="nextseek_api.cc_assistant.tests.test_cc_session" name="test_sniffer_ignores_missing_or_blank_id" time="0.001" /><testcase classname="nextseek_api.cc_assistant.tests.test_cc_session" name="test_store_has_transcripts_false_when_missing" time="0.003" /><testcase classname="nextseek_api.cc_assistant.tests.test_cc_session" name="test_store_has_transcripts_false_when_projects_empty" time="0.001" /><testcase classname="nextseek_api.cc_assistant.tests.test_cc_session" name="test_store_has_transcripts_true_with_a_jsonl" time="0.002" /><testcase classname="nextseek_api.cc_assistant.tests.test_cc_staging_sweep" name="test_fresh_complete_artifact_surfaces_in_same_turn_publish_set" time="0.003" /><testcase classname="nextseek_api.cc_assistant.tests.test_cc_staging_sweep" name="test_non_complete_dir_is_not_swept" time="0.002" /><testcase classname="nextseek_api.cc_assistant.tests.test_cc_staging_sweep" name="test_older_stray_not_attributed_in_turn_but_recovered_standalone" time="0.003" /><testcase classname="nextseek_api.cc_assistant.tests.test_cc_staging_sweep" name="test_delivery_scoped_to_caller_identity_not_staged_content" time="0.003" /><testcase classname="nextseek_api.cc_assistant.tests.test_cc_staging_sweep" name="test_foreign_users_staging_invisible_to_this_caller" time="0.002" /><testcase classname="nextseek_api.cc_assistant.tests.test_cc_staging_sweep" name="test_invalid_identity_rejected[a/../b-alice-42-proj]" time="0.001" /><testcase classname="nextseek_api.cc_assistant.tests.test_cc_staging_sweep" name="test_invalid_identity_rejected[..-alice-42-proj]" time="0.001" /><testcase classname="nextseek_api.cc_assistant.tests.test_cc_staging_sweep" name="test_invalid_identity_rejected[-alice-42-proj]" time="0.001" /><testcase classname="nextseek_api.cc_assistant.tests.test_cc_staging_sweep" name="test_invalid_identity_rejected[alice@mit.edu-../evil-42-proj]" time="0.001" /><testcase classname="nextseek_api.cc_assistant.tests.test_cc_staging_sweep" name="test_invalid_identity_rejected[alice@mit.edu-a/b-42-proj]" time="0.002" /><testcase classname="nextseek_api.cc_assistant.tests.test_cc_staging_sweep" name="test_invalid_identity_rejected[alice@mit.edu-alice-../../etc]" time="0.001" /><testcase classname="nextseek_api.cc_assistant.tests.test_cc_staging_sweep" name="test_invalid_identity_rejected[alice@mit.edu-alice-a/b]" time="0.002" /><testcase classname="nextseek_api.cc_assistant.tests.test_cc_staging_sweep" name="test_invalid_identity_rejected[alice@mit.edu-alice-..]" time="0.001" /><testcase classname="nextseek_api.cc_assistant.tests.test_cc_staging_sweep" name="test_symlinked_staged_file_is_skipped" time="0.003" /><testcase classname="nextseek_api.cc_assistant.tests.test_cc_staging_sweep" name="test_symlinked_request_dir_is_refused" time="0.003" /><testcase classname="nextseek_api.cc_assistant.tests.test_cc_staging_sweep" name="test_safe_rel_and_within_guards" time="0.003" /><testcase classname="nextseek_api.cc_assistant.tests.test_cc_staging_sweep" name="test_dotdot_named_request_marker_cannot_escape_hashed_base" time="0.002" /><testcase classname="nextseek_api.cc_assistant.tests.test_cc_staging_sweep" name="test_non_canonical_request_id_marker_refused[..]" time="0.002" /><testcase classname="nextseek_api.cc_assistant.tests.test_cc_staging_sweep" name="test_non_canonical_request_id_marker_refused[evil]" time="0.002" /><testcase classname="nextseek_api.cc_assistant.tests.test_cc_staging_sweep" name="test_non_canonical_request_id_marker_refused[AAAAAAAA-1111-1111-1111-111111111111]" time="0.004" /><testcase classname="nextseek_api.cc_assistant.tests.test_cc_staging_sweep" name="test_non_canonical_request_id_marker_refused[11111111111111111111111111111111]" time="0.004" /><testcase classname="nextseek_api.cc_assistant.tests.test_cc_staging_sweep" name="test_nested_relpath_preserved_within_subtree" time="0.003" /><testcase classname="nextseek_api.cc_assistant.tests.test_cc_staging_sweep" name="test_dest_artifacts_dir_symlink_to_foreign_tree_refused" time="0.003" /><testcase classname="nextseek_api.cc_assistant.tests.test_cc_staging_sweep" name="test_dest_nested_dir_symlink_to_foreign_tree_refused" time="0.003" /><testcase classname="nextseek_api.cc_assistant.tests.test_cc_staging_sweep" name="test_dest_nested_dangling_symlink_refused" time="0.002" /><testcase classname="nextseek_api.cc_assistant.tests.test_cc_staging_sweep" name="test_dest_leaf_symlink_refused_not_followed" time="0.002" /><testcase classname="nextseek_api.cc_assistant.tests.test_cc_staging_sweep" name="test_cleanup_removes_swept_dir_and_marker" time="0.003" /><testcase classname="nextseek_api.cc_assistant.tests.test_cc_staging_sweep" name="test_collision_is_disambiguated_never_clobbers" time="0.002" /><testcase classname="nextseek_api.cc_assistant.tests.test_cc_staging_sweep" name="test_missing_staging_root_is_noop" time="0.001" /><testcase classname="nextseek_api.cc_assistant.tests.test_cc_staging_sweep" name="test_user_hash_matches_ported_sidecar_contract" time="0.001" /><testcase classname="nextseek_api.cc_assistant.tests.test_cc_staging_sweep" name="test_reserved_staging_name_never_a_project_dirname" time="0.001" /><testcase classname="nextseek_api.cc_assistant.tests.test_cc_staging_sweep" name="test_staging_root_for_derivation" time="0.001" /><testcase classname="nextseek_api.cc_assistant.tests.test_cc_staging_sweep" name="test_management_command_recovery_delivers_all" time="0.006" /><testcase classname="nextseek_api.cc_assistant.tests.test_cc_staging_sweep" name="test_management_command_rejects_traversal_identity" time="0.002" /><testcase classname="nextseek_api.cc_assistant.tests.test_cc_summary_classify" name="test_classify_bash_write_edit_read_skill_other" time="0.001" /><testcase classname="nextseek_api.cc_assistant.tests.test_cc_summary_grounding" name="test_verify_quote_present_in_range" time="0.001" /><testcase classname="nextseek_api.cc_assistant.tests.test_cc_summary_grounding" name="test_verify_quote_absent_returns_false" time="0.001" /><testcase classname="nextseek_api.cc_assistant.tests.test_cc_summary_grounding" name="test_verify_quote_spanning_two_lines" time="0.001" /><testcase classname="nextseek_api.cc_assistant.tests.test_cc_summary_grounding" name="test_verify_quote_out_of_range_false" time="0.001" /><testcase classname="nextseek_api.cc_assistant.tests.test_cc_summary_grounding" name="test_fingerprint_and_change_detection" time="0.001" /><testcase classname="nextseek_api.cc_assistant.tests.test_cc_summary_grounding" name="test_apply_grounding_sets_verified_flags_keeps_unverified" time="0.001" /><testcase classname="nextseek_api.cc_assistant.tests.test_cc_summary_parse" name="test_line_count_and_turn_count" time="0.001" /><testcase classname="nextseek_api.cc_assistant.tests.test_cc_summary_parse" name="test_blank_and_malformed_lines_counted_not_crash" time="0.001" /><testcase classname="nextseek_api.cc_assistant.tests.test_cc_summary_parse" name="test_actions_view_numbers_bash_and_writes" time="0.001" /><testcase classname="nextseek_api.cc_assistant.tests.test_cc_summary_parse" name="test_actions_view_truncates_tool_result" time="0.001" /><testcase classname="nextseek_api.cc_assistant.tests.test_cc_summary_summarize" name="test_fallback_builds_grounded_summary" time="0.001" /><testcase classname="nextseek_api.cc_assistant.tests.test_cc_summary_summarize" name="test_summarize_uses_injected_fn_then_grounds" time="0.001" /><testcase classname="nextseek_api.cc_assistant.tests.test_cc_summary_summarize" name="test_summarize_falls_back_on_summarizer_error" time="0.001" /><testcase classname="nextseek_api.cc_assistant.tests.test_cc_summary_types" name="test_session_summary_fields" time="0.001" /><testcase classname="nextseek_api.cc_assistant.tests.test_cc_summary_types" name="test_memory_item_and_evidence_fields" time="0.001" /><testcase classname="nextseek_api.cc_assistant.tests.test_cc_summary_types" name="test_summarize_input_fields" time="0.001" /><testcase classname="nextseek_api.cc_assistant.tests.test_cc_summary_types" name="test_enums_have_expected_members" time="0.001" /><testcase classname="nextseek_api.cc_assistant.tests.test_cc_summary_types" name="test_can_construct_minimal_summary" time="0.001" /><testcase classname="nextseek_api.cc_assistant.tests.test_cc_sweep_select" name="test_selects_idle_and_changed_only" time="0.001" /><testcase classname="nextseek_api.cc_assistant.tests.test_cc_sweep_select" name="test_empty_when_none_qualify" time="0.001" /><testcase classname="nextseek_api.cc_assistant.tests.test_cc_trace" name="test_envelope_counts_reuse_parsed_transcript" time="0.001" /><testcase classname="nextseek_api.cc_assistant.tests.test_cc_trace" name="test_steps_have_granular_kind_line_and_tools_tally" time="0.001" /><testcase classname="nextseek_api.cc_assistant.tests.test_cc_trace" name="test_action_from_diff_and_status_from_tool_result" time="0.001" /><testcase classname="nextseek_api.cc_assistant.tests.test_cc_trace" name="test_unknown_record_type_does_not_crash" time="0.001" /><testcase classname="nextseek_api.cc_assistant.tests.test_cc_trace" name="test_result_meta_is_surfaced_and_distinct_from_turn_count" time="0.001" /><testcase classname="nextseek_api.cc_assistant.tests.test_cc_trace" name="test_multitool_trace_kinds" time="0.001" /><testcase classname="nextseek_api.cc_assistant.tests.test_cc_transcript_store" name="test_round_trip_is_byte_identical" time="0.001" /><testcase classname="nextseek_api.cc_assistant.tests.test_cc_transcript_store" name="test_compression_actually_shrinks_repetitive_jsonl" time="0.002" /><testcase classname="nextseek_api.cc_assistant.tests.test_cc_transcript_store" name="test_empty_round_trips" time="0.001" /><testcase classname="nextseek_api.cc_assistant.tests.test_cc_transcript_store" name="test_decompress_bomb_is_bounded" time="0.016" /><testcase classname="nextseek_api.cc_assistant.tests.test_cc_transcript_store" name="test_ccsessiontranscript_model_shape" time="0.001" /><testcase classname="nextseek_api.cc_assistant.tests.test_cc_upload_list" name="test_list_input_files_sorted_basenames" time="0.002" /><testcase classname="nextseek_api.cc_assistant.tests.test_cc_upload_list" name="test_list_input_files_missing_dir_returns_empty" time="0.001" /><testcase classname="nextseek_api.cc_assistant.tests.test_cc_upload_validate" name="test_accepts_plain_filenames[data.csv]" time="0.001" /><testcase classname="nextseek_api.cc_assistant.tests.test_cc_upload_validate" name="test_accepts_plain_filenames[report 1.xlsx]" time="0.001" /><testcase classname="nextseek_api.cc_assistant.tests.test_cc_upload_validate" name="test_accepts_plain_filenames[a_b-c.txt]" time="0.001" /><testcase classname="nextseek_api.cc_assistant.tests.test_cc_upload_validate" name="test_rejects_traversal_and_separators[../etc/passwd]" time="0.001" /><testcase classname="nextseek_api.cc_assistant.tests.test_cc_upload_validate" name="test_rejects_traversal_and_separators[a/b.txt]" time="0.001" /><testcase classname="nextseek_api.cc_assistant.tests.test_cc_upload_validate" name="test_rejects_traversal_and_separators[/abs.txt]" time="0.001" /><testcase classname="nextseek_api.cc_assistant.tests.test_cc_upload_validate" name="test_rejects_traversal_and_separators[]" time="0.001" /><testcase classname="nextseek_api.cc_assistant.tests.test_cc_upload_validate" name="test_rejects_traversal_and_separators[x\x00y]" time="0.001" /><testcase classname="nextseek_api.cc_assistant.tests.test_cc_upload_validate" name="test_rejects_traversal_and_separators[..]" time="0.001" /><testcase classname="nextseek_api.cc_assistant.tests.test_cc_volume_subpath" name="test_build_volumes_returns_list_of_mounts_not_a_dict" time="0.001" /><testcase classname="nextseek_api.cc_assistant.tests.test_cc_volume_subpath" name="test_every_mount_uses_nested_pascalcase_subpath_key" time="0.001" /><testcase classname="nextseek_api.cc_assistant.tests.test_cc_volume_subpath" name="test_each_mount_has_its_own_exact_enumerated_subpath[/data/input-proj/alice/input]" time="0.001" /><testcase classname="nextseek_api.cc_assistant.tests.test_cc_volume_subpath" name="test_each_mount_has_its_own_exact_enumerated_subpath[/data/scratch-proj/alice/scratch]" time="0.001" /><testcase classname="nextseek_api.cc_assistant.tests.test_cc_volume_subpath" name="test_each_mount_has_its_own_exact_enumerated_subpath[/data/shared-proj/shared]" time="0.001" /><testcase classname="nextseek_api.cc_assistant.tests.test_cc_volume_subpath" name="test_each_mount_has_its_own_exact_enumerated_subpath[/home/user/.cc-memory/transcripts-proj/alice/_memory/sess/transcripts]" time="0.001" /><testcase classname="nextseek_api.cc_assistant.tests.test_cc_volume_subpath" name="test_each_mount_has_its_own_exact_enumerated_subpath[/home/user/.claude-proj/alice/cc-state/sess]" time="0.001" /><testcase classname="nextseek_api.cc_assistant.tests.test_cc_volume_subpath" name="test_each_mount_has_its_locked_read_only_flag[/data/input-True]" time="0.001" /><testcase classname="nextseek_api.cc_assistant.tests.test_cc_volume_subpath" name="test_each_mount_has_its_locked_read_only_flag[/data/scratch-False]" time="0.001" /><testcase classname="nextseek_api.cc_assistant.tests.test_cc_volume_subpath" name="test_each_mount_has_its_locked_read_only_flag[/data/shared-True]" time="0.001" /><testcase classname="nextseek_api.cc_assistant.tests.test_cc_volume_subpath" name="test_each_mount_has_its_locked_read_only_flag[/home/user/.cc-memory/transcripts-True]" time="0.001" /><testcase classname="nextseek_api.cc_assistant.tests.test_cc_volume_subpath" name="test_each_mount_has_its_locked_read_only_flag[/home/user/.claude-False]" time="0.001" /><testcase classname="nextseek_api.cc_assistant.tests.test_cc_volume_subpath" name="test_spawn_set_has_no_unenumerated_mount" time="0.001" /><testcase classname="nextseek_api.cc_assistant.tests.test_cc_volume_subpath" name="test_the_gate_passes_on_the_real_unmutated_spawn_set" time="0.001" /><testcase classname="nextseek_api.cc_assistant.tests.test_cc_volume_subpath" name="test_per_mount_rejects_empty_root_or_constant_subpath[-/data/input-proj/alice/input]" time="0.001" /><testcase classname="nextseek_api.cc_assistant.tests.test_cc_volume_subpath" name="test_per_mount_rejects_empty_root_or_constant_subpath[-/data/scratch-proj/alice/scratch]" time="0.001" /><testcase classname="nextseek_api.cc_assistant.tests.test_cc_volume_subpath" name="test_per_mount_rejects_empty_root_or_constant_subpath[-/data/shared-proj/shared]" time="0.001" /><testcase classname="nextseek_api.cc_assistant.tests.test_cc_volume_subpath" name="test_per_mount_rejects_empty_root_or_constant_subpath[-/home/user/.cc-memory/transcripts-proj/alice/_memory/sess/transcripts]" time="0.001" /><testcase classname="nextseek_api.cc_assistant.tests.test_cc_volume_subpath" name="test_per_mount_rejects_empty_root_or_constant_subpath[-/home/user/.claude-proj/alice/cc-state/sess]" time="0.001" /><testcase classname="nextseek_api.cc_assistant.tests.test_cc_volume_subpath" name="test_per_mount_rejects_empty_root_or_constant_subpath[/-/data/input-proj/alice/input]" time="0.001" /><testcase classname="nextseek_api.cc_assistant.tests.test_cc_volume_subpath" name="test_per_mount_rejects_empty_root_or_constant_subpath[/-/data/scratch-proj/alice/scratch]" time="0.001" /><testcase classname="nextseek_api.cc_assistant.tests.test_cc_volume_subpath" name="test_per_mount_rejects_empty_root_or_constant_subpath[/-/data/shared-proj/shared]" time="0.001" /><testcase classname="nextseek_api.cc_assistant.tests.test_cc_volume_subpath" name="test_per_mount_rejects_empty_root_or_constant_subpath[/-/home/user/.cc-memory/transcripts-proj/alice/_memory/sess/transcripts]" time="0.001" /><testcase classname="nextseek_api.cc_assistant.tests.test_cc_volume_subpath" name="test_per_mount_rejects_empty_root_or_constant_subpath[/-/home/user/.claude-proj/alice/cc-state/sess]" time="0.001" /><testcase classname="nextseek_api.cc_assistant.tests.test_cc_volume_subpath" name="test_per_mount_rejects_empty_root_or_constant_subpath[.-/data/input-proj/alice/input]" time="0.001" /><testcase classname="nextseek_api.cc_assistant.tests.test_cc_volume_subpath" name="test_per_mount_rejects_empty_root_or_constant_subpath[.-/data/scratch-proj/alice/scratch]" time="0.001" /><testcase classname="nextseek_api.cc_assistant.tests.test_cc_volume_subpath" name="test_per_mount_rejects_empty_root_or_constant_subpath[.-/data/shared-proj/shared]" time="0.001" /><testcase classname="nextseek_api.cc_assistant.tests.test_cc_volume_subpath" name="test_per_mount_rejects_empty_root_or_constant_subpath[.-/home/user/.cc-memory/transcripts-proj/alice/_memory/sess/transcripts]" time="0.001" /><testcase classname="nextseek_api.cc_assistant.tests.test_cc_volume_subpath" name="test_per_mount_rejects_empty_root_or_constant_subpath[.-/home/user/.claude-proj/alice/cc-state/sess]" time="0.001" /><testcase classname="nextseek_api.cc_assistant.tests.test_cc_volume_subpath" name="test_per_mount_rejects_empty_root_or_constant_subpath[proj-/data/input-proj/alice/input]" time="0.001" /><testcase classname="nextseek_api.cc_assistant.tests.test_cc_volume_subpath" name="test_per_mount_rejects_empty_root_or_constant_subpath[proj-/data/scratch-proj/alice/scratch]" time="0.001" /><testcase classname="nextseek_api.cc_assistant.tests.test_cc_volume_subpath" name="test_per_mount_rejects_empty_root_or_constant_subpath[proj-/data/shared-proj/shared]" time="0.001" /><testcase classname="nextseek_api.cc_assistant.tests.test_cc_volume_subpath" name="test_per_mount_rejects_empty_root_or_constant_subpath[proj-/home/user/.cc-memory/transcripts-proj/alice/_memory/sess/transcripts]" time="0.001" /><testcase classname="nextseek_api.cc_assistant.tests.test_cc_volume_subpath" name="test_per_mount_rejects_empty_root_or_constant_subpath[proj-/home/user/.claude-proj/alice/cc-state/sess]" time="0.001" /><testcase classname="nextseek_api.cc_assistant.tests.test_cc_volume_subpath" name="test_per_mount_rejects_empty_root_or_constant_subpath[dmac-cc-users-/data/input-proj/alice/input]" time="0.001" /><testcase classname="nextseek_api.cc_assistant.tests.test_cc_volume_subpath" name="test_per_mount_rejects_empty_root_or_constant_subpath[dmac-cc-users-/data/scratch-proj/alice/scratch]" time="0.001" /><testcase classname="nextseek_api.cc_assistant.tests.test_cc_volume_subpath" name="test_per_mount_rejects_empty_root_or_constant_subpath[dmac-cc-users-/data/shared-proj/shared]" time="0.001" /><testcase classname="nextseek_api.cc_assistant.tests.test_cc_volume_subpath" name="test_per_mount_rejects_empty_root_or_constant_subpath[dmac-cc-users-/home/user/.cc-memory/transcripts-proj/alice/_memory/sess/transcripts]" time="0.001" /><testcase classname="nextseek_api.cc_assistant.tests.test_cc_volume_subpath" name="test_per_mount_rejects_empty_root_or_constant_subpath[dmac-cc-users-/home/user/.claude-proj/alice/cc-state/sess]" time="0.001" /><testcase classname="nextseek_api.cc_assistant.tests.test_cc_volume_subpath" name="test_per_mount_rejects_empty_root_or_constant_subpath[other/constant-/data/input-proj/alice/input]" time="0.001" /><testcase classname="nextseek_api.cc_assistant.tests.test_cc_volume_subpath" name="test_per_mount_rejects_empty_root_or_constant_subpath[other/constant-/data/scratch-proj/alice/scratch]" time="0.001" /><testcase classname="nextseek_api.cc_assistant.tests.test_cc_volume_subpath" name="test_per_mount_rejects_empty_root_or_constant_subpath[other/constant-/data/shared-proj/shared]" time="0.001" /><testcase classname="nextseek_api.cc_assistant.tests.test_cc_volume_subpath" name="test_per_mount_rejects_empty_root_or_constant_subpath[other/constant-/home/user/.cc-memory/transcripts-proj/alice/_memory/sess/transcripts]" time="0.001" /><testcase classname="nextseek_api.cc_assistant.tests.test_cc_volume_subpath" name="test_per_mount_rejects_empty_root_or_constant_subpath[other/constant-/home/user/.claude-proj/alice/cc-state/sess]" time="0.001" /><testcase classname="nextseek_api.cc_assistant.tests.test_cc_volume_subpath" name="test_shared_is_enumerated_and_guarded_even_though_project_scoped" time="0.001" /><testcase classname="nextseek_api.cc_assistant.tests.test_cc_volume_subpath" name="test_cc_state_mount_omitted_without_key" time="0.001" /><testcase classname="nextseek_api.cc_assistant.tests.test_cc_volume_subpath" name="test_transcripts_mount_omitted_without_subpath" time="0.001" /><testcase classname="nextseek_api.cc_assistant.tests.test_cc_volume_subpath" name="test_no_claude_md_file_bind_target_exists" time="0.001" /><testcase classname="nextseek_api.cc_assistant.tests.test_cc_volume_subpath" name="test_no_host_path_sources_only_the_named_volume" time="0.001" /><testcase classname="nextseek_api.cc_assistant.tests.test_cc_volume_subpath" name="test_two_users_same_project_share_shared_but_not_private" time="0.001" /><testcase classname="nextseek_api.cc_assistant.tests.test_cc_volume_subpath" name="test_different_projects_fully_disjoint_including_shared" time="0.001" /><testcase classname="nextseek_api.cc_assistant.tests.test_cc_volume_subpath" name="test_mount_volume_subpath_helper_emits_engine_api_shape" time="0.001" /><testcase classname="nextseek_api.cc_assistant.tests.test_cc_volume_subpath" name="test_run_kwargs_uses_mounts_not_volumes" time="0.001" /><testcase classname="nextseek_api.cc_assistant.tests.test_cc_volume_subpath" name="test_preflight_subpath_dirs_ok_when_all_present" time="0.002" /><testcase classname="nextseek_api.cc_assistant.tests.test_cc_volume_subpath" name="test_preflight_subpath_dirs_errors_when_transcripts_child_missing" time="0.002" /><testcase classname="nextseek_api.cc_assistant.tests.test_cc_volume_subpath" name="test_preflight_errors_when_any_single_subpath_dir_missing[proj/alice/input]" time="0.002" /><testcase classname="nextseek_api.cc_assistant.tests.test_cc_volume_subpath" name="test_preflight_errors_when_any_single_subpath_dir_missing[proj/shared]" time="0.002" /><testcase classname="nextseek_api.cc_assistant.tests.test_cc_volume_subpath" name="test_preflight_errors_when_any_single_subpath_dir_missing[proj/alice/scratch]" time="0.002" /><testcase classname="nextseek_api.cc_assistant.tests.test_cc_volume_subpath" name="test_preflight_errors_when_any_single_subpath_dir_missing[proj/alice/cc-state/sess]" time="0.002" /><testcase classname="nextseek_api.cc_assistant.tests.test_cc_volume_subpath" name="test_preflight_errors_when_any_single_subpath_dir_missing[proj/alice/_memory/sess/transcripts]" time="0.006" /><testcase classname="nextseek_api.cc_assistant.tests.test_cc_volume_subpath" name="test_preflight_errors_on_empty_subpath_mount" time="0.001" /><testcase classname="nextseek_api.cc_assistant.tests.test_cc_volume_subpath" name="test_containers_run_receives_mounts_list_never_volumes" time="0.003" /><testcase classname="nextseek_api.cc_assistant.tests.test_cc_volume_subpath" name="test_run_cc_turn_provisions_every_mount_backing_subpath" time="0.003" /><testcase classname="nextseek_api.cc_assistant.tests.test_cc_volume_subpath" name="test_merged_claude_md_byte_copied_into_cc_state_subpath" time="0.003" /><testcase classname="nextseek_api.cc_assistant.tests.test_cc_volume_subpath" name="test_merged_claude_md_never_lands_at_nested_dot_claude_path" time="0.003" /><testcase classname="nextseek_api.cc_assistant.tests.test_cc_volume_subpath" name="test_path_mappings_env_uses_locked_logical_root_schema" time="0.003" /><testcase classname="nextseek_api.cc_assistant.tests.test_cc_volume_subpath" name="test_grep_guard_no_host_user_root_in_any_runtime_module" time="0.003" /><testcase classname="nextseek_api.cc_assistant.tests.test_cc_volume_subpath" name="test_grep_guard_spawn_path_never_passes_volumes" time="0.001" /><testcase classname="nextseek_api.cc_assistant.tests.test_cc_volume_subpath" name="test_grep_guard_engine_uses_logical_root_not_host_root" time="0.001" /><testcase classname="nextseek_api.cc_assistant.tests.test_cc_volume_subpath" name="test_grep_guard_run_kwargs_docstring_names_segmented_net_not_compose_net" time="0.001" /><testcase classname="nextseek_api.cc_assistant.tests.test_cc_volume_subpath" name="test_grep_guard_compose_never_reintroduces_srv_dmac_host_bind" time="0.001" /><testcase classname="nextseek_api.cc_assistant.tests.test_cc_volume_subpath" name="test_compose_declares_dmac_cc_users_external_volume" time="0.001" /><testcase classname="nextseek_api.cc_assistant.tests.test_compose_db_healthcheck" name="test_db_service_has_healthcheck" time="0.021" /><testcase classname="nextseek_api.cc_assistant.tests.test_compose_db_healthcheck" name="test_nextseek_depends_on_db_condition_service_healthy" time="0.019" /><testcase classname="nextseek_api.cc_assistant.tests.test_compose_db_healthcheck" name="test_db_healthcheck_is_not_trivially_green" time="0.019" /><testcase classname="nextseek_api.cc_assistant.tests.test_compose_db_healthcheck" name="test_db_healthcheck_is_credential_free" time="0.020" /><testcase classname="nextseek_api.cc_assistant.tests.test_deploy_docs_guard" name="test_no_retired_bootstrap_anywhere[DEPLOY.md]" time="0.002" /><testcase classname="nextseek_api.cc_assistant.tests.test_deploy_docs_guard" name="test_no_retired_bootstrap_anywhere[DEPLOYMENT.md]" time="0.003" /><testcase classname="nextseek_api.cc_assistant.tests.test_deploy_docs_guard" name="test_no_legacy_host_path_prep[DEPLOY.md]" time="0.001" /><testcase classname="nextseek_api.cc_assistant.tests.test_deploy_docs_guard" name="test_no_legacy_host_path_prep[DEPLOYMENT.md]" time="0.001" /><testcase classname="nextseek_api.cc_assistant.tests.test_deploy_docs_guard" name="test_deploy_md_procedure_requires_startup_install" time="0.002" /><testcase classname="nextseek_api.cc_assistant.tests.test_deploy_docs_guard" name="test_deployment_md_requires_startup_install" time="0.001" /><testcase classname="nextseek_api.cc_assistant.tests.test_deploy_docs_guard" name="test_forbidden_patterns_catch_known_evasions[docker network \\\u2424  create dmac-cc-net]" time="0.001" /><testcase classname="nextseek_api.cc_assistant.tests.test_deploy_docs_guard" name="test_forbidden_patterns_catch_known_evasions[docker network \\\u2424    connect --alias nextsee]" time="0.001" /><testcase classname="nextseek_api.cc_assistant.tests.test_deploy_docs_guard" name="test_forbidden_patterns_catch_known_evasions[docker buildx build \\\u2424  --platform=linux/amd]" time="0.001" /><testcase classname="nextseek_api.cc_assistant.tests.test_deploy_docs_guard" name="test_forbidden_patterns_catch_known_evasions[docker build \\\u2424  -t dmac-assistant:poc ~/dma]" time="0.001" /><testcase classname="nextseek_api.cc_assistant.tests.test_deploy_docs_guard" name="test_forbidden_patterns_catch_known_evasions[cd ~/dmac-assistant &amp;&amp; make image-build]" time="0.001" /><testcase classname="nextseek_api.cc_assistant.tests.test_deploy_docs_guard" name="test_forbidden_patterns_catch_known_evasions[make proxy-build]" time="0.001" /><testcase classname="nextseek_api.cc_assistant.tests.test_deploy_docs_guard" name="test_forbidden_patterns_catch_known_evasions[**Phase A: build the proxy**]" time="0.001" /><testcase classname="nextseek_api.cc_assistant.tests.test_deploy_docs_guard" name="test_forbidden_patterns_catch_known_evasions[the old Phases A/B bootstrap]" time="0.001" /><testcase classname="nextseek_api.cc_assistant.tests.test_deploy_docs_guard" name="test_forbidden_patterns_catch_known_evasions[TOK=$(docker exec nextseek printenv AWS_BEAR]" time="0.001" /><testcase classname="nextseek_api.cc_assistant.tests.test_deploy_docs_guard" name="test_forbidden_patterns_catch_known_evasions[docker exec dmac-bedrock-proxy env | grep AW]" time="0.001" /><testcase classname="nextseek_api.cc_assistant.tests.test_deploy_docs_guard" name="test_forbidden_patterns_catch_known_evasions[docker exec nextseek sh -c 'echo $AWS_BEARER]" time="0.001" /><testcase classname="nextseek_api.cc_assistant.tests.test_deploy_docs_guard" name="test_forbidden_patterns_catch_known_evasions[docker inspect dmac-bedrock-proxy --format ']" time="0.001" /><testcase classname="nextseek_api.cc_assistant.tests.test_deploy_docs_guard" name="test_guard_does_not_flag_legitimate_content" time="0.001" /><testcase classname="nextseek_api.cc_assistant.tests.test_deploy_docs_guard" name="test_docs_point_at_each_other" time="0.001" /><testcase classname="nextseek_api.cc_assistant.tests.test_django_debug_env" name="test_debug_stays_off[None]" time="0.001" /><testcase classname="nextseek_api.cc_assistant.tests.test_django_debug_env" name="test_debug_stays_off[]" time="0.001" /><testcase classname="nextseek_api.cc_assistant.tests.test_django_debug_env" name="test_debug_stays_off[False]" time="0.001" /><testcase classname="nextseek_api.cc_assistant.tests.test_django_debug_env" name="test_debug_stays_off[false]" time="0.001" /><testcase classname="nextseek_api.cc_assistant.tests.test_django_debug_env" name="test_debug_stays_off[FALSE]" time="0.001" /><testcase classname="nextseek_api.cc_assistant.tests.test_django_debug_env" name="test_debug_stays_off[0]" time="0.001" /><testcase classname="nextseek_api.cc_assistant.tests.test_django_debug_env" name="test_debug_stays_off[no]" time="0.001" /><testcase classname="nextseek_api.cc_assistant.tests.test_django_debug_env" name="test_debug_stays_off[off]" time="0.001" /><testcase classname="nextseek_api.cc_assistant.tests.test_django_debug_env" name="test_debug_stays_off[   ]" time="0.001" /><testcase classname="nextseek_api.cc_assistant.tests.test_django_debug_env" name="test_debug_turns_on[1]" time="0.001" /><testcase classname="nextseek_api.cc_assistant.tests.test_django_debug_env" name="test_debug_turns_on[true]" time="0.001" /><testcase classname="nextseek_api.cc_assistant.tests.test_django_debug_env" name="test_debug_turns_on[True]" time="0.001" /><testcase classname="nextseek_api.cc_assistant.tests.test_django_debug_env" name="test_debug_turns_on[TRUE]" time="0.001" /><testcase classname="nextseek_api.cc_assistant.tests.test_django_debug_env" name="test_debug_turns_on[yes]" time="0.001" /><testcase classname="nextseek_api.cc_assistant.tests.test_django_debug_env" name="test_debug_turns_on[YES]" time="0.001" /><testcase classname="nextseek_api.cc_assistant.tests.test_django_debug_env" name="test_debug_turns_on[ true ]" time="0.001" /><testcase classname="nextseek_api.cc_assistant.tests.test_django_debug_env" name="test_footgun_pattern_gone" time="0.001" /><testcase classname="nextseek_api.cc_assistant.tests.test_entrypoint_migrate_failfast.TestMigrateFailFast" name="test_migrate_failure_exits_nonzero_without_starting_servers" time="0.023" /><testcase classname="nextseek_api.cc_assistant.tests.test_entrypoint_migrate_failfast.TestMigrateFailFast" name="test_migrate_failure_message_forbids_fake" time="0.015" /><testcase classname="nextseek_api.cc_assistant.tests.test_entrypoint_migrate_failfast.TestMigrateFailFast" name="test_migrate_success_still_starts_servers" time="0.024" /><testcase classname="nextseek_api.cc_assistant.tests.test_entrypoint_migrate_failfast.TestCollectstaticFailFast" name="test_collectstatic_failure_exits_without_migrate_or_servers" time="0.010" /><testcase classname="nextseek_api.cc_assistant.tests.test_entrypoint_migrate_failfast.TestCollectstaticFailFast" name="test_collectstatic_success_proceeds_to_migrate" time="0.018" /><testcase classname="nextseek_api.cc_assistant.tests.test_entrypoint_migrate_failfast.TestDbReadinessProbe" name="test_db_unreachable_exits_with_distinct_marker_no_migrate" time="0.023" /><testcase classname="nextseek_api.cc_assistant.tests.test_entrypoint_migrate_failfast.TestDbReadinessProbe" name="test_db_ready_then_migrate_runs" time="0.023" /><testcase classname="nextseek_api.cc_assistant.tests.test_entrypoint_migrate_failfast.TestDbReadinessProbe" name="test_migrate_failure_with_db_up_still_reports_migrate_failed" time="0.015" /><testcase classname="nextseek_api.cc_assistant.tests.test_entrypoint_migrate_failfast.TestDbReadinessProbe" name="test_probe_retries_configured_attempts_before_giving_up" time="0.028" /><testcase classname="nextseek_api.cc_assistant.tests.test_f_constraint_pins" name="test_route_capabilities_unmodified" time="0.001" /><testcase classname="nextseek_api.cc_assistant.tests.test_f_constraint_pins" name="test_heuristic_untouched" time="0.001" /><testcase classname="nextseek_api.cc_assistant.tests.test_f_constraint_pins" name="test_r03_log_block_untouched" time="0.001" /><testcase classname="nextseek_api.cc_assistant.tests.test_f_constraint_pins" name="test_no_new_migrations" time="0.002" /><testcase classname="nextseek_api.cc_assistant.tests.test_full_ui_e2e" name="test_fake_runner_turn_results_shape_has_no_last_reply_key" time="0.002" /><testcase classname="nextseek_api.cc_assistant.tests.test_full_ui_e2e" name="test_cc_frame_cost_sums_total_cost_usd_across_turns" time="0.002" /><testcase classname="nextseek_api.cc_assistant.tests.test_full_ui_e2e" name="test_cc_frame_cost_none_when_no_total_cost_usd" time="0.002" /><testcase classname="nextseek_api.cc_assistant.tests.test_full_ui_e2e" name="test_turn_reply_from_artifacts_prefers_ui_text_json" time="0.002" /><testcase classname="nextseek_api.cc_assistant.tests.test_full_ui_e2e" name="test_turn_reply_from_artifacts_falls_back_to_complete_json" time="0.002" /><testcase classname="nextseek_api.cc_assistant.tests.test_full_ui_e2e" name="test_turn_reply_from_artifacts_empty_for_errored_turn" time="0.002" /><testcase classname="nextseek_api.cc_assistant.tests.test_full_ui_e2e" name="test_session_id_from_artifacts_reads_persisted_file" time="0.001" /><testcase classname="nextseek_api.cc_assistant.tests.test_full_ui_e2e" name="test_session_id_from_artifacts_none_when_absent" time="0.002" /><testcase classname="nextseek_api.cc_assistant.tests.test_full_ui_e2e" name="test_forbidden_phrase_in_reply_fails" time="0.004" /><testcase classname="nextseek_api.cc_assistant.tests.test_full_ui_e2e" name="test_port_8000_with_require_non_8000_exits_1" time="0.002" /><testcase classname="nextseek_api.cc_assistant.tests.test_full_ui_e2e" name="test_cc_missing_frame_cost_fails" time="0.003" /><testcase classname="nextseek_api.cc_assistant.tests.test_full_ui_e2e" name="test_cc_cost_comes_from_result_frame_no_db_read" time="0.004" /><testcase classname="nextseek_api.cc_assistant.tests.test_full_ui_e2e" name="test_missing_session_id_fails" time="0.003" /><testcase classname="nextseek_api.cc_assistant.tests.test_full_ui_e2e" name="test_cc_zero_cost_fails_fail_closed" time="0.003" /><testcase classname="nextseek_api.cc_assistant.tests.test_full_ui_e2e" name="test_total_cost_over_cap_fails" time="0.003" /><testcase classname="nextseek_api.cc_assistant.tests.test_full_ui_e2e" name="test_ns_route_passes_without_any_cost_row" time="0.003" /><testcase classname="nextseek_api.cc_assistant.tests.test_full_ui_e2e" name="test_ns_route_validate_only_roundtrips" time="0.005" /><testcase classname="nextseek_api.cc_assistant.tests.test_full_ui_e2e" name="test_declared_route_mismatch_fails" time="0.004" /><testcase classname="nextseek_api.cc_assistant.tests.test_full_ui_e2e" name="test_validate_only_fails_on_drifted_approval_sha" time="0.004" /><testcase classname="nextseek_api.cc_assistant.tests.test_full_ui_e2e" name="test_validate_only_fails_when_criteria_json_mutated" time="0.004" /><testcase classname="nextseek_api.cc_assistant.tests.test_full_ui_e2e" name="test_validate_only_passes_on_unmutated_run" time="0.005" /><testcase classname="nextseek_api.cc_assistant.tests.test_full_ui_e2e" name="test_validate_only_fails_on_mutated_answer_text" time="0.005" /><testcase classname="nextseek_api.cc_assistant.tests.test_full_ui_e2e" name="test_validate_only_fails_on_missing_artifact_file" time="0.004" /><testcase classname="nextseek_api.cc_assistant.tests.test_full_ui_e2e" name="test_validate_only_fails_on_mutated_turn_query" time="0.005" /><testcase classname="nextseek_api.cc_assistant.tests.test_full_ui_e2e" name="test_validate_only_fails_on_mutated_session_id_even_with_resynced_manifest" time="0.005" /><testcase classname="nextseek_api.cc_assistant.tests.test_full_ui_e2e" name="test_validate_only_fails_on_mutated_cost_ledger" time="0.005" /><testcase classname="nextseek_api.cc_assistant.tests.test_full_ui_e2e" name="test_validate_only_fails_on_mutated_browser_url" time="0.004" /><testcase classname="nextseek_api.cc_assistant.tests.test_full_ui_e2e" name="test_validate_only_fails_on_mutated_db_identity" time="0.004" /><testcase classname="nextseek_api.cc_assistant.tests.test_full_ui_e2e" name="test_validate_only_fails_on_mutated_instance_identity" time="0.004" /><testcase classname="nextseek_api.cc_assistant.tests.test_full_ui_e2e" name="test_validate_only_fails_when_all_passed_hand_edited_true" time="0.005" /><testcase classname="nextseek_api.cc_assistant.tests.test_issue_conventions_guard.TestConventionsDoc" name="test_type_table_matches_enum" time="0.001" /><testcase classname="nextseek_api.cc_assistant.tests.test_issue_conventions_guard.TestConventionsDoc" name="test_seeded_areas_match" time="0.001" /><testcase classname="nextseek_api.cc_assistant.tests.test_issue_conventions_guard.TestConventionsDoc" name="test_sentinel_verbatim" time="0.001" /><testcase classname="nextseek_api.cc_assistant.tests.test_issue_conventions_guard.TestConventionsDoc" name="test_epistemic_tags_documented" time="0.001" /><testcase classname="nextseek_api.cc_assistant.tests.test_issue_conventions_guard.TestConventionsDoc" name="test_worked_example_present_and_valid" time="0.002" /><testcase classname="nextseek_api.cc_assistant.tests.test_issue_conventions_guard.TestIssueForm" name="test_type_dropdown_matches_enum" time="0.006" /><testcase classname="nextseek_api.cc_assistant.tests.test_issue_conventions_guard.TestIssueForm" name="test_priority_dropdown_matches" time="0.006" /><testcase classname="nextseek_api.cc_assistant.tests.test_issue_conventions_guard.TestIssueForm" name="test_required_fields" time="0.006" /><testcase classname="nextseek_api.cc_assistant.tests.test_issue_conventions_guard.TestIssueForm" name="test_root_cause_prefilled_with_sentinel" time="0.006" /><testcase classname="nextseek_api.cc_assistant.tests.test_issue_conventions_guard.TestIssueForm" name="test_areas_placeholder_shows_seeded_examples" time="0.006" /><testcase classname="nextseek_api.cc_assistant.tests.test_issue_conventions_guard.TestIssueForm" name="test_blank_issues_disabled" time="0.001" /><testcase classname="nextseek_api.cc_assistant.tests.test_issue_conventions_guard.TestSeedScript" name="test_type_labels_match_enum" time="0.001" /><testcase classname="nextseek_api.cc_assistant.tests.test_issue_conventions_guard.TestSeedScript" name="test_area_labels_match_seeded" time="0.001" /><testcase classname="nextseek_api.cc_assistant.tests.test_issue_conventions_guard.TestSeedScript" name="test_needs_ruling_seeded_and_priority_untouched" time="0.001" /><testcase classname="nextseek_api.cc_assistant.tests.test_issue_conventions_guard.TestSeedScript" name="test_idempotent_flag" time="0.001" /><testcase classname="nextseek_api.cc_assistant.tests.test_issue_conventions_guard.TestSkillAndPointers" name="test_skill_exists_with_frontmatter" time="0.001" /><testcase classname="nextseek_api.cc_assistant.tests.test_issue_conventions_guard.TestSkillAndPointers" name="test_skill_hard_rules" time="0.001" /><testcase classname="nextseek_api.cc_assistant.tests.test_issue_conventions_guard.TestSkillAndPointers" name="t
[...]
ame="nextseek_api.cc_assistant.tests.test_step7_proxy_port" name="test_example_env_contains_only_placeholder_shape_no_real_token" time="0.001" /><testcase classname="nextseek_api.cc_assistant.tests.test_step7_proxy_port" name="test_real_secret_file_is_not_git_tracked" time="0.004" /><testcase classname="nextseek_api.cc_assistant.tests.test_step7_proxy_port" name="test_compose_bedrock_proxy_service_has_no_host_ports_key" time="0.012" /><testcase classname="nextseek_api.cc_assistant.tests.test_step7_proxy_port" name="test_standalone_sidecar_compose_not_ported" time="0.001" /><testcase classname="nextseek_api.cc_assistant.tests.test_step7_proxy_port" name="test_port_evidence_file_present_and_valid_json" time="0.001" /><testcase classname="nextseek_api.cc_assistant.tests.test_step7_proxy_port" name="test_port_evidence_records_source_path_and_pinned_commit" time="0.001" /><testcase classname="nextseek_api.cc_assistant.tests.test_step7_proxy_port" name="test_port_evidence_file_inventory_matches_ported_files" time="0.001" /><testcase classname="nextseek_api.cc_assistant.tests.test_step7_proxy_port" name="test_no_secret_looking_values_anywhere_under_bedrock_proxy" time="0.002" /><testcase classname="nextseek_api.cc_assistant.tests.test_step7_sidecar_port" name="test_ns_sidecar_directory_exists" time="0.001" /><testcase classname="nextseek_api.cc_assistant.tests.test_step7_sidecar_port" name="test_ns_sidecar_app_package_present" time="0.001" /><testcase classname="nextseek_api.cc_assistant.tests.test_step7_sidecar_port" name="test_ns_sidecar_top_level_package_marker_present" time="0.001" /><testcase classname="nextseek_api.cc_assistant.tests.test_step7_sidecar_port" name="test_ns_sidecar_dockerfile_present_and_non_empty" time="0.001" /><testcase classname="nextseek_api.cc_assistant.tests.test_step7_sidecar_port" name="test_ns_sidecar_build_ignore_file_present" time="0.001" /><testcase classname="nextseek_api.cc_assistant.tests.test_step7_sidecar_port" name="test_ported_file_is_byte_identical_to_pinned_source[__init__.py]" time="0.001" /><testcase classname="nextseek_api.cc_assistant.tests.test_step7_sidecar_port" name="test_ported_file_is_byte_identical_to_pinned_source[app/__init__.py]" time="0.001" /><testcase classname="nextseek_api.cc_assistant.tests.test_step7_sidecar_port" name="test_ported_file_is_byte_identical_to_pinned_source[app/config.py]" time="0.001" /><testcase classname="nextseek_api.cc_assistant.tests.test_step7_sidecar_port" name="test_ported_file_is_byte_identical_to_pinned_source[app/contract.py]" time="0.001" /><testcase classname="nextseek_api.cc_assistant.tests.test_step7_sidecar_port" name="test_ported_file_is_byte_identical_to_pinned_source[app/exceptions.py]" time="0.001" /><testcase classname="nextseek_api.cc_assistant.tests.test_step7_sidecar_port" name="test_ported_file_is_byte_identical_to_pinned_source[app/granular_models.py]" time="0.001" /><testcase classname="nextseek_api.cc_assistant.tests.test_step7_sidecar_port" name="test_ported_file_is_byte_identical_to_pinned_source[app/healthcheck.py]" time="0.001" /><testcase classname="nextseek_api.cc_assistant.tests.test_step7_sidecar_port" name="test_ported_file_is_byte_identical_to_pinned_source[app/ns_client.py]" time="0.001" /><testcase classname="nextseek_api.cc_assistant.tests.test_step7_sidecar_port" name="test_ported_file_is_byte_identical_to_pinned_source[app/ops.py]" time="0.001" /><testcase classname="nextseek_api.cc_assistant.tests.test_step7_sidecar_port" name="test_ported_file_is_byte_identical_to_pinned_source[app/server.py]" time="0.001" /><testcase classname="nextseek_api.cc_assistant.tests.test_step7_sidecar_port" name="test_ported_file_is_byte_identical_to_pinned_source[app/staging.py]" time="0.001" /><testcase classname="nextseek_api.cc_assistant.tests.test_step7_sidecar_port" name="test_ported_file_is_byte_identical_to_pinned_source[app/write_gate.py]" time="0.001" /><testcase classname="nextseek_api.cc_assistant.tests.test_step7_sidecar_port" name="test_contract_py_carries_the_seven_ops_and_error_taxonomy" time="0.001" /><testcase classname="nextseek_api.cc_assistant.tests.test_step7_sidecar_port" name="test_config_py_required_env_is_exactly_the_t16_pair" time="0.001" /><testcase classname="nextseek_api.cc_assistant.tests.test_step7_sidecar_port" name="test_healthcheck_py_probes_exactly_the_documented_endpoint" time="0.001" /><testcase classname="nextseek_api.cc_assistant.tests.test_step7_sidecar_port" name="test_write_gate_py_enforces_strict_confirmed_write_only" time="0.001" /><testcase classname="nextseek_api.cc_assistant.tests.test_step7_sidecar_port" name="test_server_py_redacts_credentials_in_repr" time="0.001" /><testcase classname="nextseek_api.cc_assistant.tests.test_step7_sidecar_port" name="test_staging_py_hashes_api_user_never_stores_raw_username" time="0.001" /><testcase classname="nextseek_api.cc_assistant.tests.test_step7_sidecar_port" name="test_ops_py_commits_bytes_exactly_once_outside_the_artifact_loop" time="0.001" /><testcase classname="nextseek_api.cc_assistant.tests.test_step7_sidecar_port" name="test_dockerfile_copy_source_matches_this_ports_build_context" time="0.001" /><testcase classname="nextseek_api.cc_assistant.tests.test_step7_sidecar_port" name="test_dockerfile_preserves_import_layout_and_run_invariants" time="0.001" /><testcase classname="nextseek_api.cc_assistant.tests.test_step7_sidecar_port" name="test_dockerfile_pins_the_documented_dependency_floors" time="0.001" /><testcase classname="nextseek_api.cc_assistant.tests.test_step7_sidecar_port" name="test_dockerfile_does_not_copy_any_env_file" time="0.001" /><testcase classname="nextseek_api.cc_assistant.tests.test_step7_sidecar_port" name="test_no_torch_import_anywhere_in_ported_app" time="0.001" /><testcase classname="nextseek_api.cc_assistant.tests.test_step7_sidecar_port" name="test_no_chat_nextseek_reference_anywhere_in_ported_app" time="0.001" /><testcase classname="nextseek_api.cc_assistant.tests.test_step7_sidecar_port" name="test_no_live_session_db_env_access_anywhere_in_ported_app" time="0.001" /><testcase classname="nextseek_api.cc_assistant.tests.test_step7_sidecar_port" name="test_dockerfile_has_no_torch_or_chat_nextseek_or_session_db" time="0.001" /><testcase classname="nextseek_api.cc_assistant.tests.test_step7_sidecar_port" name="test_standalone_sidecar_compose_not_ported" time="0.001" /><testcase classname="nextseek_api.cc_assistant.tests.test_step7_sidecar_port" name="test_no_local_nextseek_env_overlay_files_anywhere_under_ported_tree" time="0.001" /><testcase classname="nextseek_api.cc_assistant.tests.test_step7_sidecar_port" name="test_no_env_files_of_any_kind_committed_under_ported_tree" time="0.001" /><testcase classname="nextseek_api.cc_assistant.tests.test_step7_sidecar_port" name="test_compose_ns_sidecar_service_has_no_host_ports_key" time="0.013" /><testcase classname="nextseek_api.cc_assistant.tests.test_step7_sidecar_port" name="test_port_evidence_file_present_and_valid_json" time="0.001" /><testcase classname="nextseek_api.cc_assistant.tests.test_step7_sidecar_port" name="test_port_evidence_records_source_path_and_pinned_commit" time="0.001" /><testcase classname="nextseek_api.cc_assistant.tests.test_step7_sidecar_port" name="test_port_evidence_file_inventory_matches_ported_files" time="0.001" /><testcase classname="nextseek_api.cc_assistant.tests.test_step7_sidecar_port" name="test_port_evidence_not_ported_records_the_compose_fragment" time="0.002" /><testcase classname="nextseek_api.cc_assistant.tests.test_step7_sidecar_port" name="test_no_secret_looking_values_anywhere_under_ns_sidecar" time="0.004" /><testcase classname="nextseek_api.cc_assistant.tests.test_translate" name="test_system_init_emits_agent_started" time="0.001" /><testcase classname="nextseek_api.cc_assistant.tests.test_translate" name="test_assistant_text_is_accumulated_not_emitted" time="0.001" /><testcase classname="nextseek_api.cc_assistant.tests.test_translate" name="test_tool_use_emits_search_started_and_result_closes_it" time="0.001" /><testcase classname="nextseek_api.cc_assistant.tests.test_translate" name="test_result_success_emits_query_complete_with_result_text" time="0.001" /><testcase classname="nextseek_api.cc_assistant.tests.test_translate" name="test_terminal_frames_omit_session_id_so_callback_fills_nextseek_id" time="0.001" /><testcase classname="nextseek_api.cc_assistant.tests.test_translate" name="test_result_surfaces_total_cost_usd" time="0.001" /><testcase classname="nextseek_api.cc_assistant.tests.test_translate" name="test_result_success_without_result_field_falls_back_to_accumulated" time="0.001" /><testcase classname="nextseek_api.cc_assistant.tests.test_translate" name="test_result_error_emits_query_error" time="0.001" /><testcase classname="nextseek_api.cc_assistant.tests.test_translate" name="test_finalize_emits_terminal_when_no_result_arrived" time="0.001" /><testcase classname="nextseek_api.cc_assistant.tests.test_translate" name="test_finalize_noop_after_result" time="0.001" /><testcase classname="nextseek_api.cc_assistant.tests.test_translate_result_meta" name="test_result_surfaces_num_turns_and_duration" time="0.001" /><testcase classname="nextseek_api.cc_assistant.tests.test_translate_result_meta" name="test_missing_meta_is_none_not_crash" time="0.001" /><testcase classname="nextseek_api.cc_assistant.tests.test_turn_cc_traces" name="test_turn_accepts_and_dumps_cc_traces" time="0.001" /><testcase classname="nextseek_api.cc_assistant.tests.test_turn_cc_traces" name="test_turn_cc_traces_defaults_none" time="0.001" /><testcase classname="nextseek_api.cc_assistant.tests.test_turn_cc_traces" name="test_projection_passes_cc_traces_through" time="0.001" /><testcase classname="nextseek_api.cc_assistant.tests.test_validate_cc_acceptance" name="test_clean_bundle_passes" time="0.004" /><testcase classname="nextseek_api.cc_assistant.tests.test_validate_cc_acceptance" name="test_leaked_token_and_key_fail" time="0.004" /><testcase classname="nextseek_api.cc_assistant.tests.test_validate_cc_acceptance" name="test_proxy_403_and_token_logged_fail" time="0.004" /><testcase classname="nextseek_api.cc_assistant.tests.test_validate_cc_acceptance" name="test_heuristic_route_fails" time="0.004" /><testcase classname="nextseek_api.cc_assistant.tests.test_validate_cc_acceptance" name="test_missing_sentinel_and_error_turn_fail" time="0.004" /><testcase classname="nextseek_api.cc_assistant.tests.test_validate_cc_acceptance" name="test_network_with_backend_peer_fails" time="0.004" /><testcase classname="nextseek_api.cc_assistant.tests.test_validate_cc_acceptance" name="test_cost_over_cap_fails" time="0.004" /><testcase classname="nextseek_api.cc_assistant.tests.test_validate_cc_acceptance" name="test_missing_artifacts_fails" time="0.004" /><testcase classname="nextseek_api.cc_assistant.tests.test_validate_cc_acceptance" name="test_non_turn_scoped_artifact_key_fails" time="0.004" /><testcase classname="nextseek_api.cc_assistant.tests.test_validate_cc_acceptance" name="test_pre_nested_flat_user_id_prefixed_artifact_key_fails" time="0.004" /><testcase classname="nextseek_api.cc_assistant.tests.test_validate_cc_acceptance" name="test_turn_scoped_key_still_passes_even_when_it_shares_no_segment_with_user_id" time="0.004" /><testcase classname="nextseek_api.cc_assistant.tests.test_validate_cc_acceptance" name="test_nested_project_user_prefixed_key_passes" time="0.004" /><testcase classname="nextseek_api.cc_assistant.tests.test_validate_issue.TestConstants" name="test_nine_types" time="0.001" /><testcase classname="nextseek_api.cc_assistant.tests.test_validate_issue.TestConstants" name="test_seeded_area_count" time="0.001" /><testcase classname="nextseek_api.cc_assistant.tests.test_validate_issue.TestConstants" name="test_sentinel_exact" time="0.001" /><testcase classname="nextseek_api.cc_assistant.tests.test_validate_issue.TestConstants" name="test_type_literal_binds_to_issue_types" time="0.001" /><testcase classname="nextseek_api.cc_assistant.tests.test_validate_issue.TestConstants" name="test_priority_literal_binds_to_priorities" time="0.001" /><testcase classname="nextseek_api.cc_assistant.tests.test_validate_issue.TestAccepts" name="test_worked_example_valid" time="0.002" /><testcase classname="nextseek_api.cc_assistant.tests.test_validate_issue.TestAccepts" name="test_sentinel_root_cause_accepted" time="0.002" /><testcase classname="nextseek_api.cc_assistant.tests.test_validate_issue.TestAccepts" name="test_triple_hash_headings_accepted" time="0.002" /><testcase classname="nextseek_api.cc_assistant.tests.test_validate_issue.TestAccepts" name="test_optional_section_omittable" time="0.002" /><testcase classname="nextseek_api.cc_assistant.tests.test_validate_issue.TestAccepts" name="test_labels_for" time="0.002" /><testcase classname="nextseek_api.cc_assistant.tests.test_validate_issue.TestRejects" name="test_missing_required_section" time="0.002" /><testcase classname="nextseek_api.cc_assistant.tests.test_validate_issue.TestRejects" name="test_empty_root_cause" time="0.002" /><testcase classname="nextseek_api.cc_assistant.tests.test_validate_issue.TestRejects" name="test_evidence_without_epistemic_tag" time="0.002" /><testcase classname="nextseek_api.cc_assistant.tests.test_validate_issue.TestRejects" name="test_action_first_title" time="0.002" /><testcase classname="nextseek_api.cc_assistant.tests.test_validate_issue.TestRejects" name="test_bad_area_charset" time="0.002" /><testcase classname="nextseek_api.cc_assistant.tests.test_validate_issue.TestRejects" name="test_zero_areas" time="0.002" /><testcase classname="nextseek_api.cc_assistant.tests.test_validate_issue.TestRejects" name="test_unknown_type" time="0.002" /><testcase classname="nextseek_api.cc_assistant.tests.test_validate_issue.TestRejects" name="test_missing_frontmatter" time="0.001" /><testcase classname="nextseek_api.cc_assistant.tests.test_validate_issue.TestSecretScan" name="test_planted_github_token" time="0.002" /><testcase classname="nextseek_api.cc_assistant.tests.test_validate_issue.TestSecretScan" name="test_env_var_name_alone_is_fine" time="0.001" /><testcase classname="nextseek_api.cc_assistant.tests.test_validate_issue.TestSecretScan" name="test_clean_example" time="0.002" /><testcase classname="nextseek_api.cc_assistant.tests.test_validate_issue.TestSecretScan" name="test_env_style_password_assignment_flagged" time="0.001" /><testcase classname="nextseek_api.cc_assistant.tests.test_validate_issue.TestSecretScan" name="test_yaml_style_password_assignment_flagged" time="0.001" /><testcase classname="nextseek_api.cc_assistant.tests.test_validate_issue.TestSecretScan" name="test_google_api_key_runtime_assembled_flagged" time="0.001" /><testcase classname="nextseek_api.cc_assistant.tests.test_validate_issue.TestCli" name="test_cli_valid_and_invalid" time="0.007" /><testcase classname="nextseek_api.cc_assistant.tests.test_verify_prod_readiness_manifest" name="test_positive_all_present_valid_manifest_passes" time="0.005" /><testcase classname="nextseek_api.cc_assistant.tests.test_verify_prod_readiness_manifest" name="test_missing_top_level_field_fails" time="0.005" /><testcase classname="nextseek_api.cc_assistant.tests.test_verify_prod_readiness_manifest" name="test_stale_merged_sha_fails" time="0.005" /><testcase classname="nextseek_api.cc_assistant.tests.test_verify_prod_readiness_manifest" name="test_wrong_image_id_fails" time="0.005" /><testcase classname="nextseek_api.cc_assistant.tests.test_verify_prod_readiness_manifest" name="test_changed_tag_to_id_mapping_only_one_tag_drifts" time="0.005" /><testcase classname="nextseek_api.cc_assistant.tests.test_verify_prod_readiness_manifest" name="test_image_ids_top_level_disagrees_with_provenance_fails" time="0.005" /><testcase classname="nextseek_api.cc_assistant.tests.test_verify_prod_readiness_manifest" name="test_docker_inspect_tag_no_longer_resolves_fails" time="0.005" /><testcase classname="nextseek_api.cc_assistant.tests.test_verify_prod_readiness_manifest" name="test_failing_lane_json_reports_failures" time="0.005" /><testcase classname="nextseek_api.cc_assistant.tests.test_verify_prod_readiness_manifest" name="test_unexpected_skip_fails" time="0.005" /><testcase classname="nextseek_api.cc_assistant.tests.test_verify_prod_readiness_manifest" name="test_unexpected_deselect_fails" time="0.006" /><testcase classname="nextseek_api.cc_assistant.tests.test_verify_prod_readiness_manifest" name="test_unexpected_xfail_fails" time="0.005" /><testcase classname="nextseek_api.cc_assistant.tests.test_verify_prod_readiness_manifest" name="test_lane_placeholder_file_not_json_object_rejected" time="0.005" /><testcase classname="nextseek_api.cc_assistant.tests.test_verify_prod_readiness_manifest" name="test_lane_missing_content_keys_rejected" time="0.005" /><testcase classname="nextseek_api.cc_assistant.tests.test_verify_prod_readiness_manifest" name="test_missing_secret_scan_category_fails" time="0.005" /><testcase classname="nextseek_api.cc_assistant.tests.test_verify_prod_readiness_manifest" name="test_missing_secret_scan_image_id_key_fails" time="0.004" /><testcase classname="nextseek_api.cc_assistant.tests.test_verify_prod_readiness_manifest" name="test_broad_exclusion_secret_scan_allowlist_fails" time="0.004" /><testcase classname="nextseek_api.cc_assistant.tests.test_verify_prod_readiness_manifest" name="test_unallowlisted_secret_hit_fails" time="0.004" /><testcase classname="nextseek_api.cc_assistant.tests.test_verify_prod_readiness_manifest" name="test_secret_scan_placeholder_file_rejected" time="0.004" /><testcase classname="nextseek_api.cc_assistant.tests.test_verify_prod_readiness_manifest" name="test_migration_evidence_missing_fk_fails" time="0.004" /><testcase classname="nextseek_api.cc_assistant.tests.test_verify_prod_readiness_manifest" name="test_migration_evidence_charset_mismatch_fails" time="0.004" /><testcase classname="nextseek_api.cc_assistant.tests.test_verify_prod_readiness_manifest" name="test_migration_evidence_not_idempotent_fails" time="0.004" /><testcase classname="nextseek_api.cc_assistant.tests.test_verify_prod_readiness_manifest" name="test_migration_evidence_0007_missing_fails" time="0.004" /><testcase classname="nextseek_api.cc_assistant.tests.test_verify_prod_readiness_manifest" name="test_db_backup_checksum_mismatch_fails" time="0.004" /><testcase classname="nextseek_api.cc_assistant.tests.test_verify_prod_readiness_manifest" name="test_db_backup_sha256_top_level_drift_fails" time="0.003" /><testcase classname="nextseek_api.cc_assistant.tests.test_verify_prod_readiness_manifest" name="test_approval_hash_drift_fails" time="0.004" /><testcase classname="nextseek_api.cc_assistant.tests.test_verify_prod_readiness_manifest" name="test_e2e_validate_only_nonzero_exit_fails" time="0.003" /><testcase classname="nextseek_api.cc_assistant.tests.test_verify_prod_readiness_manifest" name="test_e2e_never_trusts_summary_json_even_after_mutation" time="0.347" /><testcase classname="nextseek_api.cc_assistant.tests.test_verify_prod_readiness_manifest" name="test_survivals_rerun_nonzero_fails" time="0.004" /><testcase classname="nextseek_api.cc_assistant.tests.test_verify_prod_readiness_manifest" name="test_module_level_monkeypatch_of_all_four_primitives_is_honored" time="0.004" /><testcase classname="nextseek_api.cc_assistant.tests.test_verify_prod_readiness_manifest" name="test_cli_main_verify_exit_codes" time="0.005" /><testcase classname="nextseek_api.cc_assistant.tests.test_verify_prod_readiness_manifest" name="test_generate_writes_manifest_with_schema_version" time="0.005" /><testcase classname="nextseek_api.cc_assistant.tests.test_verify_prod_readiness_manifest" name="test_cli_main_generate_placeholder_message_when_no_from" time="0.002" /><testcase classname="nextseek_api.cc_assistant.tests.test_verify_prod_readiness_manifest" name="test_cli_main_generate_with_from_json" time="0.014" /></testsuite></testsuites>