<?xml version="1.0" encoding="utf-8"?><testsuites name="pytest tests"><testsuite name="pytest" errors="0" failures="0" skipped="1" tests="171" time="6.202" timestamp="2026-08-11T14:17:27.389117+00:00" hostname="981e15a859f0"><testcase classname="nextseek_api.cc_assistant.tests.test_plugin_container_claude_md" name="test_no_nextseek_api_references_in_container_claude_md" time="0.002" /><testcase classname="nextseek_api.cc_assistant.tests.test_plugin_container_claude_md" name="test_plugins_section_uses_canonical_paths" time="0.001" /><testcase classname="nextseek_api.cc_assistant.tests.test_plugin_container_claude_md" name="test_container_claude_md_is_git_tracked_not_ignored" time="0.000"><skipped type="pytest.skip" message="source-tree check: runs against the working checkout, not inside a built image (the image strips .git/.gitignore).">/repo/nextseek_api/cc_assistant/tests/test_plugin_container_claude_md.py:55: source-tree check: runs against the working checkout, not inside a built image (the image strips .git/.gitignore).</skipped></testcase><testcase classname="nextseek_api.cc_assistant.tests.test_plugin_container_claude_md" name="test_container_claude_md_documents_query_and_recall_ops" time="0.001" /><testcase classname="nextseek_api.cc_assistant.tests.test_plugin_container_claude_md" name="test_auto_gen_sentinel_block_intact" time="0.001" /><testcase classname="nextseek_api.cc_assistant.tests.test_step7_cc_runtime_port" name="test_cc_runtime_directory_exists" time="0.001" /><testcase classname="nextseek_api.cc_assistant.tests.test_step7_cc_runtime_port" name="test_cc_runtime_dockerfile_present_and_non_empty" time="0.001" /><testcase classname="nextseek_api.cc_assistant.tests.test_step7_cc_runtime_port" name="test_cc_runtime_build_ignore_file_present" time="0.001" /><testcase classname="nextseek_api.cc_assistant.tests.test_step7_cc_runtime_port" name="test_cc_runtime_build_ignore_covers_known_secret_filenames[**/.env\n]" time="0.001" /><testcase classname="nextseek_api.cc_assistant.tests.test_step7_cc_runtime_port" name="test_cc_runtime_build_ignore_covers_known_secret_filenames[**/.env.example]" time="0.001" /><testcase classname="nextseek_api.cc_assistant.tests.test_step7_cc_runtime_port" name="test_cc_runtime_build_ignore_covers_known_secret_filenames[**/.env.prod]" time="0.001" /><testcase classname="nextseek_api.cc_assistant.tests.test_step7_cc_runtime_port" name="test_cc_runtime_build_ignore_covers_known_secret_filenames[**/.env.dev]" time="0.001" /><testcase classname="nextseek_api.cc_assistant.tests.test_step7_cc_runtime_port" name="test_cc_runtime_build_ignore_covers_known_secret_filenames[proxy-secret.env]" time="0.001" /><testcase classname="nextseek_api.cc_assistant.tests.test_step7_cc_runtime_port" name="test_cc_runtime_build_ignore_covers_known_secret_filenames[.git]" time="0.001" /><testcase classname="nextseek_api.cc_assistant.tests.test_step7_cc_runtime_port" name="test_cc_runtime_build_ignore_covers_known_secret_filenames[.venv]" time="0.001" /><testcase classname="nextseek_api.cc_assistant.tests.test_step7_cc_runtime_port" name="test_cc_runtime_container_claude_md_present" time="0.001" /><testcase classname="nextseek_api.cc_assistant.tests.test_step7_cc_runtime_port" name="test_cc_runtime_entrypoint_present_and_executable_shape" time="0.001" /><testcase classname="nextseek_api.cc_assistant.tests.test_step7_cc_runtime_port" name="test_cc_runtime_runner_helper_present" time="0.001" /><testcase classname="nextseek_api.cc_assistant.tests.test_step7_cc_runtime_port" name="test_cc_runtime_runner_sibling_helpers_present[_ws_contract.py]" time="0.001" /><testcase classname="nextseek_api.cc_assistant.tests.test_step7_cc_runtime_port" name="test_cc_runtime_runner_sibling_helpers_present[_assistant_models.py]" time="0.001" /><testcase classname="nextseek_api.cc_assistant.tests.test_step7_cc_runtime_port" name="test_cc_runtime_runner_sibling_helpers_present[_assistant_client.py]" time="0.001" /><testcase classname="nextseek_api.cc_assistant.tests.test_step7_cc_runtime_port" name="test_cc_runtime_runner_sibling_helpers_present[_sidecar_client.py]" time="0.001" /><testcase classname="nextseek_api.cc_assistant.tests.test_step7_cc_runtime_port" name="test_cc_runtime_plugin_manifest_present_and_valid_json" time="0.001" /><testcase classname="nextseek_api.cc_assistant.tests.test_step7_cc_runtime_port" name="test_cc_runtime_plugin_skill_md_present" time="0.001" /><testcase classname="nextseek_api.cc_assistant.tests.test_step7_cc_runtime_port" name="test_cc_runtime_plugin_command_present" time="0.001" /><testcase classname="nextseek_api.cc_assistant.tests.test_step7_cc_runtime_port" name="test_cc_runtime_plugin_bin_scripts_present[nextseek-entity-extract]" time="0.001" /><testcase classname="nextseek_api.cc_assistant.tests.test_step7_cc_runtime_port" name="test_cc_runtime_plugin_bin_scripts_present[nextseek-parse]" time="0.001" /><testcase classname="nextseek_api.cc_assistant.tests.test_step7_cc_runtime_port" name="test_cc_runtime_plugin_bin_scripts_present[nextseek-plan]" time="0.001" /><testcase classname="nextseek_api.cc_assistant.tests.test_step7_cc_runtime_port" name="test_cc_runtime_plugin_bin_scripts_present[nextseek-query]" time="0.001" /><testcase classname="nextseek_api.cc_assistant.tests.test_step7_cc_runtime_port" name="test_cc_runtime_plugin_bin_scripts_present[nextseek-api-read]" time="0.001" /><testcase classname="nextseek_api.cc_assistant.tests.test_step7_cc_runtime_port" name="test_cc_runtime_plugin_bin_scripts_present[nextseek-api-write]" time="0.001" /><testcase classname="nextseek_api.cc_assistant.tests.test_step7_cc_runtime_port" name="test_cc_runtime_plugin_bin_scripts_present[nextseek-graph]" time="0.001" /><testcase classname="nextseek_api.cc_assistant.tests.test_step7_cc_runtime_port" name="test_cc_runtime_plugin_bin_scripts_present[nextseek-report]" time="0.001" /><testcase classname="nextseek_api.cc_assistant.tests.test_step7_cc_runtime_port" name="test_cc_runtime_plugin_bin_scripts_present[nextseek-generate-submission]" time="0.001" /><testcase classname="nextseek_api.cc_assistant.tests.test_step7_cc_runtime_port" name="test_cc_runtime_nextseek_query_bin_present_and_executable" time="0.001" /><testcase classname="nextseek_api.cc_assistant.tests.test_step7_cc_runtime_port" name="test_cc_runtime_plugin_scripts_setup_present" time="0.001" /><testcase classname="nextseek_api.cc_assistant.tests.test_step7_cc_runtime_port" name="test_cc_runtime_context_catalog_files_present[capabilities.md]" time="0.001" /><testcase classname="nextseek_api.cc_assistant.tests.test_step7_cc_runtime_port" name="test_cc_runtime_context_catalog_files_present[min_api_endpoints.json]" time="0.001" /><testcase classname="nextseek_api.cc_assistant.tests.test_step7_cc_runtime_port" name="test_cc_runtime_context_catalog_files_present[min_api_endpoints_enriched.json]" time="0.001" /><testcase classname="nextseek_api.cc_assistant.tests.test_step7_cc_runtime_port" name="test_cc_runtime_context_catalog_files_present[min_assays_db.json]" time="0.001" /><testcase classname="nextseek_api.cc_assistant.tests.test_step7_cc_runtime_port" name="test_cc_runtime_context_catalog_files_present[min_graph_schema.json]" time="0.001" /><testcase classname="nextseek_api.cc_assistant.tests.test_step7_cc_runtime_port" name="test_cc_runtime_context_catalog_files_present[min_sampletypes_db.json]" time="0.001" /><testcase classname="nextseek_api.cc_assistant.tests.test_step7_cc_runtime_port" name="test_cc_runtime_context_catalog_files_present[neo4j_schema.json]" time="0.001" /><testcase classname="nextseek_api.cc_assistant.tests.test_step7_cc_runtime_port" name="test_cc_runtime_context_catalog_files_present[projects_db.json]" time="0.001" /><testcase classname="nextseek_api.cc_assistant.tests.test_step7_cc_runtime_port" name="test_cc_runtime_context_catalog_files_present[read_safe_endpoints.json]" time="0.001" /><testcase classname="nextseek_api.cc_assistant.tests.test_step7_cc_runtime_port" name="test_cc_runtime_context_min_json_files_are_valid_json" time="0.003" /><testcase classname="nextseek_api.cc_assistant.tests.test_step7_cc_runtime_port" name="test_cc_runtime_docs_nextseek_present" time="0.001" /><testcase classname="nextseek_api.cc_assistant.tests.test_step7_cc_runtime_port" name="test_cc_runtime_dockerfile_copy_sources_exist[pyproject.toml]" time="0.001" /><testcase classname="nextseek_api.cc_assistant.tests.test_step7_cc_runtime_port" name="test_cc_runtime_dockerfile_copy_sources_exist[uv.lock]" time="0.001" /><testcase classname="nextseek_api.cc_assistant.tests.test_step7_cc_runtime_port" name="test_cc_runtime_dockerfile_copy_sources_exist[tools/__init__.py]" time="0.001" /><testcase classname="nextseek_api.cc_assistant.tests.test_step7_cc_runtime_port" name="test_cc_runtime_dockerfile_copy_sources_exist[tools/e2e/__init__.py]" time="0.001" /><testcase classname="nextseek_api.cc_assistant.tests.test_step7_cc_runtime_port" name="test_cc_runtime_dockerfile_copy_sources_exist[tools/e2e/judge_runner.py]" time="0.001" /><testcase classname="nextseek_api.cc_assistant.tests.test_step7_cc_runtime_port" name="test_cc_runtime_dockerfile_copy_sources_exist[baml_src/generators.baml]" time="0.001" /><testcase classname="nextseek_api.cc_assistant.tests.test_step7_cc_runtime_port" name="test_cc_runtime_dockerfile_copy_sources_exist[baml_src/clients.baml]" time="0.001" /><testcase classname="nextseek_api.cc_assistant.tests.test_step7_cc_runtime_port" name="test_cc_runtime_dockerfile_copy_sources_exist[build_context/docs/nextseek-api]" time="0.001" /><testcase classname="nextseek_api.cc_assistant.tests.test_step7_cc_runtime_port" name="test_cc_runtime_dockerfile_copy_lines_reference_only_existing_sources" time="0.002" /><testcase classname="nextseek_api.cc_assistant.tests.test_step7_cc_runtime_port" name="test_cc_runner_lean_proof_image_still_present_and_untouched" time="0.001" /><testcase classname="nextseek_api.cc_assistant.tests.test_step7_cc_runtime_port" name="test_cc_runtime_and_cc_runner_dockerfiles_are_genuinely_distinct" time="0.001" /><testcase classname="nextseek_api.cc_assistant.tests.test_step7_cc_runtime_port" name="test_compose_cc_build_context_is_not_cc_runner_dockerfile" time="0.001" /><testcase classname="nextseek_api.cc_assistant.tests.test_step7_cc_runtime_port" name="test_cc_runtime_contains_no_standalone_server_layer_files" time="0.004" /><testcase classname="nextseek_api.cc_assistant.tests.test_step7_cc_runtime_port" name="test_cc_runtime_dockerfile_does_not_start_a_ws_or_http_server" time="0.001" /><testcase classname="nextseek_api.cc_assistant.tests.test_step7_cc_runtime_port" name="test_cc_runtime_entrypoint_sh_does_not_start_a_ws_or_http_server" time="0.001" /><testcase classname="nextseek_api.cc_assistant.tests.test_step7_cc_runtime_port" name="test_cc_runtime_pyproject_declares_no_new_server_startup_script" time="0.002" /><testcase classname="nextseek_api.cc_assistant.tests.test_step7_cc_runtime_port" name="test_dmac_assistant_in_tree_package_untouched_by_this_port" time="0.001" /><testcase classname="nextseek_api.cc_assistant.tests.test_step7_cc_runtime_port" name="test_port_evidence_file_present_and_valid_json" time="0.001" /><testcase classname="nextseek_api.cc_assistant.tests.test_step7_cc_runtime_port" name="test_port_evidence_records_source_path_and_pinned_commit" time="0.001" /><testcase classname="nextseek_api.cc_assistant.tests.test_step7_cc_runtime_port" name="test_port_evidence_records_at_least_one_generation_attempt_with_command_and_blocker" time="0.001" /><testcase classname="nextseek_api.cc_assistant.tests.test_step7_cc_runtime_port" name="test_port_evidence_context_file_inventory_matches_ported_files" time="0.003" /><testcase classname="nextseek_api.cc_assistant.tests.test_step7_cc_runtime_port" name="test_no_secret_looking_values_anywhere_under_cc_runtime" time="0.077" /><testcase classname="nextseek_api.cc_assistant.tests.test_step7_cc_runtime_port" name="test_no_real_dotenv_files_only_examples_or_none" time="0.002" /><testcase classname="nextseek_api.cc_assistant.tests.test_step7_compose_deploy" name="test_compose_config_includes_bedrock_proxy_service" time="0.112" /><testcase classname="nextseek_api.cc_assistant.tests.test_step7_compose_deploy" name="test_compose_config_bedrock_proxy_container_name_pinned" time="0.098" /><testcase classname="nextseek_api.cc_assistant.tests.test_step7_compose_deploy" name="test_compose_config_bedrock_proxy_has_no_host_ports_key" time="0.106" /><testcase classname="nextseek_api.cc_assistant.tests.test_step7_compose_deploy" name="test_compose_config_bedrock_proxy_build_context_is_docker_bedrock_proxy" time="0.117" /><testcase classname="nextseek_api.cc_assistant.tests.test_step7_compose_deploy" name="test_compose_config_bedrock_proxy_attached_only_to_dmac_cc_net" time="0.113" /><testcase classname="nextseek_api.cc_assistant.tests.test_step7_compose_deploy" name="test_compose_config_includes_cc_image_build_target" time="0.095" /><testcase classname="nextseek_api.cc_assistant.tests.test_step7_compose_deploy" name="test_compose_config_cc_image_build_context_is_docker_cc_runtime_not_cc_runner" time="0.121" /><testcase classname="nextseek_api.cc_assistant.tests.test_step7_compose_deploy" name="test_compose_config_cc_image_tag_matches_nextseek_cc_image_default" time="0.116" /><testcase classname="nextseek_api.cc_assistant.tests.test_step7_compose_deploy" name="test_compose_config_cc_agent_has_no_network_attachment" time="0.104" /><testcase classname="nextseek_api.cc_assistant.tests.test_step7_compose_deploy" name="test_compose_config_dmac_cc_net_network_present_with_pinned_literal_name" time="0.105" /><testcase classname="nextseek_api.cc_assistant.tests.test_step7_compose_deploy" name="test_compose_config_dmac_cc_net_is_compose_managed_not_external" time="0.110" /><testcase classname="nextseek_api.cc_assistant.tests.test_step7_compose_deploy" name="test_compose_config_nginx_dual_homed_default_and_dmac_cc_net" time="0.104" /><testcase classname="nextseek_api.cc_assistant.tests.test_step7_compose_deploy" name="test_compose_config_nextseek_itself_not_on_dmac_cc_net" time="0.102" /><testcase classname="nextseek_api.cc_assistant.tests.test_step7_compose_deploy" name="test_compose_config_nextseek_container_name_pinned" time="0.099" /><testcase classname="nextseek_api.cc_assistant.tests.test_step7_compose_deploy" name="test_compose_config_backend_services_not_on_dmac_cc_net[db]" time="0.091" /><testcase classname="nextseek_api.cc_assistant.tests.test_step7_compose_deploy" name="test_compose_config_backend_services_not_on_dmac_cc_net[seek]" time="0.105" /><testcase classname="nextseek_api.cc_assistant.tests.test_step7_compose_deploy" name="test_compose_config_backend_services_not_on_dmac_cc_net[seek_workers]" time="0.088" /><testcase classname="nextseek_api.cc_assistant.tests.test_step7_compose_deploy" name="test_compose_config_backend_services_not_on_dmac_cc_net[solr]" time="0.104" /><testcase classname="nextseek_api.cc_assistant.tests.test_step7_compose_deploy" name="test_compose_config_backend_services_not_on_dmac_cc_net[neo4j]" time="0.099" /><testcase classname="nextseek_api.cc_assistant.tests.test_step7_compose_deploy" name="test_compose_config_nextseek_mounts_dmac_cc_users_volume_at_dmac_users" time="0.114" /><testcase classname="nextseek_api.cc_assistant.tests.test_step7_compose_deploy" name="test_compose_config_nextseek_has_no_srv_dmac_users_host_bind" time="0.106" /><testcase classname="nextseek_api.cc_assistant.tests.test_step7_compose_deploy" name="test_compose_config_declares_dmac_cc_users_external_like_seek_filestore" time="0.102" /><testcase classname="nextseek_api.cc_assistant.tests.test_step7_compose_deploy" name="test_compose_config_includes_nextseek_sidecar_service" time="0.111" /><testcase classname="nextseek_api.cc_assistant.tests.test_step7_compose_deploy" name="test_compose_config_sidecar_build_context_is_docker_ns_sidecar" time="0.112" /><testcase classname="nextseek_api.cc_assistant.tests.test_step7_compose_deploy" name="test_compose_config_sidecar_container_name_pinned" time="0.112" /><testcase classname="nextseek_api.cc_assistant.tests.test_step7_compose_deploy" name="test_compose_config_sidecar_attached_only_to_dmac_cc_net" time="0.099" /><testcase classname="nextseek_api.cc_assistant.tests.test_step7_compose_deploy" name="test_compose_config_sidecar_has_no_host_ports_key" time="0.102" /><testcase classname="nextseek_api.cc_assistant.tests.test_step7_compose_deploy" name="test_compose_config_sidecar_healthcheck_present_with_cold_start_tolerance" time="0.122" /><testcase classname="nextseek_api.cc_assistant.tests.test_step7_compose_deploy" name="test_compose_config_sidecar_env_carries_only_three_nonsecret_keys" time="0.103" /><testcase classname="nextseek_api.cc_assistant.tests.test_step7_compose_deploy" name="test_compose_config_sidecar_base_url_pinned_to_nginx_literal" time="0.114" /><testcase classname="nextseek_api.cc_assistant.tests.test_step7_compose_deploy" name="test_compose_config_sidecar_mounts_staging_subpath_of_dmac_cc_users" time="0.113" /><testcase classname="nextseek_api.cc_assistant.tests.test_step7_compose_deploy" name="test_compose_bedrock_proxy_container_name_matches_realstack_default" time="0.121" /><testcase classname="nextseek_api.cc_assistant.tests.test_step7_proxy_port" name="test_bedrock_proxy_directory_exists" time="0.003" /><testcase classname="nextseek_api.cc_assistant.tests.test_step7_proxy_port" name="test_bedrock_proxy_app_package_present" time="0.003" /><testcase classname="nextseek_api.cc_assistant.tests.test_step7_proxy_port" name="test_bedrock_proxy_top_level_package_marker_present" time="0.002" /><testcase classname="nextseek_api.cc_assistant.tests.test_step7_proxy_port" name="test_bedrock_proxy_dockerfile_present_and_non_empty" time="0.001" /><testcase classname="nextseek_api.cc_assistant.tests.test_step7_proxy_port" name="test_bedrock_proxy_build_ignore_file_present" time="0.001" /><testcase classname="nextseek_api.cc_assistant.tests.test_step7_proxy_port" name="test_bedrock_proxy_example_env_present" time="0.001" /><testcase classname="nextseek_api.cc_assistant.tests.test_step7_proxy_port" name="test_ported_file_is_byte_identical_to_pinned_source[__init__.py]" time="0.001" /><testcase classname="nextseek_api.cc_assistant.tests.test_step7_proxy_port" name="test_ported_file_is_byte_identical_to_pinned_source[app/__init__.py]" time="0.001" /><testcase classname="nextseek_api.cc_assistant.tests.test_step7_proxy_port" name="test_ported_file_is_byte_identical_to_pinned_source[app/config.py]" time="0.001" /><testcase classname="nextseek_api.cc_assistant.tests.test_step7_proxy_port" name="test_ported_file_is_byte_identical_to_pinned_source[app/proxy.py]" time="0.001" /><testcase classname="nextseek_api.cc_assistant.tests.test_step7_proxy_port" name="test_ported_file_is_byte_identical_to_pinned_source[proxy-secret.env.example]" time="0.001" /><testcase classname="nextseek_api.cc_assistant.tests.test_step7_proxy_port" name="test_proxy_py_carries_hardening_markers" time="0.001" /><testcase classname="nextseek_api.cc_assistant.tests.test_step7_proxy_port" name="test_config_py_carries_runtime_token_injection_from_env" time="0.001" /><testcase classname="nextseek_api.cc_assistant.tests.test_step7_proxy_port" name="test_dockerfile_copy_source_matches_this_ports_build_context" time="0.002" /><testcase classname="nextseek_api.cc_assistant.tests.test_step7_proxy_port" name="test_dockerfile_preserves_hardening_invariants" time="0.001" /><testcase classname="nextseek_api.cc_assistant.tests.test_step7_proxy_port" name="test_dockerfile_does_not_copy_the_real_secret_filename" time="0.001" /><testcase classname="nextseek_api.cc_assistant.tests.test_step7_proxy_port" name="test_real_secret_file_not_present_in_ported_tree" time="0.001" /><testcase classname="nextseek_api.cc_assistant.tests.test_step7_proxy_port" name="test_real_secret_filename_is_gitignored" time="0.001" /><testcase classname="nextseek_api.cc_assistant.tests.test_step7_proxy_port" name="test_real_secret_filename_is_dockerignored" time="0.001" /><testcase classname="nextseek_api.cc_assistant.tests.test_step7_proxy_port" name="test_real_secret_filename_is_excluded_from_root_build_context" time="0.001" /><testcase classname="nextseek_api.cc_assistant.tests.test_step7_proxy_port" name="test_example_env_contains_only_placeholder_shape_no_real_token" time="0.002" /><testcase classname="nextseek_api.cc_assistant.tests.test_step7_proxy_port" name="test_real_secret_file_is_not_git_tracked" time="0.004" /><testcase classname="nextseek_api.cc_assistant.tests.test_step7_proxy_port" name="test_compose_bedrock_proxy_service_has_no_host_ports_key" time="0.020" /><testcase classname="nextseek_api.cc_assistant.tests.test_step7_proxy_port" name="test_standalone_sidecar_compose_not_ported" time="0.001" /><testcase classname="nextseek_api.cc_assistant.tests.test_step7_proxy_port" name="test_port_evidence_file_present_and_valid_json" time="0.001" /><testcase classname="nextseek_api.cc_assistant.tests.test_step7_proxy_port" name="test_port_evidence_records_source_path_and_pinned_commit" time="0.001" /><testcase classname="nextseek_api.cc_assistant.tests.test_step7_proxy_port" name="test_port_evidence_file_inventory_matches_ported_files" time="0.002" /><testcase classname="nextseek_api.cc_assistant.tests.test_step7_proxy_port" name="test_no_secret_looking_values_anywhere_under_bedrock_proxy" time="0.003" /><testcase classname="nextseek_api.cc_assistant.tests.test_step7_sidecar_port" name="test_ns_sidecar_directory_exists" time="0.001" /><testcase classname="nextseek_api.cc_assistant.tests.test_step7_sidecar_port" name="test_ns_sidecar_app_package_present" time="0.001" /><testcase classname="nextseek_api.cc_assistant.tests.test_step7_sidecar_port" name="test_ns_sidecar_top_level_package_marker_present" time="0.001" /><testcase classname="nextseek_api.cc_assistant.tests.test_step7_sidecar_port" name="test_ns_sidecar_dockerfile_present_and_non_empty" time="0.001" /><testcase classname="nextseek_api.cc_assistant.tests.test_step7_sidecar_port" name="test_ns_sidecar_build_ignore_file_present" time="0.001" /><testcase classname="nextseek_api.cc_assistant.tests.test_step7_sidecar_port" name="test_ported_file_is_byte_identical_to_pinned_source[__init__.py]" time="0.001" /><testcase classname="nextseek_api.cc_assistant.tests.test_step7_sidecar_port" name="test_ported_file_is_byte_identical_to_pinned_source[app/__init__.py]" time="0.001" /><testcase classname="nextseek_api.cc_assistant.tests.test_step7_sidecar_port" name="test_ported_file_is_byte_identical_to_pinned_source[app/config.py]" time="0.001" /><testcase classname="nextseek_api.cc_assistant.tests.test_step7_sidecar_port" name="test_ported_file_is_byte_identical_to_pinned_source[app/contract.py]" time="0.001" /><testcase classname="nextseek_api.cc_assistant.tests.test_step7_sidecar_port" name="test_ported_file_is_byte_identical_to_pinned_source[app/exceptions.py]" time="0.001" /><testcase classname="nextseek_api.cc_assistant.tests.test_step7_sidecar_port" name="test_ported_file_is_byte_identical_to_pinned_source[app/granular_models.py]" time="0.001" /><testcase classname="nextseek_api.cc_assistant.tests.test_step7_sidecar_port" name="test_ported_file_is_byte_identical_to_pinned_source[app/healthcheck.py]" time="0.001" /><testcase classname="nextseek_api.cc_assistant.tests.test_step7_sidecar_port" name="test_ported_file_is_byte_identical_to_pinned_source[app/ns_client.py]" time="0.001" /><testcase classname="nextseek_api.cc_assistant.tests.test_step7_sidecar_port" name="test_ported_file_is_byte_identical_to_pinned_source[app/ops.py]" time="0.001" /><testcase classname="nextseek_api.cc_assistant.tests.test_step7_sidecar_port" name="test_ported_file_is_byte_identical_to_pinned_source[app/server.py]" time="0.001" /><testcase classname="nextseek_api.cc_assistant.tests.test_step7_sidecar_port" name="test_ported_file_is_byte_identical_to_pinned_source[app/staging.py]" time="0.001" /><testcase classname="nextseek_api.cc_assistant.tests.test_step7_sidecar_port" name="test_ported_file_is_byte_identical_to_pinned_source[app/write_gate.py]" time="0.001" /><testcase classname="nextseek_api.cc_assistant.tests.test_step7_sidecar_port" name="test_contract_py_carries_the_seven_ops_and_error_taxonomy" time="0.001" /><testcase classname="nextseek_api.cc_assistant.tests.test_step7_sidecar_port" name="test_config_py_required_env_is_exactly_the_t16_pair" time="0.002" /><testcase classname="nextseek_api.cc_assistant.tests.test_step7_sidecar_port" name="test_healthcheck_py_probes_exactly_the_documented_endpoint" time="0.001" /><testcase classname="nextseek_api.cc_assistant.tests.test_step7_sidecar_port" name="test_write_gate_py_enforces_strict_confirmed_write_only" time="0.001" /><testcase classname="nextseek_api.cc_assistant.tests.test_step7_sidecar_port" name="test_server_py_redacts_credentials_in_repr" time="0.001" /><testcase classname="nextseek_api.cc_assistant.tests.test_step7_sidecar_port" name="test_staging_py_hashes_api_user_never_stores_raw_username" time="0.001" /><testcase classname="nextseek_api.cc_assistant.tests.test_step7_sidecar_port" name="test_ops_py_commits_bytes_exactly_once_outside_the_artifact_loop" time="0.001" /><testcase classname="nextseek_api.cc_assistant.tests.test_step7_sidecar_port" name="test_dockerfile_copy_source_matches_this_ports_build_context" time="0.002" /><testcase classname="nextseek_api.cc_assistant.tests.test_step7_sidecar_port" name="test_dockerfile_preserves_import_layout_and_run_invariants" time="0.001" /><testcase classname="nextseek_api.cc_assistant.tests.test_step7_sidecar_port" name="test_dockerfile_pins_the_documented_dependency_floors" time="0.001" /><testcase classname="nextseek_api.cc_assistant.tests.test_step7_sidecar_port" name="test_dockerfile_does_not_copy_any_env_file" time="0.001" /><testcase classname="nextseek_api.cc_assistant.tests.test_step7_sidecar_port" name="test_no_torch_import_anywhere_in_ported_app" time="0.002" /><testcase classname="nextseek_api.cc_assistant.tests.test_step7_sidecar_port" name="test_no_chat_nextseek_reference_anywhere_in_ported_app" time="0.002" /><testcase classname="nextseek_api.cc_assistant.tests.test_step7_sidecar_port" name="test_no_live_session_db_env_access_anywhere_in_ported_app" time="0.002" /><testcase classname="nextseek_api.cc_assistant.tests.test_step7_sidecar_port" name="test_dockerfile_has_no_torch_or_chat_nextseek_or_session_db" time="0.001" /><testcase classname="nextseek_api.cc_assistant.tests.test_step7_sidecar_port" name="test_standalone_sidecar_compose_not_ported" time="0.001" /><testcase classname="nextseek_api.cc_assistant.tests.test_step7_sidecar_port" name="test_no_local_nextseek_env_overlay_files_anywhere_under_ported_tree" time="0.002" /><testcase classname="nextseek_api.cc_assistant.tests.test_step7_sidecar_port" name="test_no_env_files_of_any_kind_committed_under_ported_tree" time="0.002" /><testcase classname="nextseek_api.cc_assistant.tests.test_step7_sidecar_port" name="test_compose_ns_sidecar_service_has_no_host_ports_key" time="0.019" /><testcase classname="nextseek_api.cc_assistant.tests.test_step7_sidecar_port" name="test_port_evidence_file_present_and_valid_json" time="0.001" /><testcase classname="nextseek_api.cc_assistant.tests.test_step7_sidecar_port" name="test_port_evidence_records_source_path_and_pinned_commit" time="0.001" /><testcase classname="nextseek_api.cc_assistant.tests.test_step7_sidecar_port" name="test_port_evidence_file_inventory_matches_ported_files" time="0.002" /><testcase classname="nextseek_api.cc_assistant.tests.test_step7_sidecar_port" name="test_port_evidence_not_ported_records_the_compose_fragment" time="0.001" /><testcase classname="nextseek_api.cc_assistant.tests.test_step7_sidecar_port" name="test_no_secret_looking_values_anywhere_under_ns_sidecar" time="0.007" /></testsuite></testsuites>