<?xml version="1.0" encoding="utf-8"?><testsuites name="pytest tests"><testsuite name="pytest" errors="0" failures="1" skipped="0" tests="62" time="0.280" timestamp="2026-08-12T23:24:00.210701+00:00" hostname="3fd6bba25895"><testcase classname="nextseek_api.eval.tests.test_human_annotations" name="test_extra_forbid_unknown_label" time="0.002" /><testcase classname="nextseek_api.eval.tests.test_human_annotations" name="test_map_human_label_total_mapping" time="0.001" /><testcase classname="nextseek_api.eval.tests.test_human_annotations" name="test_sidecar_cannot_override_judge_silently" time="0.001" /><testcase classname="nextseek_api.eval.tests.test_human_annotations" name="test_reject_orphan_case" time="0.001" /><testcase classname="nextseek_api.eval.tests.test_human_annotations" name="test_reject_duplicate" time="0.001" /><testcase classname="nextseek_api.eval.tests.test_human_annotations" name="test_reject_stale_vocabulary" time="0.001" /><testcase classname="nextseek_api.eval.tests.test_human_annotations" name="test_reject_stale_timestamp" time="0.001" /><testcase classname="nextseek_api.eval.tests.test_human_annotations" name="test_reject_unauthorized_authority" time="0.001" /><testcase classname="nextseek_api.eval.tests.test_human_annotations" name="test_reject_conflicting_labels" time="0.001" /><testcase classname="nextseek_api.eval.tests.test_human_annotations" name="test_reject_orphan_arm" time="0.001" /><testcase classname="nextseek_api.eval.tests.test_conservation" name="test_conservation_identity" time="0.001" /><testcase classname="nextseek_api.eval.tests.test_conservation" name="test_fit_admission_excludes_pending_and_excluded" time="0.001" /><testcase classname="nextseek_api.eval.tests.test_conservation" name="test_support_gate_defaults" time="0.001" /><testcase classname="nextseek_api.eval.tests.test_conservation" name="test_discordant_pair_count" time="0.001" /><testcase classname="nextseek_api.eval.tests.test_conservation" name="test_single_arm_pair_pending" time="0.001" /><testcase classname="nextseek_api.eval.tests.test_conservation" name="test_differential_attrition_flags_route_imbalance" time="0.001" /><testcase classname="nextseek_api.eval.tests.test_conservation" name="test_sensitivity_bounds_include_pending_and_excluded" time="0.001"><failure message="assert 0 == 1">def test_sensitivity_bounds_include_pending_and_excluded() -&gt; None:
        pairs = [
            {"pair_id": "p1", "query_id": "q1", "family": "f", "ns_arm_id": "ns1", "cc_arm_id": "cc1"},
            {"pair_id": "p2", "query_id": "q2", "family": "f", "ns_arm_id": "ns2", "cc_arm_id": "cc2"},
        ]
        buckets = {
            "ns1": ArmBucket(query_id="q1", route="ns", bucket=OutcomeBucket.desired, scored_value=True),
            "cc1": ArmBucket(query_id="q1", route="cc", bucket=OutcomeBucket.desired, scored_value=True),
            "ns2": ArmBucket(query_id="q2", route="ns", bucket=OutcomeBucket.pending),
            "cc2": ArmBucket(query_id="q2", route="cc", bucket=OutcomeBucket.excluded),
        }
        admission = build_fit_admission(pairs, buckets)
        bounds = compute_sensitivity_bounds(
            admission,
            pairs,
            buckets,
            config=SupportGateConfig(min_retained_pairs=2, min_discordant_pairs=1),
        )
        assert bounds["retained_pairs"]["observed"] == 1
        assert bounds["retained_pairs"]["max"] == 2
        assert bounds["pending_pairs"] == 1
&gt;       assert bounds["excluded_pairs"] == 1
E       assert 0 == 1

nextseek_api/eval/tests/test_conservation.py:111: AssertionError</failure></testcase><testcase classname="nextseek_api.eval.tests.test_conservation" name="test_support_gate_includes_attrition_and_sensitivity" time="0.001" /><testcase classname="nextseek_api.eval.tests.test_disposition" name="test_combined_success_and_gate" time="0.001" /><testcase classname="nextseek_api.eval.tests.test_disposition" name="test_provider_outage_excluded" time="0.001" /><testcase classname="nextseek_api.eval.tests.test_disposition" name="test_unjudged_excluded_not_scored_zero" time="0.001" /><testcase classname="nextseek_api.eval.tests.test_disposition" name="test_deterministic_gate_failure_skips_judge" time="0.001" /><testcase classname="nextseek_api.eval.tests.test_disposition" name="test_zero_criteria_excluded" time="0.001" /><testcase classname="nextseek_api.eval.tests.test_disposition" name="test_missing_arm_pending" time="0.001" /><testcase classname="nextseek_api.eval.tests.test_disposition" name="test_unknown_value_fail_closed" time="0.001" /><testcase classname="nextseek_api.eval.tests.test_disposition" name="test_timeout_scored_zero" time="0.001" /><testcase classname="nextseek_api.eval.tests.test_disposition" name="test_code_error_scored_zero" time="0.001" /><testcase classname="nextseek_api.eval.tests.test_disposition" name="test_usage_policy_scored_zero" time="0.001" /><testcase classname="nextseek_api.eval.tests.test_disposition" name="test_unevaluable_excluded" time="0.001" /><testcase classname="nextseek_api.eval.tests.test_judge_mutations" name="test_aggregation_mutants_are_detected[aggregate_outcome_first_vote-outcome-&lt;lambda&gt;-outcome_oracle0]" time="0.001" /><testcase classname="nextseek_api.eval.tests.test_judge_mutations" name="test_aggregation_mutants_are_detected[aggregate_outcome_invert_failure_partition-outcome-&lt;lambda&gt;-outcome_oracle1]" time="0.001" /><testcase classname="nextseek_api.eval.tests.test_judge_mutations" name="test_aggregation_mutants_are_detected[aggregate_outcome_plurality_bypass-outcome-&lt;lambda&gt;-outcome_oracle2]" time="0.001" /><testcase classname="nextseek_api.eval.tests.test_judge_mutations" name="test_aggregation_mutants_are_detected[aggregate_primary_issue_first_only-primary_issue-&lt;lambda&gt;-None]" time="0.001" /><testcase classname="nextseek_api.eval.tests.test_judge_mutations" name="test_aggregation_mutants_are_detected[aggregate_primary_issue_reverse_severity-primary_issue-&lt;lambda&gt;-None]" time="0.001" /><testcase classname="nextseek_api.eval.tests.test_judge_mutations" name="test_aggregation_mutants_are_detected[aggregate_primary_issue_no_issue_always-primary_issue-&lt;lambda&gt;-None]" time="0.001" /><testcase classname="nextseek_api.eval.tests.test_judge_mutations" name="test_aggregation_mutants_are_detected[aggregate_review_priority_min-review_priority-&lt;lambda&gt;-None]" time="0.001" /><testcase classname="nextseek_api.eval.tests.test_judge_mutations" name="test_aggregation_mutants_are_detected[aggregate_review_priority_first-review_priority-&lt;lambda&gt;-None]" time="0.001" /><testcase classname="nextseek_api.eval.tests.test_judge_mutations" name="test_aggregation_mutants_are_detected[aggregate_usefulness_mean-usefulness-&lt;lambda&gt;-None]" time="0.001" /><testcase classname="nextseek_api.eval.tests.test_judge_mutations" name="test_aggregation_mutants_are_detected[aggregate_usefulness_max-usefulness-&lt;lambda&gt;-None]" time="0.002" /><testcase classname="nextseek_api.eval.tests.test_judge_mutations" name="test_aggregation_mutants_are_detected[aggregate_needs_review_all-needs_human_review-&lt;lambda&gt;-None]" time="0.002" /><testcase classname="nextseek_api.eval.tests.test_judge_mutations" name="test_aggregation_mutants_are_detected[aggregate_needs_review_none-needs_human_review-&lt;lambda&gt;-None]" time="0.002" /><testcase classname="nextseek_api.eval.tests.test_judge_mutations" name="test_aggregation_mutants_are_detected[aggregate_rationale_last_match-rationale-&lt;lambda&gt;-None]" time="0.002" /><testcase classname="nextseek_api.eval.tests.test_judge_mutations" name="test_aggregation_mutants_are_detected[aggregate_rationale_always_first-rationale-&lt;lambda&gt;-None]" time="0.002" /><testcase classname="nextseek_api.eval.tests.test_judge_mutations" name="test_three_vote_outcome_permutations_match_oracle" time="0.001" /><testcase classname="nextseek_api.eval.tests.test_judge_mutations" name="test_three_vote_primary_issue_majority" time="0.001" /><testcase classname="nextseek_api.eval.tests.test_judge_aggregation" name="test_aggregate_outcome_2_to_1_majority" time="0.001" /><testcase classname="nextseek_api.eval.tests.test_judge_aggregation" name="test_aggregate_outcome_all_distinct_failure_partition_first" time="0.001" /><testcase classname="nextseek_api.eval.tests.test_judge_aggregation" name="test_aggregate_primary_issue_severity_tiebreak" time="0.001" /><testcase classname="nextseek_api.eval.tests.test_judge_aggregation" name="test_aggregate_review_priority_max" time="0.001" /><testcase classname="nextseek_api.eval.tests.test_judge_aggregation" name="test_aggregate_usefulness_median" time="0.001" /><testcase classname="nextseek_api.eval.tests.test_judge_aggregation" name="test_aggregate_needs_review_or" time="0.001" /><testcase classname="nextseek_api.eval.tests.test_judge_aggregation" name="test_aggregate_rationale_first_matching_outcome" time="0.001" /><testcase classname="nextseek_api.eval.tests.test_judge_aggregation" name="test_aggregate_three_evaluations_exactly_three" time="0.001" /><testcase classname="nextseek_api.eval.tests.test_judge_aggregation" name="test_no_confidence_field_in_judge_module" time="0.001" /><testcase classname="nextseek_api.eval.tests.test_attempt_store" name="test_round_trip_write_verify" time="0.003" /><testcase classname="nextseek_api.eval.tests.test_attempt_store" name="test_hash_without_bytes_rejected" time="0.001" /><testcase classname="nextseek_api.eval.tests.test_attempt_store" name="test_duplicate_attempt_id_rejected" time="0.002" /><testcase classname="nextseek_api.eval.tests.test_attempt_store" name="test_invalid_call_index_rejected" time="0.001" /><testcase classname="nextseek_api.eval.tests.test_stage_c_runner" name="test_stage_c_exactly_three_calls" time="0.002" /><testcase classname="nextseek_api.eval.tests.test_stage_c_runner" name="test_stage_c_replay_from_store" time="0.003" /><testcase classname="nextseek_api.eval.tests.test_stage_c_runner" name="test_stage_c_rejects_non_three_max_calls" time="0.001" /><testcase classname="nextseek_api.eval.tests.test_stage_c_runner" name="test_unknown_outcome_fail_closed_on_aggregate" time="0.002" /></testsuite></testsuites>