<?xml version="1.0" encoding="utf-8"?><testsuites name="pytest tests"><testsuite name="pytest" errors="0" failures="0" skipped="2" tests="50" time="0.835" timestamp="2026-08-17T23:04:20.616943+00:00" hostname="1d2e28e3992d"><testcase classname="nessie_tests.tests.test_export" name="test_the_error_class_vocabulary[the socket timed out-timeout]" time="0.060" /><testcase classname="nessie_tests.tests.test_export" name="test_the_error_class_vocabulary[Traceback: ValueError: nope-unclassified]" time="0.001" /><testcase classname="nessie_tests.tests.test_export" name="test_the_error_class_vocabulary[-none]" time="0.001" /><testcase classname="nessie_tests.tests.test_export" name="test_an_errored_arm_with_no_message_is_no_text_and_never_none" time="0.036" /><testcase classname="nessie_tests.tests.test_export" name="test_none_is_the_only_token_that_says_the_arm_was_fine" time="0.009" /><testcase classname="nessie_tests.tests.test_export" name="test_no_collected_row_makes_the_error_class_unobserved_not_none" time="0.007" /><testcase classname="nessie_tests.tests.test_export" name="test_stop_reason_is_the_last_one_the_transcript_recorded" time="0.006" /><testcase classname="nessie_tests.tests.test_export" name="test_the_arm_with_no_transcript_reports_no_transcript_and_no_value" time="0.007" /><testcase classname="nessie_tests.tests.test_export" name="test_a_transcript_with_no_stop_reason_is_not_the_same_as_no_transcript" time="0.007" /><testcase classname="nessie_tests.tests.test_export" name="test_an_ns_arm_is_not_applicable_rather_than_missing_a_transcript" time="0.004" /><testcase classname="nessie_tests.tests.test_export" name="test_an_unparseable_line_does_not_discard_the_records_around_it" time="0.005" /><testcase classname="nessie_tests.tests.test_export" name="test_an_unreadable_transcript_is_not_reported_as_an_absent_one" time="0.004"><skipped type="pytest.skip" message="running as root: an unreadable file is not reachable">/repo/nessie_tests/tests/test_export.py:731: running as root: an unreadable file is not reachable</skipped></testcase><testcase classname="nessie_tests.tests.test_export" name="test_a_skipped_arm_is_excluded_not_scored" time="0.013" /><testcase classname="nessie_tests.tests.test_export" name="test_a_deadline_abort_is_excluded_not_scored_as_a_success" time="0.012" /><testcase classname="nessie_tests.tests.test_export" name="test_a_deadline_abort_is_not_filed_as_a_provider_outage" time="0.011" /><testcase classname="nessie_tests.tests.test_export" name="test_a_deadline_abort_never_reaches_the_grader_either" time="0.028" /><testcase classname="nessie_tests.tests.test_export" name="test_any_non_terminal_turn_condemns_the_whole_arm" time="0.005" /><testcase classname="nessie_tests.tests.test_export" name="test_a_terminal_row_is_scored_normally" time="0.005" /><testcase classname="nessie_tests.tests.test_export" name="test_a_row_with_no_status_at_all_is_not_evidence_of_a_deadline_abort[row0-the key is absent]" time="0.023" /><testcase classname="nessie_tests.tests.test_export" name="test_a_row_with_no_status_at_all_is_not_evidence_of_a_deadline_abort[row1-the key is present and null]" time="0.003" /><testcase classname="nessie_tests.tests.test_export" name="test_a_row_with_no_status_at_all_is_not_evidence_of_a_deadline_abort[row2-a NULL status column mapped to an empty string]" time="0.003" /><testcase classname="nessie_tests.tests.test_export" name="test_a_row_with_no_status_at_all_is_not_evidence_of_a_deadline_abort[row3-whitespace is the same absence in a hat]" time="0.003" /><testcase classname="nessie_tests.tests.test_export" name="test_an_outage_outranks_a_deadline_abort" time="0.004" /><testcase classname="nessie_tests.tests.test_export" name="test_an_unobserved_cell_names_its_row_on_disk" time="0.008" /><testcase classname="nessie_tests.tests.test_export" name="test_a_collected_arm_records_no_unobserved_cell" time="0.008" /><testcase classname="nessie_tests.tests.test_export" name="test_the_unobserved_file_is_written_even_when_nothing_was_unobserved" time="0.006" /><testcase classname="nessie_tests.tests.test_export" name="test_a_second_ns_run_root_is_not_invisible" time="0.007" /><testcase classname="nessie_tests.tests.test_export" name="test_a_shared_run_root_is_not_reported_as_Missing" time="0.004" /><testcase classname="nessie_tests.tests.test_export" name="test_a_shared_run_root_makes_the_count_unobserved_rather_than_guessed" time="0.006" /><testcase classname="nessie_tests.tests.test_export" name="test_the_never_executed_vocabulary_is_manifests_and_not_a_second_copy" time="0.003" /><testcase classname="nessie_tests.tests.test_export" name="test_the_exclusions_file_is_written_even_when_nothing_was_excluded" time="0.006" /><testcase classname="nessie_tests.tests.test_export" name="test_a_half_written_pair_exports_the_arm_it_has" time="0.008" /><testcase classname="nessie_tests.tests.test_export" name="test_the_header_written_to_disk_is_the_locked_order" time="0.006" /><testcase classname="nessie_tests.tests.test_export" name="test_the_paired_design_keeps_ONE_query_id_across_the_two_arms" time="0.005" /><testcase classname="nessie_tests.tests.test_export" name="test_artifact_status_reads_cc_artifacts_because_cc_scratch_is_always_empty" time="0.006" /><testcase classname="nessie_tests.tests.test_export" name="test_an_empty_artifact_directory_is_Missing_not_Indeterminate" time="0.004" /><testcase classname="nessie_tests.tests.test_export" name="test_artifact_status_vocabulary" time="0.009" /><testcase classname="nessie_tests.tests.test_export" name="test_artifact_status_is_Indeterminate_and_never_claims_the_artifact_is_VALID" time="0.004" /><testcase classname="nessie_tests.tests.test_export" name="test_an_unreadable_artifact_is_Unreadable_not_Missing" time="0.004"><skipped type="pytest.skip" message="running as root: an unreadable directory is not reachable">/repo/nessie_tests/tests/test_export.py:1047: running as root: an unreadable directory is not reachable</skipped></testcase><testcase classname="nessie_tests.tests.test_export" name="test_cc_artifact_count_is_the_published_artifact_list" time="0.004" /><testcase classname="nessie_tests.tests.test_export" name="test_ns_artifact_count_counts_files_not_the_directories_holding_them" time="0.005" /><testcase classname="nessie_tests.tests.test_export" name="test_stage_b_is_one_file_covering_both_arms" time="0.010" /><testcase classname="nessie_tests.tests.test_export" name="test_a_stage_b_query_id_round_trips_to_its_pair_and_arm[cons.nhp_sequencing_engine]" time="0.003" /><testcase classname="nessie_tests.tests.test_export" name="test_a_stage_b_query_id_round_trips_to_its_pair_and_arm[weird::held]" time="0.001" /><testcase classname="nessie_tests.tests.test_export" name="test_stage_b_excludes_exactly_what_the_runtime_export_excludes" time="0.008" /><testcase classname="nessie_tests.tests.test_export" name="test_the_two_files_never_disagree_about_the_same_column[passed--expected0]" time="0.006" /><testcase classname="nessie_tests.tests.test_export" name="test_the_two_files_never_disagree_about_the_same_column[failed--expected1]" time="0.003" /><testcase classname="nessie_tests.tests.test_export" name="test_the_two_files_never_disagree_about_the_same_column[no_assertions--expected2]" time="0.003" /><testcase classname="nessie_tests.tests.test_export" name="test_the_two_files_never_disagree_about_the_same_column[error--expected3]" time="0.003" /><testcase classname="nessie_tests.tests.test_export" name="test_the_two_files_never_disagree_about_the_same_column[passed-TimeOut waiting for query_complete-expected4]" time="0.003" /></testsuite></testsuites>