<?xml version="1.0" encoding="utf-8"?><testsuites name="pytest tests"><testsuite name="pytest" errors="0" failures="0" skipped="0" tests="50" time="2.038" timestamp="2026-08-17T23:04:38.471835+00:00" hostname="120a1734dd86"><testcase classname="nessie_tests.tests.test_run_case" name="test_run_case_forces_new_on_the_first_turn_only" time="0.325" /><testcase classname="nessie_tests.tests.test_run_case" name="test_run_case_records_a_requires_env_skip_rather_than_failing" time="0.022" /><testcase classname="nessie_tests.tests.test_run_case" name="test_run_case_skips_a_non_gate_case_at_route_tier" time="0.016" /><testcase classname="nessie_tests.tests.test_run_case" name="test_route_criteria_are_stripped_when_forcing" time="0.128" /><testcase classname="nessie_tests.tests.test_run_case" name="test_route_criteria_survive_when_not_forcing" time="0.014" /><testcase classname="nessie_tests.tests.test_run_case" name="test_the_stripped_count_is_recorded_rather_than_silent" time="0.017" /><testcase classname="nessie_tests.tests.test_run_case" name="test_known_fail_does_not_become_xpass_under_forcing" time="0.015" /><testcase classname="nessie_tests.tests.test_run_case" name="test_a_forced_pass_is_not_promoted_where_an_unforced_one_is" time="0.021" /><testcase classname="nessie_tests.tests.test_run_case" name="test_the_forced_cc_arm_skips_ns_pipeline_criteria_instead_of_failing_them" time="0.018" /><testcase classname="nessie_tests.tests.test_run_case" name="test_the_forced_ns_arm_keeps_every_one_of_them" time="0.021" /><testcase classname="nessie_tests.tests.test_run_case" name="test_the_survivors_on_a_forced_cc_arm_are_still_real_assertions" time="0.030" /><testcase classname="nessie_tests.tests.test_run_case" name="test_the_forced_skip_count_is_recorded_rather_than_silent" time="0.029" /><testcase classname="nessie_tests.tests.test_run_case" name="test_a_router_decided_cc_turn_still_fails_them_through_run_case" time="0.015" /><testcase classname="nessie_tests.tests.test_run_case" name="test_run_suite_cannot_reach_the_widening" time="0.068" /><testcase classname="nessie_tests.tests.test_run_case" name="test_no_bayesian_variant_evaluates_nothing_on_a_forced_cc_arm" time="0.072" /><testcase classname="nessie_tests.tests.test_run_case" name="test_route_source_is_stripped_under_forcing_like_route_and_engine" time="0.029" /><testcase classname="nessie_tests.tests.test_run_case" name="test_no_artifact_criterion_left_scored_on_a_cc_arm_is_guaranteed_red" time="0.024" /><testcase classname="nessie_tests.tests.test_runner" name="test_run_suite_route_tier_specific" time="0.062" /><testcase classname="nessie_tests.tests.test_runner" name="test_no_route_expectation_is_injected_into_imported_variants" time="0.005" /><testcase classname="nessie_tests.tests.test_runner" name="test_route_tier_skips_full_tagged_variant" time="0.025" /><testcase classname="nessie_tests.tests.test_runner" name="test_full_tier_drives_route_gate_cc_route_only" time="0.154" /><testcase classname="nessie_tests.tests.test_runner" name="test_unsatisfied_requires_env_is_skipped" time="0.023" /><testcase classname="nessie_tests.tests.test_runner" name="test_first_turn_isolates_the_case_later_turns_share_it" time="0.030" /><testcase classname="nessie_tests.tests.test_runner" name="test_run_suite_never_forces_the_route" time="0.028" /><testcase classname="nessie_tests.tests.test_runner" name="test_known_fail_that_passes_is_reported_as_xpass" time="0.029" /><testcase classname="nessie_tests.tests.test_runner" name="test_criteria_miss_marks_failed_with_reasons" time="0.026" /><testcase classname="nessie_tests.tests.test_runner" name="test_apply_xpass_promotes_a_passing_known_fail" time="0.003" /><testcase classname="nessie_tests.tests.test_runner" name="test_apply_xpass_leaves_everything_else_alone" time="0.012" /><testcase classname="nessie_tests.tests.test_runner" name="test_the_consistency_branch_uses_the_shared_helper" time="0.030" /><testcase classname="nessie_tests.tests.test_runner" name="test_the_summary_and_the_gate_cannot_disagree" time="0.010" /><testcase classname="nessie_tests.tests.test_runner" name="test_an_xpass_is_not_filed_under_expected_failures" time="0.003" /><testcase classname="nessie_tests.tests.test_runner" name="test_a_genuinely_failing_known_fail_is_excluded_from_the_gate" time="0.004" /><testcase classname="nessie_tests.tests.test_runner" name="test_errors_on_unexpected_cases_still_count" time="0.003" /><testcase classname="nessie_tests.tests.test_runner" name="test_an_outaged_case_is_error_and_cannot_fail_the_gate" time="0.033" /><testcase classname="nessie_tests.tests.test_runner" name="test_an_outage_still_records_what_the_criteria_saw" time="0.029" /><testcase classname="nessie_tests.tests.test_runner" name="test_an_outage_stops_driving_the_rest_of_the_case" time="0.023" /><testcase classname="nessie_tests.tests.test_runner" name="test_a_non_outage_error_still_fails_the_gate" time="0.025" /><testcase classname="nessie_tests.tests.test_runner" name="test_an_ordinary_failure_is_untouched_by_the_outage_path" time="0.025" /><testcase classname="nessie_tests.tests.test_runner" name="test_an_outaged_consistency_group_is_error_not_a_count_failure" time="0.038" /><testcase classname="nessie_tests.tests.test_runner" name="test_an_outaged_known_fail_is_not_filed_as_a_failure_that_met_expectation" time="0.004" /><testcase classname="nessie_tests.tests.test_runner" name="test_the_summary_and_the_gate_still_cannot_disagree_about_outages" time="0.007" /><testcase classname="nessie_tests.tests.test_runner" name="test_an_outage_after_a_real_failure_does_not_erase_it" time="0.031" /><testcase classname="nessie_tests.tests.test_runner" name="test_an_outage_on_the_first_turn_of_a_multi_turn_case_is_still_exempt" time="0.031" /><testcase classname="nessie_tests.tests.test_runner" name="test_an_outage_flag_cannot_hide_a_recorded_criterion_failure" time="0.006" /><testcase classname="nessie_tests.tests.test_runner" name="test_a_clean_outage_is_still_exempt_with_no_failed_criteria" time="0.005" /><testcase classname="nessie_tests.tests.test_runner" name="test_a_sticky_followup_is_not_an_infrastructure_condition" time="0.023" /><testcase classname="nessie_tests.tests.test_runner" name="test_a_heuristic_followup_is_still_an_infrastructure_condition" time="0.025" /><testcase classname="nessie_tests.tests.test_runner" name="test_an_unknown_source_is_bucketed_because_the_predicate_is_an_allowlist" time="0.010" /><testcase classname="nessie_tests.tests.test_runner" name="test_a_manifest_written_before_route_sources_classifies_off_route_source_alone" time="0.011" /><testcase classname="nessie_tests.tests.test_runner" name="test_any_turn_outside_the_allowlist_buckets_the_entry" time="0.006" /></testsuite></testsuites>