<?xml version="1.0" encoding="utf-8"?><testsuites name="pytest tests"><testsuite name="pytest" errors="0" failures="0" skipped="0" tests="10" time="74.428" timestamp="2026-08-18T13:44:33.362769+00:00" hostname="34380d31fcec"><testcase classname="nextseek_api.eval.tests.test_v4_8_mysql" name="test_mysql_nway_contention_no_overspend" time="15.045" /><testcase classname="nextseek_api.eval.tests.test_v4_8_mysql" name="test_mysql_idempotency_replay_under_contention" time="10.166" /><testcase classname="nextseek_api.eval.tests.test_v4_8_mysql" name="test_mysql_crash_injection_family[CRASH_BEFORE_RESERVE-False-missing]" time="9.838" /><testcase classname="nextseek_api.eval.tests.test_v4_8_mysql" name="test_mysql_crash_injection_family[CRASH_AFTER_RESERVE-True-pending]" time="9.794" /><testcase classname="nextseek_api.eval.tests.test_v4_8_mysql" name="test_mysql_crash_injection_family[CRASH_AFTER_PROVIDER-True-pending]" time="9.779" /><testcase classname="nextseek_api.eval.tests.test_v4_8_mysql" name="test_mysql_crash_injection_family[CRASH_BEFORE_RECONCILE-True-pending]" time="9.579" /><testcase classname="nextseek_api.eval.tests.test_v4_8_mysql" name="test_mysql_broker_redelivery_replays_without_double_spend" time="9.628" /><testcase classname="nextseek_api.eval.tests.test_v4_8_mysql" name="test_mysql_crash_after_provider_releases_on_exception" time="0.199" /><testcase classname="nextseek_api.eval.tests.test_v4_8_mysql" name="test_mysql_orphan_pending_can_be_released" time="0.176" /><testcase classname="nextseek_api.eval.tests.test_v4_8_mysql" name="test_mysql_expiry_sweep" time="0.164" /></testsuite></testsuites>