<?xml version="1.0" encoding="utf-8"?><testsuites name="pytest tests"><testsuite name="pytest" errors="0" failures="0" skipped="1" tests="50" time="2.424" timestamp="2026-08-13T04:15:04.990087+00:00" hostname="e3d0e957a5e0"><testcase classname="nessie_tests.tests.test_export" name="test_an_outage_outranks_a_deadline_abort" time="0.074" /><testcase classname="nessie_tests.tests.test_export" name="test_an_unobserved_cell_names_its_row_on_disk" time="0.017" /><testcase classname="nessie_tests.tests.test_export" name="test_a_collected_arm_records_no_unobserved_cell" time="0.009" /><testcase classname="nessie_tests.tests.test_export" name="test_the_unobserved_file_is_written_even_when_nothing_was_unobserved" time="0.006" /><testcase classname="nessie_tests.tests.test_export" name="test_a_second_ns_run_root_is_not_invisible" time="0.007" /><testcase classname="nessie_tests.tests.test_export" name="test_a_shared_run_root_is_not_reported_as_Missing" time="0.030" /><testcase classname="nessie_tests.tests.test_export" name="test_a_shared_run_root_makes_the_count_unobserved_rather_than_guessed" time="0.005" /><testcase classname="nessie_tests.tests.test_export" name="test_the_never_executed_vocabulary_is_manifests_and_not_a_second_copy" time="0.003" /><testcase classname="nessie_tests.tests.test_export" name="test_the_exclusions_file_is_written_even_when_nothing_was_excluded" time="0.006" /><testcase classname="nessie_tests.tests.test_export" name="test_a_half_written_pair_exports_the_arm_it_has" time="0.008" /><testcase classname="nessie_tests.tests.test_export" name="test_the_header_written_to_disk_is_the_locked_order" time="0.006" /><testcase classname="nessie_tests.tests.test_export" name="test_the_paired_design_keeps_ONE_query_id_across_the_two_arms" time="0.004" /><testcase classname="nessie_tests.tests.test_export" name="test_artifact_status_reads_cc_artifacts_because_cc_scratch_is_always_empty" time="0.009" /><testcase classname="nessie_tests.tests.test_export" name="test_an_empty_artifact_directory_is_Missing_not_Indeterminate" time="0.004" /><testcase classname="nessie_tests.tests.test_export" name="test_artifact_status_vocabulary" time="0.009" /><testcase classname="nessie_tests.tests.test_export" name="test_artifact_status_is_Indeterminate_and_never_claims_the_artifact_is_VALID" time="0.004" /><testcase classname="nessie_tests.tests.test_export" name="test_an_unreadable_artifact_is_Unreadable_not_Missing" time="0.004"><skipped type="pytest.skip" message="running as root: an unreadable directory is not reachable">/repo/nessie_tests/tests/test_export.py:1047: running as root: an unreadable directory is not reachable</skipped></testcase><testcase classname="nessie_tests.tests.test_export" name="test_cc_artifact_count_is_the_published_artifact_list" time="0.004" /><testcase classname="nessie_tests.tests.test_export" name="test_ns_artifact_count_counts_files_not_the_directories_holding_them" time="0.005" /><testcase classname="nessie_tests.tests.test_export" name="test_stage_b_is_one_file_covering_both_arms" time="0.010" /><testcase classname="nessie_tests.tests.test_export" name="test_a_stage_b_query_id_round_trips_to_its_pair_and_arm[cons.nhp_sequencing_engine]" time="0.004" /><testcase classname="nessie_tests.tests.test_export" name="test_a_stage_b_query_id_round_trips_to_its_pair_and_arm[weird::held]" time="0.001" /><testcase classname="nessie_tests.tests.test_export" name="test_stage_b_excludes_exactly_what_the_runtime_export_excludes" time="0.009" /><testcase classname="nessie_tests.tests.test_export" name="test_the_two_files_never_disagree_about_the_same_column[passed--expected0]" time="0.007" /><testcase classname="nessie_tests.tests.test_export" name="test_the_two_files_never_disagree_about_the_same_column[failed--expected1]" time="0.003" /><testcase classname="nessie_tests.tests.test_export" name="test_the_two_files_never_disagree_about_the_same_column[no_assertions--expected2]" time="0.003" /><testcase classname="nessie_tests.tests.test_export" name="test_the_two_files_never_disagree_about_the_same_column[error--expected3]" time="0.003" /><testcase classname="nessie_tests.tests.test_export" name="test_the_two_files_never_disagree_about_the_same_column[passed-TimeOut waiting for query_complete-expected4]" time="0.003" /><testcase classname="nessie_tests.tests.test_export" name="test_stage_b_carries_the_corpus_metadata_the_grader_is_given" time="0.006" /><testcase classname="nessie_tests.tests.test_export" name="test_a_fully_collected_arm_carries_the_answer_stage_c_grades" time="0.005" /><testcase classname="nessie_tests.tests.test_export" name="test_the_answer_is_the_last_turns_and_the_question_is_the_conversation" time="0.006" /><testcase classname="nessie_tests.tests.test_export" name="test_an_arm_with_no_reply_is_blank_in_ONE_column_not_two" time="0.008" /><testcase classname="nessie_tests.tests.test_export" name="test_the_reply_is_recovered_from_query_complete_when_the_result_never_landed" time="0.004" /><testcase classname="nessie_tests.tests.test_export" name="test_the_operator_is_told_how_many_rows_have_no_answer_to_grade" time="0.017" /><testcase classname="nessie_tests.tests.test_export" name="test_a_variant_missing_from_the_corpus_names_itself" time="0.003" /><testcase classname="nessie_tests.tests.test_export" name="test_a_timeout_reason_outranks_the_error_status" time="0.005" /><testcase classname="nessie_tests.tests.test_export" name="test_the_documented_export_command_actually_writes_the_csvs" time="0.735" /><testcase classname="nessie_tests.tests.test_export" name="test_the_export_cli_reads_the_collected_tree_the_report_reads" time="0.012" /><testcase classname="nessie_tests.tests.test_export" name="test_an_export_with_no_collected_tree_says_the_run_is_degraded" time="0.012" /><testcase classname="nessie_tests.tests.test_export" name="test_the_export_cli_refuses_a_normal_runs_manifest" time="0.725" /><testcase classname="nessie_tests.tests.test_export" name="test_the_export_cli_names_the_manifest_through_the_constant" time="0.007" /><testcase classname="nessie_tests.tests.test_merge_grades" name="test_llm_outcome_projects_to_binary_per_upstream_dd08" time="0.029" /><testcase classname="nessie_tests.tests.test_merge_grades" name="test_not_assessable_is_neither_success_nor_failure" time="0.005" /><testcase classname="nessie_tests.tests.test_merge_grades" name="test_an_absent_verdict_is_also_neither" time="0.005" /><testcase classname="nessie_tests.tests.test_merge_grades" name="test_agreement_is_computed_only_where_both_graders_spoke" time="0.016" /><testcase classname="nessie_tests.tests.test_merge_grades" name="test_a_missing_human_grade_fails_loudly" time="0.014" /><testcase classname="nessie_tests.tests.test_merge_grades" name="test_the_error_states_the_scale_rather_than_showing_ten_of_two_hundred" time="0.015" /><testcase classname="nessie_tests.tests.test_merge_grades" name="test_the_exception_carries_every_ungraded_key_not_just_the_named_ten" time="0.007" /><testcase classname="nessie_tests.tests.test_merge_grades" name="test_a_grade_outside_the_vocabulary_is_named_as_a_mismatch_not_an_unfinished_pass" time="0.011" /><testcase classname="nessie_tests.tests.test_merge_grades" name="test_an_unknown_image_names_the_row_it_came_from" time="0.011" /></testsuite></testsuites>