<?xml version="1.0" encoding="utf-8"?><testsuites name="pytest tests"><testsuite name="pytest" errors="0" failures="0" skipped="0" tests="50" time="4.950" timestamp="2026-08-17T22:29:18.838590+00:00" hostname="4e5a9e8e1229"><testcase classname="nessie_tests.tests.test_unified_corpus" name="test_defaults_cover_the_retired_only_families_too" time="0.061" /><testcase classname="nessie_tests.tests.test_unified_corpus" name="test_hibayes_meta_falls_back_to_the_family_default" time="0.009" /><testcase classname="nessie_tests.tests.test_unified_corpus" name="test_reporting_overrides_prove_the_override_mechanism_works" time="0.009" /><testcase classname="nessie_tests.tests.test_unified_corpus" name="test_every_reporting_deposit_variant_overrides_its_family_default" time="0.252" /><testcase classname="nessie_tests.tests.test_unified_corpus" name="test_no_override_uses_an_invalid_enum_value" time="0.011" /><testcase classname="nessie_tests.tests.test_unified_corpus" name="test_a_none_override_means_inherit_rather_than_null" time="0.015" /><testcase classname="nessie_tests.tests.test_unified_corpus" name="test_hibayes_meta_resolves_against_the_declared_family_not_the_block" time="0.016" /><testcase classname="nessie_tests.tests.test_unified_corpus" name="test_hibayes_meta_raises_on_an_unknown_id" time="0.007" /><testcase classname="nessie_tests.tests.test_unified_corpus" name="test_bayesian_selection_is_nonempty_active_and_family_balanced" time="0.026" /><testcase classname="nessie_tests.tests.test_unified_corpus" name="test_no_route_gate_variant_is_selected_for_the_paid_paired_run" time="0.020" /><testcase classname="nessie_tests.tests.test_unified_corpus" name="test_bayesian_selection_is_in_corpus_order_and_has_no_duplicates" time="0.021" /><testcase classname="nessie_tests.tests.test_unified_corpus" name="test_bayesian_ids_drops_a_flagged_variant_that_was_later_retired" time="0.005" /><testcase classname="nessie_tests.tests.test_unified_corpus" name="test_every_deselected_refine_and_recall_member_records_why" time="0.017" /><testcase classname="nessie_tests.tests.test_unified_corpus" name="test_no_selected_variant_ends_on_a_bare_submit_turn" time="0.031" /><testcase classname="nessie_tests.tests.test_unified_corpus" name="test_every_hand_override_still_overrides" time="0.056" /><testcase classname="nessie_tests.tests.test_unified_corpus" name="test_the_clarify_behaviour_is_actually_used" time="0.025" /><testcase classname="nessie_tests.tests.test_unified_corpus" name="test_the_reporting_sweep_reads_every_turn_not_just_the_first" time="0.014" /><testcase classname="nessie_tests.tests.test_unified_corpus" name="test_variant_level_metadata_is_typed_not_just_the_defaults" time="0.018" /><testcase classname="nessie_tests.tests.test_unified_corpus" name="test_resolved_artifact_expectation_and_kind_agree" time="3.032" /><testcase classname="nessie_tests.tests.test_unified_corpus" name="test_the_hibayes_key_set_has_exactly_one_definition" time="0.012" /><testcase classname="nessie_tests.tests.test_unified_corpus" name="test_the_atlas_set_is_additive_and_inert" time="0.065" /><testcase classname="nessie_tests.tests.test_v4_2_set3_replay" name="test_v13a_set3_manifest_hash_and_strict_parse" time="0.037" /><testcase classname="nessie_tests.tests.test_v4_2_set3_replay" name="test_verifier_report_passes_on_transferred_set3" time="0.304" /><testcase classname="nessie_tests.tests.test_v4_2_set3_replay" name="test_set3_pairs_have_independent_forced_route_traces" time="0.176" /><testcase classname="nessie_tests.tests.test_v4_2_set3_replay" name="test_producer_write_emits_schema_versioned_bayes_manifest" time="0.317" /><testcase classname="nessie_tests.tests.test_v4_2_set3_replay" name="test_zip_member_path_is_under_testquestions_prefix" time="0.027" /><testcase classname="nessie_tests.tests.test_v4_2_set3_replay" name="test_corpus_fingerprint_matches_v13a" time="0.025" /><testcase classname="nextseek_api.eval.tests.test_attempt_store" name="test_round_trip_write_verify" time="0.016" /><testcase classname="nextseek_api.eval.tests.test_attempt_store" name="test_hash_without_bytes_rejected" time="0.002" /><testcase classname="nextseek_api.eval.tests.test_attempt_store" name="test_duplicate_attempt_id_rejected" time="0.002" /><testcase classname="nextseek_api.eval.tests.test_attempt_store" name="test_invalid_call_index_rejected" time="0.001" /><testcase classname="nextseek_api.eval.tests.test_attempt_store" name="test_store_reload_existing_index" time="0.002" /><testcase classname="nextseek_api.eval.tests.test_attempt_store" name="test_empty_payload_bytes_rejected" time="0.001" /><testcase classname="nextseek_api.eval.tests.test_attempt_store" name="test_export_manifest_and_list_arm" time="0.004" /><testcase classname="nextseek_api.eval.tests.test_conservation" name="test_conservation_identity" time="0.007" /><testcase classname="nextseek_api.eval.tests.test_conservation" name="test_fit_admission_excludes_pending_and_excluded" time="0.011" /><testcase classname="nextseek_api.eval.tests.test_conservation" name="test_support_gate_defaults" time="0.003" /><testcase classname="nextseek_api.eval.tests.test_conservation" name="test_discordant_pair_count" time="0.002" /><testcase classname="nextseek_api.eval.tests.test_conservation" name="test_single_arm_pair_pending" time="0.001" /><testcase classname="nextseek_api.eval.tests.test_conservation" name="test_differential_attrition_flags_route_imbalance" time="0.004" /><testcase classname="nextseek_api.eval.tests.test_conservation" name="test_sensitivity_bounds_include_pending_and_excluded" time="0.002" /><testcase classname="nextseek_api.eval.tests.test_conservation" name="test_support_gate_includes_attrition_and_sensitivity" time="0.001" /><testcase classname="nextseek_api.eval.tests.test_conservation" name="test_differential_attrition_empty_buckets" time="0.001" /><testcase classname="nextseek_api.eval.tests.test_conservation" name="test_differential_attrition_single_route" time="0.001" /><testcase classname="nextseek_api.eval.tests.test_conservation" name="test_count_discordant_skips_missing_and_excluded_arms" time="0.001" /><testcase classname="nextseek_api.eval.tests.test_conservation" name="test_fit_and_discordance_fail_closed_for_corrupt_non_scored_bucket_values" time="0.001" /><testcase classname="nextseek_api.eval.tests.test_conservation" name="test_fit_admission_rejects_non_scored_bucket_types" time="0.001" /><testcase classname="nextseek_api.eval.tests.test_conservation" name="test_build_fit_admission_honors_paired_batch_boundary" time="0.014" /><testcase classname="nextseek_api.eval.tests.test_disposition" name="test_combined_success_and_gate" time="0.001" /><testcase classname="nextseek_api.eval.tests.test_disposition" name="test_provider_outage_excluded" time="0.013" /></testsuite></testsuites>