<?xml version="1.0" encoding="utf-8"?><testsuites name="pytest tests"><testsuite name="pytest" errors="0" failures="0" skipped="0" tests="22" time="77.765" timestamp="2026-08-18T15:39:06.470206+00:00" hostname="dcf7fe93d106"><testcase classname="nextseek_api.eval.tests.test_v4_8_mysql" name="test_mysql_nway_contention_no_overspend" time="15.227" /><testcase classname="nextseek_api.eval.tests.test_v4_8_mysql" name="test_mysql_idempotency_replay_under_contention" time="10.336" /><testcase classname="nextseek_api.eval.tests.test_v4_8_mysql" name="test_mysql_crash_injection_family[CRASH_BEFORE_RESERVE-False-missing]" time="9.565" /><testcase classname="nextseek_api.eval.tests.test_v4_8_mysql" name="test_mysql_crash_injection_family[CRASH_AFTER_RESERVE-True-pending]" time="9.651" /><testcase classname="nextseek_api.eval.tests.test_v4_8_mysql" name="test_mysql_crash_injection_family[CRASH_AFTER_PROVIDER-True-pending]" time="9.865" /><testcase classname="nextseek_api.eval.tests.test_v4_8_mysql" name="test_mysql_crash_injection_family[CRASH_BEFORE_RECONCILE-True-pending]" time="10.225" /><testcase classname="nextseek_api.eval.tests.test_v4_8_mysql" name="test_mysql_broker_redelivery_replays_without_double_spend" time="9.812" /><testcase classname="nextseek_api.eval.tests.test_generation_store_mysql" name="test_mysql_stale_cas_refused" time="0.312" /><testcase classname="nextseek_api.eval.tests.test_generation_store_mysql" name="test_mysql_two_activators_second_loses_race" time="0.310" /><testcase classname="nextseek_api.eval.tests.test_generation_store_mysql" name="test_mysql_immutable_overwrite_refused" time="0.226" /><testcase classname="nextseek_api.eval.tests.test_generation_store_mysql" name="test_mysql_rollback_restores_previous" time="0.220" /><testcase classname="nextseek_api.eval.tests.test_generation_store_mysql" name="test_mysql_reader_observes_single_generation_hash" time="0.192" /><testcase classname="nextseek_api.eval.tests.test_generation_store_mysql" name="test_mysql_parent_mismatch_refused_on_validation" time="0.184" /><testcase classname="nextseek_api.eval.tests.test_generation_store_mysql" name="test_mysql_corruption_refused_on_activate" time="0.199" /><testcase classname="nextseek_api.eval.tests.test_generation_store_mysql" name="test_mysql_payload_canonical_tamper_refused_on_activate" time="0.198" /><testcase classname="nextseek_api.eval.tests.test_generation_store_mysql" name="test_mysql_taxonomy_corpus_incompat_refused" time="0.186" /><testcase classname="nextseek_api.eval.tests.test_generation_store_mysql" name="test_mysql_partial_publish_refused" time="0.188" /><testcase classname="nextseek_api.eval.tests.test_generation_store_mysql" name="test_mysql_crash_publish_boundary_leaves_no_incomplete_generation" time="0.151" /><testcase classname="nextseek_api.eval.tests.test_generation_store_mysql" name="test_mysql_crash_activation_boundary_leaves_pointer_unchanged" time="0.170" /><testcase classname="nextseek_api.eval.tests.test_v4_8_mysql" name="test_mysql_crash_after_provider_releases_on_exception" time="0.138" /><testcase classname="nextseek_api.eval.tests.test_v4_8_mysql" name="test_mysql_orphan_pending_can_be_released" time="0.151" /><testcase classname="nextseek_api.eval.tests.test_v4_8_mysql" name="test_mysql_expiry_sweep" time="0.157" /></testsuite></testsuites>