<?xml version="1.0" encoding="utf-8"?><testsuites name="pytest tests"><testsuite name="pytest" errors="0" failures="0" skipped="0" tests="50" time="7.273" timestamp="2026-08-13T04:14:24.156382+00:00" hostname="2ccfd3ec112c"><testcase classname="nessie_tests.tests.test_cli" name="test_every_paired_abort_is_legible_from_the_terminal_alone[exc6-8-must_say6]" time="0.036" /><testcase classname="nessie_tests.tests.test_cli" name="test_the_preflight_abort_does_not_claim_a_zero_bill" time="0.007" /><testcase classname="nessie_tests.tests.test_cli" name="test_the_refusals_that_really_are_free_still_say_so[exc0]" time="0.005" /><testcase classname="nessie_tests.tests.test_cli" name="test_the_refusals_that_really_are_free_still_say_so[exc1]" time="0.002" /><testcase classname="nessie_tests.tests.test_cli" name="test_the_refusals_that_really_are_free_still_say_so[exc2]" time="0.002" /><testcase classname="nessie_tests.tests.test_collect" name="test_layout_is_one_directory_per_variant_per_arm" time="0.067" /><testcase classname="nessie_tests.tests.test_collect" name="test_task_row_is_written_per_arm" time="0.004" /><testcase classname="nessie_tests.tests.test_collect" name="test_ns_run_root_is_taken_from_the_event_when_present" time="0.007" /><testcase classname="nessie_tests.tests.test_collect" name="test_a_missing_artifact_is_recorded_rather_than_silently_absent" time="0.005" /><testcase classname="nessie_tests.tests.test_collect" name="test_no_ns_run_root_event_records_the_gap_explicitly" time="0.004" /><testcase classname="nessie_tests.tests.test_collect" name="test_cc_transcript_is_decompressed_to_jsonl" time="0.010" /><testcase classname="nessie_tests.tests.test_collect" name="test_collection_json_is_written_and_counts_both_arms" time="0.005" /><testcase classname="nessie_tests.tests.test_collect" name="test_task_json_is_the_FINAL_turn_because_that_is_the_answer_being_graded" time="2.006" /><testcase classname="nessie_tests.tests.test_collect" name="test_every_turn_is_kept_not_only_the_one_that_carries_the_answer" time="2.009" /><testcase classname="nessie_tests.tests.test_collect" name="test_a_single_turn_arm_writes_no_turns_json" time="0.005" /><testcase classname="nessie_tests.tests.test_collect" name="test_a_missing_row_is_recorded_per_task_id_not_once_per_arm" time="2.009" /><testcase classname="nessie_tests.tests.test_collect" name="test_a_missing_row_does_not_forfeit_the_rest_of_the_arm" time="0.008" /><testcase classname="nessie_tests.tests.test_collect" name="test_an_entry_with_no_task_id_at_all_is_recorded" time="0.005" /><testcase classname="nessie_tests.tests.test_collect" name="test_one_run_root_shared_by_several_turns_is_copied_once" time="0.015" /><testcase classname="nessie_tests.tests.test_collect" name="test_a_run_root_shared_across_arms_is_copied_once_and_the_sharing_is_recorded" time="0.010" /><testcase classname="nessie_tests.tests.test_collect" name="test_a_second_shared_root_gets_its_own_pointer_file" time="0.009" /><testcase classname="nessie_tests.tests.test_collect" name="test_two_distinct_run_roots_on_one_arm_are_both_kept" time="0.017" /><testcase classname="nessie_tests.tests.test_collect" name="test_a_late_ns_run_root_is_recovered_by_one_retry" time="0.017" /><testcase classname="nessie_tests.tests.test_collect" name="test_the_retry_is_skipped_when_the_event_already_arrived" time="0.010" /><testcase classname="nessie_tests.tests.test_collect" name="test_a_non_terminal_row_is_not_retried" time="0.012" /><testcase classname="nessie_tests.tests.test_collect" name="test_the_retry_happens_at_most_once" time="0.014" /><testcase classname="nessie_tests.tests.test_collect" name="test_a_broken_copier_is_distinguished_from_an_absent_source" time="0.010" /><testcase classname="nessie_tests.tests.test_collect" name="test_a_copy_failure_does_not_abort_the_collection" time="0.008" /><testcase classname="nessie_tests.tests.test_collect" name="test_cc_artifacts_are_unioned_across_turns" time="0.007" /><testcase classname="nessie_tests.tests.test_collect" name="test_cc_scratch_is_derived_from_the_task_id_and_the_raw_path_prefix" time="0.010" /><testcase classname="nessie_tests.tests.test_collect" name="test_the_copy_unit_is_the_per_turn_dir_not_the_shared_per_user_scratch_root" time="0.008" /><testcase classname="nessie_tests.tests.test_collect" name="test_each_turn_of_a_multi_turn_cc_arm_gets_its_own_scratch_dir" time="0.011" /><testcase classname="nessie_tests.tests.test_collect" name="test_this_turns_published_deliverables_are_collected_per_turn" time="0.008" /><testcase classname="nessie_tests.tests.test_collect" name="test_an_arm_with_no_raw_files_borrows_the_runs_one_prefix" time="0.006" /><testcase classname="nessie_tests.tests.test_collect" name="test_two_prefixes_in_one_run_are_never_guessed_between" time="0.009" /><testcase classname="nessie_tests.tests.test_collect" name="test_no_prefix_anywhere_records_the_gap_narrowly_and_accurately" time="0.013" /><testcase classname="nessie_tests.tests.test_collect" name="test_the_transcript_blob_reaches_session_jsonl_without_zstandard" time="0.006" /><testcase classname="nessie_tests.tests.test_collect" name="test_an_undecodable_transcript_is_recorded_not_raised" time="0.007" /><testcase classname="nessie_tests.tests.test_collect" name="test_the_chat_session_id_is_what_the_transcript_is_looked_up_by" time="0.004" /><testcase classname="nessie_tests.tests.test_collect" name="test_an_outage_arms_misses_are_tagged_so_they_do_not_read_as_a_collection_gap" time="0.006" /><testcase classname="nessie_tests.tests.test_collect" name="test_a_normal_arms_misses_are_not_tagged_as_outage" time="0.005" /><testcase classname="nessie_tests.tests.test_collect" name="test_run_case_records_every_turns_task_id" time="0.334" /><testcase classname="nessie_tests.tests.test_collect" name="test_the_collector_writes_where_artifacts_dir_points" time="0.009" /><testcase classname="nessie_tests.tests.test_collect" name="test_the_collector_is_a_real_command_now" time="0.026" /><testcase classname="nessie_tests.tests.test_collect" name="test_the_command_refuses_a_run_directory_with_no_paired_manifest" time="0.008" /><testcase classname="nessie_tests.tests.test_collect" name="test_the_command_refuses_a_manifest_with_no_pairs" time="0.007" /><testcase classname="nessie_tests.tests.test_collect" name="test_the_command_refuses_when_the_container_cannot_answer" time="0.012" /><testcase classname="nessie_tests.tests.test_collect" name="test_a_run_that_joined_nothing_at_all_says_so" time="0.007" /><testcase classname="nessie_tests.tests.test_collect" name="test_a_host_without_zstandard_is_warned_before_it_pays_for_the_collection" time="0.009" /><testcase classname="nessie_tests.tests.test_collect" name="test_a_transcript_fetch_that_raises_does_not_abandon_the_collection" time="0.020" /></testsuite></testsuites>