<?xml version="1.0" encoding="utf-8"?><testsuites name="pytest tests"><testsuite name="pytest" errors="0" failures="0" skipped="0" tests="50" time="2.075" timestamp="2026-08-13T04:15:15.013435+00:00" hostname="0f107b379294"><testcase classname="nessie_tests.tests.test_merge_grades" name="test_merged_row_carries_both_grades_and_the_agreement_flag" time="0.024" /><testcase classname="nessie_tests.tests.test_merge_grades" name="test_the_join_key_is_export_s_and_not_a_second_separator" time="0.003" /><testcase classname="nessie_tests.tests.test_merge_grades" name="test_every_arm_the_export_writes_can_be_read_back_off_its_image" time="0.007" /><testcase classname="nessie_tests.tests.test_merge_grades" name="test_a_variant_id_containing_the_separator_still_joins" time="0.002" /><testcase classname="nessie_tests.tests.test_merge_grades" name="test_the_runtime_columns_are_carried_through_untouched" time="0.006" /><testcase classname="nessie_tests.tests.test_merge_grades" name="test_a_grade_for_a_row_that_was_never_exported_is_not_an_error" time="0.006" /><testcase classname="nessie_tests.tests.test_merge_grades" name="test_an_excluded_arm_cannot_trigger_the_loud_failure" time="0.005" /><testcase classname="nessie_tests.tests.test_merge_grades" name="test_a_missing_verdict_leaves_the_covariates_absent_not_zero" time="0.005" /><testcase classname="nessie_tests.tests.test_merge_grades" name="test_a_real_usefulness_score_of_zero_survives_as_zero" time="0.017" /><testcase classname="nessie_tests.tests.test_merge_grades" name="test_an_unobserved_cost_stays_empty_through_the_merge" time="0.005" /><testcase classname="nessie_tests.tests.test_merge_grades" name="test_a_primary_issue_of_the_literal_string_None_is_not_an_absent_one" time="0.006" /><testcase classname="nessie_tests.tests.test_merge_grades" name="test_a_not_assessable_verdict_still_carries_its_covariates" time="0.006" /><testcase classname="nessie_tests.tests.test_merge_grades" name="test_the_three_valued_columns_reach_the_csv_as_empty_not_false" time="0.006" /><testcase classname="nessie_tests.tests.test_merge_grades" name="test_main_writes_the_fourteen_runtime_columns_plus_the_five_grade_columns" time="0.015" /><testcase classname="nessie_tests.tests.test_merge_grades" name="test_main_runs_before_stage_c_has" time="0.007" /><testcase classname="nessie_tests.tests.test_merge_grades" name="test_main_refuses_a_run_whose_export_never_ran" time="0.005" /><testcase classname="nessie_tests.tests.test_merge_grades" name="test_main_refuses_a_run_with_no_grades_file" time="0.005" /><testcase classname="nessie_tests.tests.test_merge_grades" name="test_a_stage_c_file_of_the_wrong_shape_raises_rather_than_joining_to_nothing" time="0.006" /><testcase classname="nessie_tests.tests.test_merge_grades" name="test_a_drifted_export_header_raises_rather_than_joining_on_the_wrong_shape" time="0.014" /><testcase classname="nessie_tests.tests.test_merge_grades" name="test_the_summary_counts_agreement_and_surplus_grades" time="0.008" /><testcase classname="nessie_tests.tests.test_merge_grades" name="test_the_skill_script_is_a_thin_wrapper_over_the_package" time="0.004" /><testcase classname="nessie_tests.tests.test_retired" name="test_no_active_variant_carries_a_stale_retirement_record" time="0.026" /><testcase classname="nessie_tests.tests.test_retired" name="test_every_retirement_records_why" time="0.010" /><testcase classname="nessie_tests.tests.test_retired" name="test_merged_excludes_retired_variants" time="0.036" /><testcase classname="nessie_tests.tests.test_retired" name="test_gbm_is_gone_from_the_active_corpus" time="0.019" /><testcase classname="nessie_tests.tests.test_retired" name="test_retirement_can_be_reversed_by_flipping_the_status" time="0.160" /><testcase classname="nessie_tests.tests.test_retired" name="test_every_definition_has_a_status_the_loader_recognises" time="0.009" /><testcase classname="nessie_tests.tests.test_run_case" name="test_run_case_returns_exactly_one_entry" time="0.332" /><testcase classname="nessie_tests.tests.test_run_case" name="test_run_case_forces_new_on_the_first_turn_only" time="0.031" /><testcase classname="nessie_tests.tests.test_run_case" name="test_run_case_records_a_requires_env_skip_rather_than_failing" time="0.021" /><testcase classname="nessie_tests.tests.test_run_case" name="test_run_case_skips_a_non_gate_case_at_route_tier" time="0.018" /><testcase classname="nessie_tests.tests.test_run_case" name="test_route_criteria_are_stripped_when_forcing" time="0.018" /><testcase classname="nessie_tests.tests.test_run_case" name="test_route_criteria_survive_when_not_forcing" time="0.017" /><testcase classname="nessie_tests.tests.test_run_case" name="test_the_stripped_count_is_recorded_rather_than_silent" time="0.019" /><testcase classname="nessie_tests.tests.test_run_case" name="test_known_fail_does_not_become_xpass_under_forcing" time="0.017" /><testcase classname="nessie_tests.tests.test_run_case" name="test_a_forced_pass_is_not_promoted_where_an_unforced_one_is" time="0.022" /><testcase classname="nessie_tests.tests.test_run_case" name="test_the_forced_cc_arm_skips_ns_pipeline_criteria_instead_of_failing_them" time="0.019" /><testcase classname="nessie_tests.tests.test_run_case" name="test_the_forced_ns_arm_keeps_every_one_of_them" time="0.020" /><testcase classname="nessie_tests.tests.test_run_case" name="test_the_survivors_on_a_forced_cc_arm_are_still_real_assertions" time="0.031" /><testcase classname="nessie_tests.tests.test_run_case" name="test_the_forced_skip_count_is_recorded_rather_than_silent" time="0.033" /><testcase classname="nessie_tests.tests.test_run_case" name="test_a_router_decided_cc_turn_still_fails_them_through_run_case" time="0.017" /><testcase classname="nessie_tests.tests.test_run_case" name="test_run_suite_cannot_reach_the_widening" time="0.071" /><testcase classname="nessie_tests.tests.test_run_case" name="test_no_bayesian_variant_evaluates_nothing_on_a_forced_cc_arm" time="0.217" /><testcase classname="nessie_tests.tests.test_run_case" name="test_route_source_is_stripped_under_forcing_like_route_and_engine" time="0.037" /><testcase classname="nessie_tests.tests.test_run_case" name="test_no_artifact_criterion_left_scored_on_a_cc_arm_is_guaranteed_red" time="0.027" /><testcase classname="nessie_tests.tests.test_runner" name="test_run_suite_route_tier_specific" time="0.066" /><testcase classname="nessie_tests.tests.test_runner" name="test_no_route_expectation_is_injected_into_imported_variants" time="0.006" /><testcase classname="nessie_tests.tests.test_runner" name="test_route_tier_skips_full_tagged_variant" time="0.029" /><testcase classname="nessie_tests.tests.test_runner" name="test_full_tier_drives_route_gate_cc_route_only" time="0.024" /><testcase classname="nessie_tests.tests.test_runner" name="test_unsatisfied_requires_env_is_skipped" time="0.026" /></testsuite></testsuites>