<?xml version="1.0" encoding="utf-8"?><testsuites name="pytest tests"><testsuite name="pytest" errors="0" failures="0" skipped="0" tests="35" time="2.145" timestamp="2026-08-18T16:38:17.921169+00:00" hostname="450272efc3fc"><testcase classname="nextseek_api.cc_assistant.tests.test_v4_8_gate" name="test_guarded_provider_call_reconciles_on_success" time="1.675" /><testcase classname="nextseek_api.cc_assistant.tests.test_v4_8_gate" name="test_guarded_provider_call_releases_on_exception" time="0.009" /><testcase classname="nextseek_api.cc_assistant.tests.test_v4_8_gate" name="test_judging_engine_increments_transport_after_reserve" time="0.011" /><testcase classname="nextseek_api.cc_assistant.tests.test_v4_8_gate" name="test_judging_engine_zero_cap_makes_zero_transport_calls" time="0.003" /><testcase classname="nextseek_api.cc_assistant.tests.test_v4_8_gate" name="test_judging_engine_cache_hit_skips_transport" time="0.013" /><testcase classname="nextseek_api.cc_assistant.tests.test_v4_8_mutations" name="test_mutation_skip_reserve_still_requires_gate" time="0.003" /><testcase classname="nextseek_api.cc_assistant.tests.test_v4_8_mutations" name="test_mutation_double_charge_retry_refused" time="0.009" /><testcase classname="nextseek_api.cc_assistant.tests.test_v4_8_mutations" name="test_mutation_changed_manifest_gets_distinct_approval" time="0.004" /><testcase classname="nextseek_api.cc_assistant.tests.test_v4_8_mutations" name="test_mutation_forged_collision_refused" time="0.003" /><testcase classname="nextseek_api.cc_assistant.tests.test_v4_8_mutations" name="test_mutation_schedule_entry_refused" time="0.002" /><testcase classname="nextseek_api.cc_assistant.tests.test_v4_8_reconciliation" name="test_reconciliation_artifact_balanced" time="0.012" /><testcase classname="nextseek_api.cc_assistant.tests.test_v4_8_reserve" name="test_create_once_returns_existing_same_body" time="0.003" /><testcase classname="nextseek_api.cc_assistant.tests.test_v4_8_reserve" name="test_changed_manifest_gets_new_approval" time="0.004" /><testcase classname="nextseek_api.cc_assistant.tests.test_v4_8_reserve" name="test_hash_collision_with_different_body_refused" time="0.003" /><testcase classname="nextseek_api.cc_assistant.tests.test_v4_8_reserve" name="test_reserve_budget_enforces_spend_cap" time="0.013" /><testcase classname="nextseek_api.cc_assistant.tests.test_v4_8_reserve" name="test_reserve_budget_enforces_call_cap" time="0.014" /><testcase classname="nextseek_api.cc_assistant.tests.test_v4_8_reserve" name="test_idempotency_key_replays_same_reservation" time="0.009" /><testcase classname="nextseek_api.cc_assistant.tests.test_v4_8_reserve" name="test_non_positive_reservation_refused" time="0.003" /><testcase classname="nextseek_api.cc_assistant.tests.test_v4_8_reserve" name="test_expired_manifest_refused" time="0.003" /><testcase classname="nextseek_api.cc_assistant.tests.test_v4_8_reserve" name="test_approve_manifest_refuses_cap_override" time="0.002" /><testcase classname="nextseek_api.cc_assistant.tests.test_v4_8_reserve" name="test_approve_manifest_refuses_call_override" time="0.002" /><testcase classname="nextseek_api.cc_assistant.tests.test_v4_8_reserve" name="test_approve_manifest_refuses_ttl_override" time="0.002" /><testcase classname="nextseek_api.cc_assistant.tests.test_v4_8_reserve" name="test_consumed_manifest_refused" time="0.003" /><testcase classname="nextseek_api.cc_assistant.tests.test_v4_8_reserve" name="test_conservation_balanced_after_reconcile_and_release" time="0.015" /><testcase classname="nextseek_api.cc_assistant.tests.test_v4_8_reserve" name="test_expire_stale_reservations_frees_budget" time="0.010" /><testcase classname="nextseek_api.cc_assistant.tests.test_v4_8_resume" name="test_overlap_lock_refuses_second_run" time="0.004" /><testcase classname="nextseek_api.cc_assistant.tests.test_v4_8_resume" name="test_completed_attempt_never_repeated" time="0.010" /><testcase classname="nextseek_api.cc_assistant.tests.test_v4_8_resume" name="test_cache_key_binds_input_and_versions" time="0.002" /><testcase classname="nextseek_api.cc_assistant.tests.test_v4_8_resume" name="test_durable_state_tracks_pending_to_succeeded" time="0.005" /><testcase classname="nextseek_api.cc_assistant.tests.test_v4_8_resume" name="test_default_schedule_entrypoint_refuses" time="0.002" /><testcase classname="nextseek_api.cc_assistant.tests.test_run_authorization" name="test_reserve_budget_enforces_cap" time="0.012" /><testcase classname="nextseek_api.cc_assistant.tests.test_run_authorization" name="test_idempotency_key_replays_same_reservation" time="0.009" /><testcase classname="nextseek_api.cc_assistant.tests.test_run_authorization" name="test_guarded_provider_call_requires_reservation" time="0.008" /><testcase classname="nextseek_api.cc_assistant.tests.test_run_authorization" name="test_activate_generation_cas_refuses_stale_hash" time="0.063" /><testcase classname="nextseek_api.cc_assistant.tests.test_run_authorization" name="test_manifest_hash_is_stable" time="0.003" /></testsuite></testsuites>