<?xml version="1.0" encoding="utf-8"?><testsuites name="pytest tests"><testsuite name="pytest" errors="0" failures="0" skipped="0" tests="50" time="1.712" timestamp="2026-08-13T04:15:24.407607+00:00" hostname="46c26ab8693a"><testcase classname="nessie_tests.tests.test_runner" name="test_first_turn_isolates_the_case_later_turns_share_it" time="0.388" /><testcase classname="nessie_tests.tests.test_runner" name="test_run_suite_never_forces_the_route" time="0.028" /><testcase classname="nessie_tests.tests.test_runner" name="test_known_fail_that_passes_is_reported_as_xpass" time="0.036" /><testcase classname="nessie_tests.tests.test_runner" name="test_criteria_miss_marks_failed_with_reasons" time="0.026" /><testcase classname="nessie_tests.tests.test_runner" name="test_apply_xpass_promotes_a_passing_known_fail" time="0.003" /><testcase classname="nessie_tests.tests.test_runner" name="test_apply_xpass_leaves_everything_else_alone" time="0.012" /><testcase classname="nessie_tests.tests.test_runner" name="test_the_consistency_branch_uses_the_shared_helper" time="0.149" /><testcase classname="nessie_tests.tests.test_runner" name="test_the_summary_and_the_gate_cannot_disagree" time="0.010" /><testcase classname="nessie_tests.tests.test_runner" name="test_an_xpass_is_not_filed_under_expected_failures" time="0.003" /><testcase classname="nessie_tests.tests.test_runner" name="test_a_genuinely_failing_known_fail_is_excluded_from_the_gate" time="0.004" /><testcase classname="nessie_tests.tests.test_runner" name="test_errors_on_unexpected_cases_still_count" time="0.003" /><testcase classname="nessie_tests.tests.test_runner" name="test_an_outaged_case_is_error_and_cannot_fail_the_gate" time="0.030" /><testcase classname="nessie_tests.tests.test_runner" name="test_an_outage_still_records_what_the_criteria_saw" time="0.028" /><testcase classname="nessie_tests.tests.test_runner" name="test_an_outage_stops_driving_the_rest_of_the_case" time="0.021" /><testcase classname="nessie_tests.tests.test_runner" name="test_a_non_outage_error_still_fails_the_gate" time="0.025" /><testcase classname="nessie_tests.tests.test_runner" name="test_an_ordinary_failure_is_untouched_by_the_outage_path" time="0.026" /><testcase classname="nessie_tests.tests.test_runner" name="test_an_outaged_consistency_group_is_error_not_a_count_failure" time="0.040" /><testcase classname="nessie_tests.tests.test_runner" name="test_an_outaged_known_fail_is_not_filed_as_a_failure_that_met_expectation" time="0.003" /><testcase classname="nessie_tests.tests.test_runner" name="test_the_summary_and_the_gate_still_cannot_disagree_about_outages" time="0.007" /><testcase classname="nessie_tests.tests.test_runner" name="test_an_outage_after_a_real_failure_does_not_erase_it" time="0.032" /><testcase classname="nessie_tests.tests.test_runner" name="test_an_outage_on_the_first_turn_of_a_multi_turn_case_is_still_exempt" time="0.029" /><testcase classname="nessie_tests.tests.test_runner" name="test_an_outage_flag_cannot_hide_a_recorded_criterion_failure" time="0.006" /><testcase classname="nessie_tests.tests.test_runner" name="test_a_clean_outage_is_still_exempt_with_no_failed_criteria" time="0.004" /><testcase classname="nessie_tests.tests.test_runner" name="test_a_sticky_followup_is_not_an_infrastructure_condition" time="0.025" /><testcase classname="nessie_tests.tests.test_runner" name="test_a_heuristic_followup_is_still_an_infrastructure_condition" time="0.025" /><testcase classname="nessie_tests.tests.test_runner" name="test_an_unknown_source_is_bucketed_because_the_predicate_is_an_allowlist" time="0.011" /><testcase classname="nessie_tests.tests.test_runner" name="test_a_manifest_written_before_route_sources_classifies_off_route_source_alone" time="0.010" /><testcase classname="nessie_tests.tests.test_runner" name="test_any_turn_outside_the_allowlist_buckets_the_entry" time="0.006" /><testcase classname="nessie_tests.tests.test_runner" name="test_a_cc_case_whose_every_criterion_was_skipped_is_no_assertions" time="0.030" /><testcase classname="nessie_tests.tests.test_runner" name="test_the_same_case_routed_to_nextseek_is_still_scored_normally" time="0.048" /><testcase classname="nessie_tests.tests.test_runner" name="test_a_multi_turn_case_that_asserted_something_is_not_vacuous" time="0.024" /><testcase classname="nessie_tests.tests.test_runner" name="test_a_genuine_red_on_an_earlier_turn_beats_no_assertions" time="0.023" /><testcase classname="nessie_tests.tests.test_runner" name="test_an_outage_beats_no_assertions" time="0.026" /><testcase classname="nessie_tests.tests.test_runner" name="test_an_infrastructure_error_beats_no_assertions" time="0.028" /><testcase classname="nessie_tests.tests.test_runner" name="test_a_case_whose_turns_carry_no_criteria_at_all_is_also_vacuous" time="0.024" /><testcase classname="nessie_tests.tests.test_runner" name="test_no_assertions_is_a_real_failure_and_the_two_readers_agree" time="0.005" /><testcase classname="nessie_tests.tests.test_runner" name="test_a_known_fail_that_asserted_nothing_is_still_a_real_failure" time="0.005" /><testcase classname="nessie_tests.tests.test_runner" name="test_no_assertions_is_never_promoted_to_xpass" time="0.005" /><testcase classname="nessie_tests.tests.test_runner" name="test_the_gate_and_the_summary_use_the_one_predicate" time="0.010" /><testcase classname="nessie_tests.tests.test_runner" name="test_the_outage_exemption_cannot_swallow_a_no_assertions_entry" time="0.007" /><testcase classname="nessie_tests.tests.test_runner" name="test_a_genuine_outage_is_still_exempt_after_narrowing_the_guard" time="0.005" /><testcase classname="nessie_tests.tests.test_runner" name="test_a_skipped_criterion_is_machine_readable_in_the_manifest" time="0.031" /><testcase classname="nessie_tests.tests.test_runner" name="test_an_evaluated_criterion_is_not_marked_skipped" time="0.023" /><testcase classname="nessie_tests.tests.test_runner" name="test_old_manifests_load_without_the_skipped_field" time="0.003" /><testcase classname="nessie_tests.tests.test_runner" name="test_a_run_that_observed_no_cost_reports_unmeasured_not_zero" time="0.007" /><testcase classname="nessie_tests.tests.test_runner" name="test_a_genuinely_observed_zero_is_distinguishable_from_never_observed" time="0.008" /><testcase classname="nessie_tests.tests.test_runner" name="test_a_partial_total_says_so" time="0.008" /><testcase classname="nessie_tests.tests.test_runner" name="test_a_case_that_never_ran_is_free_rather_than_unmeasured" time="0.004" /><testcase classname="nessie_tests.tests.test_runner" name="test_skipped_cases_do_not_dilute_the_unmeasured_count" time="0.004" /><testcase classname="nessie_tests.tests.test_runner" name="test_total_cost_stays_present_for_the_out_of_bounds_consumer" time="0.004" /></testsuite></testsuites>