<?xml version="1.0" encoding="utf-8"?><testsuites name="pytest tests"><testsuite name="pytest" errors="0" failures="0" skipped="0" tests="15" time="6.411" timestamp="2026-08-12T20:10:14.876747+00:00" hostname="2966e744a3bf"><testcase classname="nextseek_api.eval.tests.test_v4_7_paired_run_registry" name="test_registry_immutable_content_hash" time="4.402" /><testcase classname="nextseek_api.eval.tests.test_v4_7_paired_run_registry" name="test_publish_refuses_unapproved_paired_run" time="0.127" /><testcase classname="nextseek_api.eval.tests.test_v4_7_paired_run_registry" name="test_publish_accepts_approved_paired_run" time="0.132" /><testcase classname="nextseek_api.eval.tests.test_v4_7_paired_run_registry" name="test_publish_refuses_online_provenance" time="0.143" /><testcase classname="nextseek_api.eval.tests.test_generation_store_mysql" name="test_mysql_stale_cas_refused" time="0.143" /><testcase classname="nextseek_api.eval.tests.test_generation_store_mysql" name="test_mysql_two_activators_second_loses_race" time="0.157" /><testcase classname="nextseek_api.eval.tests.test_generation_store_mysql" name="test_mysql_immutable_overwrite_refused" time="0.130" /><testcase classname="nextseek_api.eval.tests.test_generation_store_mysql" name="test_mysql_rollback_restores_previous" time="0.169" /><testcase classname="nextseek_api.eval.tests.test_generation_store_mysql" name="test_mysql_reader_observes_single_generation_hash" time="0.148" /><testcase classname="nextseek_api.eval.tests.test_generation_store_mysql" name="test_mysql_parent_mismatch_refused_on_validation" time="0.141" /><testcase classname="nextseek_api.eval.tests.test_generation_store_mysql" name="test_mysql_corruption_refused_on_activate" time="0.131" /><testcase classname="nextseek_api.eval.tests.test_generation_store_mysql" name="test_mysql_taxonomy_corpus_incompat_refused" time="0.126" /><testcase classname="nextseek_api.eval.tests.test_generation_store_mysql" name="test_mysql_partial_publish_refused" time="0.129" /><testcase classname="nextseek_api.eval.tests.test_generation_store_mysql" name="test_mysql_crash_publish_boundary_leaves_no_incomplete_generation" time="0.126" /><testcase classname="nextseek_api.eval.tests.test_generation_store_mysql" name="test_mysql_crash_activation_boundary_leaves_pointer_unchanged" time="0.138" /></testsuite></testsuites>