<?xml version="1.0" encoding="utf-8"?><testsuites name="pytest tests"><testsuite name="pytest" errors="0" failures="0" skipped="0" tests="50" time="0.222" timestamp="2026-08-17T23:05:21.759938+00:00" hostname="90c5fef1f62b"><testcase classname="nextseek_api.eval.tests.test_disposition" name="test_unjudged_excluded_not_scored_zero" time="0.018" /><testcase classname="nextseek_api.eval.tests.test_disposition" name="test_deterministic_gate_failure_skips_judge" time="0.002" /><testcase classname="nextseek_api.eval.tests.test_disposition" name="test_zero_criteria_excluded" time="0.001" /><testcase classname="nextseek_api.eval.tests.test_disposition" name="test_missing_arm_pending" time="0.001" /><testcase classname="nextseek_api.eval.tests.test_disposition" name="test_exclusion_census_counts_reasons" time="0.003" /><testcase classname="nextseek_api.eval.tests.test_disposition" name="test_unknown_value_fail_closed" time="0.001" /><testcase classname="nextseek_api.eval.tests.test_disposition" name="test_timeout_scored_zero" time="0.001" /><testcase classname="nextseek_api.eval.tests.test_disposition" name="test_code_error_scored_zero" time="0.001" /><testcase classname="nextseek_api.eval.tests.test_disposition" name="test_usage_policy_scored_zero" time="0.001" /><testcase classname="nextseek_api.eval.tests.test_disposition" name="test_unevaluable_excluded" time="0.001" /><testcase classname="nextseek_api.eval.tests.test_human_annotations" name="test_extra_forbid_unknown_label" time="0.007" /><testcase classname="nextseek_api.eval.tests.test_human_annotations" name="test_map_human_label_total_mapping" time="0.002" /><testcase classname="nextseek_api.eval.tests.test_human_annotations" name="test_sidecar_cannot_override_judge_silently" time="0.002" /><testcase classname="nextseek_api.eval.tests.test_human_annotations" name="test_reject_orphan_case" time="0.004" /><testcase classname="nextseek_api.eval.tests.test_human_annotations" name="test_reject_duplicate" time="0.003" /><testcase classname="nextseek_api.eval.tests.test_human_annotations" name="test_reject_stale_vocabulary" time="0.001" /><testcase classname="nextseek_api.eval.tests.test_human_annotations" name="test_reject_stale_timestamp" time="0.001" /><testcase classname="nextseek_api.eval.tests.test_human_annotations" name="test_reject_unauthorized_authority" time="0.001" /><testcase classname="nextseek_api.eval.tests.test_human_annotations" name="test_reject_conflicting_labels" time="0.001" /><testcase classname="nextseek_api.eval.tests.test_human_annotations" name="test_reject_orphan_arm" time="0.001" /><testcase classname="nextseek_api.eval.tests.test_human_annotations" name="test_map_all_vocab_labels" time="0.001" /><testcase classname="nextseek_api.eval.tests.test_human_annotations" name="test_allow_override_when_explicit" time="0.001" /><testcase classname="nextseek_api.eval.tests.test_human_annotations" name="test_registry_get_after_ingest" time="0.001" /><testcase classname="nextseek_api.eval.tests.test_human_annotations" name="test_reject_orphan_run_and_execution" time="0.001" /><testcase classname="nextseek_api.eval.tests.test_judge_aggregation" name="test_aggregate_outcome_2_to_1_majority" time="0.002" /><testcase classname="nextseek_api.eval.tests.test_judge_aggregation" name="test_aggregate_outcome_all_distinct_failure_partition_first" time="0.001" /><testcase classname="nextseek_api.eval.tests.test_judge_aggregation" name="test_aggregate_primary_issue_severity_tiebreak" time="0.002" /><testcase classname="nextseek_api.eval.tests.test_judge_aggregation" name="test_aggregate_review_priority_max" time="0.001" /><testcase classname="nextseek_api.eval.tests.test_judge_aggregation" name="test_aggregate_usefulness_median" time="0.001" /><testcase classname="nextseek_api.eval.tests.test_judge_aggregation" name="test_aggregate_needs_review_or" time="0.001" /><testcase classname="nextseek_api.eval.tests.test_judge_aggregation" name="test_aggregate_rationale_first_matching_outcome" time="0.002" /><testcase classname="nextseek_api.eval.tests.test_judge_aggregation" name="test_aggregate_rationale_refuses_corrupt_attempts_with_no_aggregate_match" time="0.001" /><testcase classname="nextseek_api.eval.tests.test_judge_aggregation" name="test_aggregate_three_evaluations_exactly_three" time="0.006" /><testcase classname="nextseek_api.eval.tests.test_judge_aggregation" name="test_aggregate_three_evaluations_rejects_wrong_count" time="0.001" /><testcase classname="nextseek_api.eval.tests.test_judge_aggregation" name="test_unknown_primary_issue_fail_closed" time="0.001" /><testcase classname="nextseek_api.eval.tests.test_judge_aggregation" name="test_no_confidence_field_in_judge_module" time="0.001" /><testcase classname="nextseek_api.eval.tests.test_judge_mutations" name="test_aggregation_mutants_are_detected[aggregate_outcome_first_vote-outcome-&lt;lambda&gt;-outcome_oracle0]" time="0.001" /><testcase classname="nextseek_api.eval.tests.test_judge_mutations" name="test_aggregation_mutants_are_detected[aggregate_outcome_invert_failure_partition-outcome-&lt;lambda&gt;-outcome_oracle1]" time="0.001" /><testcase classname="nextseek_api.eval.tests.test_judge_mutations" name="test_aggregation_mutants_are_detected[aggregate_outcome_plurality_bypass-outcome-&lt;lambda&gt;-outcome_oracle2]" time="0.001" /><testcase classname="nextseek_api.eval.tests.test_judge_mutations" name="test_aggregation_mutants_are_detected[aggregate_primary_issue_first_only-primary_issue-&lt;lambda&gt;-None]" time="0.001" /><testcase classname="nextseek_api.eval.tests.test_judge_mutations" name="test_aggregation_mutants_are_detected[aggregate_primary_issue_reverse_severity-primary_issue-&lt;lambda&gt;-None]" time="0.001" /><testcase classname="nextseek_api.eval.tests.test_judge_mutations" name="test_aggregation_mutants_are_detected[aggregate_primary_issue_no_issue_always-primary_issue-&lt;lambda&gt;-None]" time="0.001" /><testcase classname="nextseek_api.eval.tests.test_judge_mutations" name="test_aggregation_mutants_are_detected[aggregate_review_priority_min-review_priority-&lt;lambda&gt;-None]" time="0.001" /><testcase classname="nextseek_api.eval.tests.test_judge_mutations" name="test_aggregation_mutants_are_detected[aggregate_review_priority_first-review_priority-&lt;lambda&gt;-None]" time="0.001" /><testcase classname="nextseek_api.eval.tests.test_judge_mutations" name="test_aggregation_mutants_are_detected[aggregate_usefulness_mean-usefulness-&lt;lambda&gt;-None]" time="0.001" /><testcase classname="nextseek_api.eval.tests.test_judge_mutations" name="test_aggregation_mutants_are_detected[aggregate_usefulness_max-usefulness-&lt;lambda&gt;-None]" time="0.001" /><testcase classname="nextseek_api.eval.tests.test_judge_mutations" name="test_aggregation_mutants_are_detected[aggregate_needs_review_all-needs_human_review-&lt;lambda&gt;-None]" time="0.001" /><testcase classname="nextseek_api.eval.tests.test_judge_mutations" name="test_aggregation_mutants_are_detected[aggregate_needs_review_none-needs_human_review-&lt;lambda&gt;-None]" time="0.001" /><testcase classname="nextseek_api.eval.tests.test_judge_mutations" name="test_aggregation_mutants_are_detected[aggregate_rationale_last_match-rationale-&lt;lambda&gt;-None]" time="0.001" /><testcase classname="nextseek_api.eval.tests.test_judge_mutations" name="test_aggregation_mutants_are_detected[aggregate_rationale_always_first-rationale-&lt;lambda&gt;-None]" time="0.002" /></testsuite></testsuites>