<?xml version="1.0" encoding="utf-8"?><testsuites name="pytest tests"><testsuite name="pytest" errors="0" failures="0" skipped="0" tests="50" time="4.290" timestamp="2026-08-17T22:29:06.655531+00:00" hostname="b7f5b2c279cb"><testcase classname="nessie_tests.tests.test_sources" name="test_a_segment_that_does_not_end_in_a_newline_still_joins_as_jsonl" time="0.036" /><testcase classname="nessie_tests.tests.test_sources" name="test_one_row_is_returned_untouched" time="0.003" /><testcase classname="nessie_tests.tests.test_sources" name="test_no_rows_is_empty" time="0.003" /><testcase classname="nessie_tests.tests.test_sources" name="test_the_merge_the_container_runs_is_the_one_under_test_here" time="0.005" /><testcase classname="nessie_tests.tests.test_sources" name="test_the_container_script_is_valid_python" time="0.005" /><testcase classname="nessie_tests.tests.test_sources" name="test_the_embedded_functions_run_with_nothing_but_the_scripts_own_imports" time="0.011" /><testcase classname="nessie_tests.tests.test_sources" name="test_the_embedded_functions_agree_with_the_ones_tested_on_this_side" time="0.011" /><testcase classname="nessie_tests.tests.test_sources" name="test_the_transcript_is_recompressed_to_one_frame" time="0.003" /><testcase classname="nessie_tests.tests.test_sources" name="test_a_copied_tree_lands_under_the_name_the_caller_chose" time="0.021" /><testcase classname="nessie_tests.tests.test_sources" name="test_an_absent_source_is_false_not_an_exception" time="0.006" /><testcase classname="nessie_tests.tests.test_sources" name="test_a_broken_copy_raises_CopyFailed_because_it_is_the_collectors_problem" time="0.002" /><testcase classname="nessie_tests.tests.test_sources" name="test_an_unreachable_container_never_reports_a_source_as_merely_absent" time="0.002" /><testcase classname="nessie_tests.tests.test_sources" name="test_no_status_marker_at_all_is_a_failure_not_an_absence" time="0.002" /><testcase classname="nessie_tests.tests.test_sources" name="test_a_success_with_no_archive_is_a_failure" time="0.002" /><testcase classname="nessie_tests.tests.test_sources" name="test_the_outcome_is_not_read_off_an_exit_code_that_conflates_the_cases" time="0.005" /><testcase classname="nessie_tests.tests.test_sources" name="test_the_archive_is_streamed_so_a_remote_host_works_like_the_local_one" time="0.015" /><testcase classname="nessie_tests.tests.test_sources" name="test_a_source_path_with_shell_metacharacters_cannot_escape_the_command" time="0.004" /><testcase classname="nessie_tests.tests.test_sources" name="test_recollecting_replaces_the_previous_tree_rather_than_merging_into_it" time="0.007" /><testcase classname="nessie_tests.tests.test_sources" name="test_an_archive_with_more_than_one_root_is_refused" time="0.004" /><testcase classname="nessie_tests.tests.test_sources" name="test_the_staging_dir_is_cleaned_up_even_when_the_move_never_happens" time="0.007" /><testcase classname="nessie_tests.tests.test_sources" name="test_an_absolute_symlink_in_a_scratch_tree_is_CopyFailed_not_a_crash" time="0.005" /><testcase classname="nessie_tests.tests.test_sources" name="test_a_banner_before_the_archive_is_CopyFailed_not_a_tarfile_crash" time="0.006" /><testcase classname="nessie_tests.tests.test_sources" name="test_a_corrupt_archive_is_CopyFailed_not_a_tarfile_crash" time="0.002" /><testcase classname="nessie_tests.tests.test_sources" name="test_a_transport_timeout_is_CopyFailed_not_a_TimeoutExpired" time="0.006" /><testcase classname="nessie_tests.tests.test_sources" name="test_the_script_delimits_the_archive_it_emits" time="0.007" /><testcase classname="nessie_tests.tests.test_sources" name="test_a_line_printed_AFTER_the_begin_marker_is_CopyFailed_not_a_corrupt_tar" time="0.005" /><testcase classname="nessie_tests.tests.test_sources" name="test_an_undelimited_archive_is_CopyFailed_rather_than_guessed_at" time="0.005" /><testcase classname="nessie_tests.tests.test_sources" name="test_one_bad_arm_does_not_abort_the_whole_collection" time="0.041" /><testcase classname="nessie_tests.tests.test_sources" name="test_an_unreachable_container_raises_rather_than_returning_no_rows" time="0.005" /><testcase classname="nessie_tests.tests.test_sources" name="test_a_non_json_payload_after_the_marker_raises" time="0.003" /><testcase classname="nessie_tests.tests.test_sources" name="test_noise_before_the_marker_is_ignored" time="0.005" /><testcase classname="nessie_tests.tests.test_sources" name="test_ping_proves_the_database_answered_not_merely_that_django_imported" time="0.006" /><testcase classname="nessie_tests.tests.test_sources" name="test_ping_raises_when_the_chain_is_broken" time="0.002" /><testcase classname="nessie_tests.tests.test_sources" name="test_it_satisfies_the_protocol_collect_documents" time="0.007" /><testcase classname="nessie_tests.tests.test_sources" name="test_collect_runs_end_to_end_against_it_with_only_the_runner_faked" time="0.012" /><testcase classname="nessie_tests.tests.test_strict_manifest_schema" name="test_bayes_manifest_rejects_unknown_top_level_key" time="0.003" /><testcase classname="nessie_tests.tests.test_strict_manifest_schema" name="test_bayes_pair_rejects_unknown_key" time="0.002" /><testcase classname="nessie_tests.tests.test_strict_manifest_schema" name="test_producer_written_manifest_validates_strict" time="0.005" /><testcase classname="nessie_tests.tests.test_unified_corpus" name="test_corpus_json_exists_and_parses" time="0.028" /><testcase classname="nessie_tests.tests.test_unified_corpus" name="test_unified_holds_every_definition" time="0.009" /><testcase classname="nessie_tests.tests.test_unified_corpus" name="test_every_retired_definition_is_still_loadable" time="3.272" /><testcase classname="nessie_tests.tests.test_unified_corpus" name="test_every_id_is_defined_exactly_once" time="0.011" /><testcase classname="nessie_tests.tests.test_unified_corpus" name="test_retired_ids_carry_their_full_retirement_record" time="0.012" /><testcase classname="nessie_tests.tests.test_unified_corpus" name="test_load_unified_returns_the_active_variants_only" time="0.013" /><testcase classname="nessie_tests.tests.test_unified_corpus" name="test_load_all_definitions_returns_active_plus_retired" time="0.014" /><testcase classname="nessie_tests.tests.test_unified_corpus" name="test_unified_resolution_preserves_turn_count" time="0.027" /><testcase classname="nessie_tests.tests.test_unified_corpus" name="test_the_hand_written_annotations_survived_adoption" time="0.010" /><testcase classname="nessie_tests.tests.test_unified_corpus" name="test_fingerprint_is_over_the_unified_corpus_only" time="0.039" /><testcase classname="nessie_tests.tests.test_unified_corpus" name="test_variant_meta_covers_every_definition" time="0.148" /><testcase classname="nessie_tests.tests.test_unified_corpus" name="test_every_declared_family_has_defaults" time="0.017" /></testsuite></testsuites>