<?xml version="1.0" encoding="utf-8"?><testsuites name="pytest tests"><testsuite name="pytest" errors="0" failures="0" skipped="0" tests="30" time="2.117" timestamp="2026-08-12T20:15:14.787302+00:00" hostname="a040821f0f90"><testcase classname="nextseek_api.cc_assistant.tests.test_risk_overlay" name="test_brittle_family_is_flagged" time="1.636" /><testcase classname="nextseek_api.cc_assistant.tests.test_risk_overlay" name="test_unknown_family_falls_back_to_the_legacy_router" time="0.004" /><testcase classname="nextseek_api.cc_assistant.tests.test_risk_overlay" name="test_too_uncertain_never_produces_a_confident_verdict" time="0.009" /><testcase classname="nextseek_api.cc_assistant.tests.test_risk_overlay" name="test_overlay_can_never_authorise_a_reroute" time="0.009" /><testcase classname="nextseek_api.cc_assistant.tests.test_risk_overlay" name="test_overlay_is_disabled_by_default" time="0.007" /><testcase classname="nextseek_api.cc_assistant.tests.test_v4_7_route_monitoring" name="test_export_observational_skips_forced_rows" time="0.005" /><testcase classname="nextseek_api.cc_assistant.tests.test_v4_7_route_monitoring" name="test_monitoring_summary_includes_caveat" time="0.004" /><testcase classname="nextseek_api.cc_assistant.tests.test_v4_7_route_monitoring" name="test_route_monitoring_module_has_no_publish_imports" time="0.002" /><testcase classname="nextseek_api.cc_assistant.tests.test_eval_publish" name="test_publish_stores_one_row_per_family_route_pair" time="0.006" /><testcase classname="nextseek_api.cc_assistant.tests.test_eval_publish" name="test_band_and_n_are_persisted_for_consumers" time="0.006" /><testcase classname="nextseek_api.cc_assistant.tests.test_eval_publish" name="test_a_family_below_the_floor_is_too_uncertain" time="0.005" /><testcase classname="nextseek_api.cc_assistant.tests.test_eval_publish" name="test_republishing_replaces_rather_than_duplicates" time="0.007" /><testcase classname="nextseek_api.cc_assistant.tests.test_eval_publish" name="test_publish_combined_fit_result_uses_decision_bands" time="0.005" /><testcase classname="nextseek_api.eval.tests.test_v4_7_fit_refuse" name="test_approved_batch_path_requires_registry" time="0.004" /><testcase classname="nextseek_api.eval.tests.test_v4_7_paired_run_registry" name="test_registry_immutable_content_hash" time="0.060" /><testcase classname="nextseek_api.eval.tests.test_v4_7_paired_run_registry" name="test_publish_refuses_unapproved_paired_run" time="0.057" /><testcase classname="nextseek_api.eval.tests.test_v4_7_paired_run_registry" name="test_publish_accepts_approved_paired_run" time="0.061" /><testcase classname="nextseek_api.eval.tests.test_v4_7_paired_run_registry" name="test_publish_refuses_online_provenance" time="0.060" /><testcase classname="nextseek_api.eval.tests.test_v4_7_fit_refuse" name="test_online_row_rejected_at_boundary" time="0.001" /><testcase classname="nextseek_api.eval.tests.test_v4_7_fit_refuse" name="test_forged_online_dict_rejected" time="0.001" /><testcase classname="nextseek_api.eval.tests.test_v4_7_fit_refuse" name="test_unapproved_paired_run_refused" time="0.001" /><testcase classname="nextseek_api.eval.tests.test_v4_7_fit_refuse" name="test_publish_provenance_rejects_online_route_source" time="0.001" /><testcase classname="nextseek_api.eval.tests.test_v4_7_fit_refuse" name="test_publish_provenance_requires_paired_run_id" time="0.001" /><testcase classname="nextseek_api.eval.tests.test_v4_7_fit_refuse" name="test_raw_dict_fit_input_refused" time="0.001" /><testcase classname="nextseek_api.eval.tests.test_v4_7_fit_refuse" name="test_conservation_zero_online_ids_in_hash" time="0.001" /><testcase classname="nextseek_api.eval.tests.test_v4_7_mutation_killers" name="test_mutation_online_kind_must_be_rejected" time="0.001" /><testcase classname="nextseek_api.eval.tests.test_v4_7_mutation_killers" name="test_mutation_publish_without_paired_run_id_fails" time="0.001" /><testcase classname="nextseek_api.eval.tests.test_v4_7_mutation_killers" name="test_mutation_mixed_batch_kind_fails" time="0.001" /><testcase classname="nextseek_api.eval.tests.test_v4_7_mutation_killers" name="test_monitoring_module_ast_has_no_publish_call" time="0.002" /><testcase classname="nextseek_api.eval.tests.test_v4_7_mutation_killers" name="test_online_row_cannot_use_forced_source" time="0.002" /></testsuite></testsuites>