<?xml version="1.0" encoding="utf-8"?><testsuites name="pytest tests"><testsuite name="pytest" errors="0" failures="0" skipped="0" tests="50" time="14.590" timestamp="2026-08-13T04:14:02.294842+00:00" hostname="13362e827501"><testcase classname="nessie_tests.tests.test_bayesian" name="test_resume_onto_a_directory_holding_no_run_refuses_instead_of_paying_twice" time="0.040" /><testcase classname="nessie_tests.tests.test_bayesian" name="test_the_resume_guard_fires_before_the_preflight_spends_a_turn" time="0.002" /><testcase classname="nessie_tests.tests.test_bayesian" name="test_a_run_that_is_not_a_resume_still_starts_normally_in_an_empty_directory" time="2.091" /><testcase classname="nessie_tests.tests.test_bayesian" name="test_a_resume_after_a_rebuild_keeps_the_prior_runs_provenance" time="1.725" /><testcase classname="nessie_tests.tests.test_bayesian" name="test_a_changed_build_is_recorded_rather_than_refused" time="1.756" /><testcase classname="nessie_tests.tests.test_bayesian" name="test_a_fresh_run_records_an_empty_provenance_chain" time="1.881" /><testcase classname="nessie_tests.tests.test_bayesian" name="test_repeated_resumes_flatten_into_one_readable_list" time="2.804" /><testcase classname="nessie_tests.tests.test_bayesian" name="test_the_provenance_chain_survives_the_round_trip_to_disk" time="1.886" /><testcase classname="nessie_tests.tests.test_bayesian" name="test_a_crash_between_the_arms_of_one_pair_keeps_the_completed_ns_arm" time="1.758" /><testcase classname="nessie_tests.tests.test_bayesian" name="test_a_truncated_manifest_is_not_silently_treated_as_resumable" time="0.005" /><testcase classname="nessie_tests.tests.test_bayesian" name="test_an_interrupted_write_leaves_the_previous_manifest_intact" time="0.007" /><testcase classname="nessie_tests.tests.test_cli" name="test_parser_defaults" time="0.019" /><testcase classname="nessie_tests.tests.test_cli" name="test_main_wires_run_suite" time="0.031" /><testcase classname="nessie_tests.tests.test_cli" name="test_full_tier_auto_enables_consistency" time="0.003" /><testcase classname="nessie_tests.tests.test_cli" name="test_route_tier_defaults_consistency_off" time="0.003" /><testcase classname="nessie_tests.tests.test_cli" name="test_consistency_flag_forces_it_on_route_tier" time="0.003" /><testcase classname="nessie_tests.tests.test_cli" name="test_the_cli_reports_an_outage_rather_than_silently_dropping_it" time="0.010" /><testcase classname="nessie_tests.tests.test_cli" name="test_the_cli_names_a_case_that_asserted_nothing" time="0.006" /><testcase classname="nessie_tests.tests.test_cli" name="test_the_cli_does_not_print_a_cost_it_never_observed" time="0.005" /><testcase classname="nessie_tests.tests.test_cli" name="test_the_cli_still_prints_a_cost_it_did_observe" time="0.005" /><testcase classname="nessie_tests.tests.test_cli" name="test_bayesian_flag_parses_with_its_own_options" time="0.007" /><testcase classname="nessie_tests.tests.test_cli" name="test_bayesian_defaults_its_own_output_directory" time="0.015" /><testcase classname="nessie_tests.tests.test_cli" name="test_a_normal_run_still_defaults_to_nessie_out" time="0.006" /><testcase classname="nessie_tests.tests.test_cli" name="test_bayesian_threads_its_whole_run_shape_through" time="0.012" /><testcase classname="nessie_tests.tests.test_cli" name="test_bayesian_names_the_same_corpus_the_normal_path_names" time="0.004" /><testcase classname="nessie_tests.tests.test_cli" name="test_bayesian_refuses_every_other_selection_source[extra0]" time="0.008" /><testcase classname="nessie_tests.tests.test_cli" name="test_bayesian_refuses_every_other_selection_source[extra1]" time="0.002" /><testcase classname="nessie_tests.tests.test_cli" name="test_bayesian_refuses_every_other_selection_source[extra2]" time="0.002" /><testcase classname="nessie_tests.tests.test_cli" name="test_bayesian_refuses_every_other_selection_source[extra3]" time="0.002" /><testcase classname="nessie_tests.tests.test_cli" name="test_bayesian_refuses_every_other_selection_source[extra4]" time="0.002" /><testcase classname="nessie_tests.tests.test_cli" name="test_bayesian_refuses_every_other_selection_source[extra5]" time="0.003" /><testcase classname="nessie_tests.tests.test_cli" name="test_bayesian_refuses_every_other_selection_source[extra6]" time="0.002" /><testcase classname="nessie_tests.tests.test_cli" name="test_the_paired_only_flags_refuse_to_be_silently_ignored[extra0]" time="0.009" /><testcase classname="nessie_tests.tests.test_cli" name="test_the_paired_only_flags_refuse_to_be_silently_ignored[extra1]" time="0.002" /><testcase classname="nessie_tests.tests.test_cli" name="test_the_paired_only_flags_refuse_to_be_silently_ignored[extra2]" time="0.002" /><testcase classname="nessie_tests.tests.test_cli" name="test_bayesian_refuses_a_conflicting_flag_set_to_its_default_value[extra0]" time="0.009" /><testcase classname="nessie_tests.tests.test_cli" name="test_bayesian_refuses_a_conflicting_flag_set_to_its_default_value[extra1]" time="0.002" /><testcase classname="nessie_tests.tests.test_cli" name="test_bayesian_refuses_a_conflicting_flag_set_to_its_default_value[extra2]" time="0.002" /><testcase classname="nessie_tests.tests.test_cli" name="test_bayesian_refuses_a_conflicting_flag_set_to_its_default_value[extra3]" time="0.002" /><testcase classname="nessie_tests.tests.test_cli" name="test_bayesian_refuses_a_conflicting_flag_set_to_its_default_value[extra4]" time="0.002" /><testcase classname="nessie_tests.tests.test_cli" name="test_a_normal_run_refuses_a_paired_only_flag_set_to_its_default_value" time="0.009" /><testcase classname="nessie_tests.tests.test_cli" name="test_supplied_flags_reports_only_what_was_typed" time="0.011" /><testcase classname="nessie_tests.tests.test_cli" name="test_neither_check_disturbs_a_run_that_supplied_nothing_extra" time="0.010" /><testcase classname="nessie_tests.tests.test_cli" name="test_bayesian_points_at_the_paired_manifest_not_the_normal_one" time="0.009" /><testcase classname="nessie_tests.tests.test_cli" name="test_every_paired_abort_is_legible_from_the_terminal_alone[exc0-3-must_say0]" time="0.007" /><testcase classname="nessie_tests.tests.test_cli" name="test_every_paired_abort_is_legible_from_the_terminal_alone[exc1-4-must_say1]" time="0.002" /><testcase classname="nessie_tests.tests.test_cli" name="test_every_paired_abort_is_legible_from_the_terminal_alone[exc2-5-must_say2]" time="0.002" /><testcase classname="nessie_tests.tests.test_cli" name="test_every_paired_abort_is_legible_from_the_terminal_alone[exc3-5-must_say3]" time="0.002" /><testcase classname="nessie_tests.tests.test_cli" name="test_every_paired_abort_is_legible_from_the_terminal_alone[exc4-6-must_say4]" time="0.002" /><testcase classname="nessie_tests.tests.test_cli" name="test_every_paired_abort_is_legible_from_the_terminal_alone[exc5-7-must_say5]" time="0.004" /></testsuite></testsuites>