<?xml version="1.0" encoding="utf-8"?><testsuites name="pytest tests"><testsuite name="pytest" errors="0" failures="0" skipped="0" tests="11" time="5.915" timestamp="2026-08-12T18:40:55.842493+00:00" hostname="01175ac378ac"><testcase classname="nextseek_api.eval.tests.test_generation_store_mysql" name="test_mysql_stale_cas_refused" time="4.478" /><testcase classname="nextseek_api.eval.tests.test_generation_store_mysql" name="test_mysql_two_activators_second_loses_race" time="0.158" /><testcase classname="nextseek_api.eval.tests.test_generation_store_mysql" name="test_mysql_immutable_overwrite_refused" time="0.144" /><testcase classname="nextseek_api.eval.tests.test_generation_store_mysql" name="test_mysql_rollback_restores_previous" time="0.145" /><testcase classname="nextseek_api.eval.tests.test_generation_store_mysql" name="test_mysql_reader_observes_single_generation_hash" time="0.147" /><testcase classname="nextseek_api.eval.tests.test_generation_store_mysql" name="test_mysql_parent_mismatch_refused_on_validation" time="0.137" /><testcase classname="nextseek_api.eval.tests.test_generation_store_mysql" name="test_mysql_corruption_refused_on_activate" time="0.133" /><testcase classname="nextseek_api.eval.tests.test_generation_store_mysql" name="test_mysql_taxonomy_corpus_incompat_refused" time="0.135" /><testcase classname="nextseek_api.eval.tests.test_generation_store_mysql" name="test_mysql_partial_publish_refused" time="0.130" /><testcase classname="nextseek_api.eval.tests.test_generation_store_mysql" name="test_mysql_crash_publish_boundary_leaves_no_incomplete_generation" time="0.135" /><testcase classname="nextseek_api.eval.tests.test_generation_store_mysql" name="test_mysql_crash_activation_boundary_leaves_pointer_unchanged" time="0.131" /></testsuite></testsuites>