<?xml version="1.0" encoding="utf-8"?><testsuites name="pytest tests"><testsuite name="pytest" errors="0" failures="0" skipped="0" tests="50" time="2.968" timestamp="2026-08-17T22:28:38.878219+00:00" hostname="8e6b5919cc3b"><testcase classname="nessie_tests.tests.test_export" name="test_stage_b_carries_the_corpus_metadata_the_grader_is_given" time="0.084" /><testcase classname="nessie_tests.tests.test_export" name="test_a_fully_collected_arm_carries_the_answer_stage_c_grades" time="0.010" /><testcase classname="nessie_tests.tests.test_export" name="test_the_answer_is_the_last_turns_and_the_question_is_the_conversation" time="0.008" /><testcase classname="nessie_tests.tests.test_export" name="test_an_arm_with_no_reply_is_blank_in_ONE_column_not_two" time="0.008" /><testcase classname="nessie_tests.tests.test_export" name="test_the_reply_is_recovered_from_query_complete_when_the_result_never_landed" time="0.005" /><testcase classname="nessie_tests.tests.test_export" name="test_the_operator_is_told_how_many_rows_have_no_answer_to_grade" time="0.029" /><testcase classname="nessie_tests.tests.test_export" name="test_a_variant_missing_from_the_corpus_names_itself" time="0.003" /><testcase classname="nessie_tests.tests.test_export" name="test_a_timeout_reason_outranks_the_error_status" time="0.004" /><testcase classname="nessie_tests.tests.test_export" name="test_the_documented_export_command_actually_writes_the_csvs" time="0.738" /><testcase classname="nessie_tests.tests.test_export" name="test_the_export_cli_reads_the_collected_tree_the_report_reads" time="0.016" /><testcase classname="nessie_tests.tests.test_export" name="test_an_export_with_no_collected_tree_says_the_run_is_degraded" time="0.016" /><testcase classname="nessie_tests.tests.test_export" name="test_the_export_cli_refuses_a_normal_runs_manifest" time="0.739" /><testcase classname="nessie_tests.tests.test_export" name="test_the_export_cli_names_the_manifest_through_the_constant" time="0.006" /><testcase classname="nessie_tests.tests.test_merge_grades" name="test_llm_outcome_projects_to_binary_per_upstream_dd08" time="0.028" /><testcase classname="nessie_tests.tests.test_merge_grades" name="test_not_assessable_is_neither_success_nor_failure" time="0.004" /><testcase classname="nessie_tests.tests.test_merge_grades" name="test_an_absent_verdict_is_also_neither" time="0.004" /><testcase classname="nessie_tests.tests.test_merge_grades" name="test_agreement_is_computed_only_where_both_graders_spoke" time="0.015" /><testcase classname="nessie_tests.tests.test_merge_grades" name="test_a_missing_human_grade_fails_loudly" time="0.013" /><testcase classname="nessie_tests.tests.test_merge_grades" name="test_the_error_states_the_scale_rather_than_showing_ten_of_two_hundred" time="0.012" /><testcase classname="nessie_tests.tests.test_merge_grades" name="test_the_exception_carries_every_ungraded_key_not_just_the_named_ten" time="0.007" /><testcase classname="nessie_tests.tests.test_merge_grades" name="test_a_grade_outside_the_vocabulary_is_named_as_a_mismatch_not_an_unfinished_pass" time="0.011" /><testcase classname="nessie_tests.tests.test_merge_grades" name="test_an_unknown_image_names_the_row_it_came_from" time="0.009" /><testcase classname="nessie_tests.tests.test_merge_grades" name="test_merged_row_carries_both_grades_and_the_agreement_flag" time="0.007" /><testcase classname="nessie_tests.tests.test_merge_grades" name="test_the_join_key_is_export_s_and_not_a_second_separator" time="0.002" /><testcase classname="nessie_tests.tests.test_merge_grades" name="test_every_arm_the_export_writes_can_be_read_back_off_its_image" time="0.007" /><testcase classname="nessie_tests.tests.test_merge_grades" name="test_a_variant_id_containing_the_separator_still_joins" time="0.002" /><testcase classname="nessie_tests.tests.test_merge_grades" name="test_the_runtime_columns_are_carried_through_untouched" time="0.003" /><testcase classname="nessie_tests.tests.test_merge_grades" name="test_a_grade_for_a_row_that_was_never_exported_is_not_an_error" time="0.007" /><testcase classname="nessie_tests.tests.test_merge_grades" name="test_an_excluded_arm_cannot_trigger_the_loud_failure" time="0.004" /><testcase classname="nessie_tests.tests.test_merge_grades" name="test_a_missing_verdict_leaves_the_covariates_absent_not_zero" time="0.005" /><testcase classname="nessie_tests.tests.test_merge_grades" name="test_a_real_usefulness_score_of_zero_survives_as_zero" time="0.012" /><testcase classname="nessie_tests.tests.test_merge_grades" name="test_an_unobserved_cost_stays_empty_through_the_merge" time="0.006" /><testcase classname="nessie_tests.tests.test_merge_grades" name="test_a_primary_issue_of_the_literal_string_None_is_not_an_absent_one" time="0.007" /><testcase classname="nessie_tests.tests.test_merge_grades" name="test_a_not_assessable_verdict_still_carries_its_covariates" time="0.006" /><testcase classname="nessie_tests.tests.test_merge_grades" name="test_the_three_valued_columns_reach_the_csv_as_empty_not_false" time="0.006" /><testcase classname="nessie_tests.tests.test_merge_grades" name="test_main_writes_the_fourteen_runtime_columns_plus_the_five_grade_columns" time="0.015" /><testcase classname="nessie_tests.tests.test_merge_grades" name="test_main_runs_before_stage_c_has" time="0.007" /><testcase classname="nessie_tests.tests.test_merge_grades" name="test_main_refuses_a_run_whose_export_never_ran" time="0.005" /><testcase classname="nessie_tests.tests.test_merge_grades" name="test_main_refuses_a_run_with_no_grades_file" time="0.005" /><testcase classname="nessie_tests.tests.test_merge_grades" name="test_a_stage_c_file_of_the_wrong_shape_raises_rather_than_joining_to_nothing" time="0.005" /><testcase classname="nessie_tests.tests.test_merge_grades" name="test_a_drifted_export_header_raises_rather_than_joining_on_the_wrong_shape" time="0.006" /><testcase classname="nessie_tests.tests.test_merge_grades" name="test_the_summary_counts_agreement_and_surplus_grades" time="0.008" /><testcase classname="nessie_tests.tests.test_merge_grades" name="test_the_skill_script_is_a_thin_wrapper_over_the_package" time="0.004" /><testcase classname="nessie_tests.tests.test_retired" name="test_no_active_variant_carries_a_stale_retirement_record" time="0.014" /><testcase classname="nessie_tests.tests.test_retired" name="test_every_retirement_records_why" time="0.010" /><testcase classname="nessie_tests.tests.test_retired" name="test_merged_excludes_retired_variants" time="0.040" /><testcase classname="nessie_tests.tests.test_retired" name="test_gbm_is_gone_from_the_active_corpus" time="0.017" /><testcase classname="nessie_tests.tests.test_retired" name="test_retirement_can_be_reversed_by_flipping_the_status" time="0.156" /><testcase classname="nessie_tests.tests.test_retired" name="test_every_definition_has_a_status_the_loader_recognises" time="0.009" /><testcase classname="nessie_tests.tests.test_run_case" name="test_run_case_returns_exactly_one_entry" time="0.299" /></testsuite></testsuites>