<?xml version="1.0" encoding="utf-8"?><testsuites name="pytest tests"><testsuite name="pytest" errors="0" failures="0" skipped="0" tests="5" time="5.433" timestamp="2026-08-12T21:01:09.122189+00:00" hostname="79544ca7b97d"><testcase classname="nextseek_api.eval.tests.test_v4_8_mysql" name="test_mysql_nway_contention_no_overspend" time="4.793" /><testcase classname="nextseek_api.eval.tests.test_v4_8_mysql" name="test_mysql_idempotency_replay_under_contention" time="0.166" /><testcase classname="nextseek_api.eval.tests.test_v4_8_mysql" name="test_mysql_crash_after_provider_releases_on_exception" time="0.155" /><testcase classname="nextseek_api.eval.tests.test_v4_8_mysql" name="test_mysql_orphan_pending_can_be_released" time="0.142" /><testcase classname="nextseek_api.eval.tests.test_v4_8_mysql" name="test_mysql_expiry_sweep" time="0.137" /></testsuite></testsuites>