<?xml version="1.0" encoding="utf-8"?><testsuites name="pytest tests"><testsuite name="pytest" errors="0" failures="0" skipped="0" tests="50" time="1.468" timestamp="2026-08-17T22:28:57.869451+00:00" hostname="678831ef023c"><testcase classname="nessie_tests.tests.test_runner" name="test_a_cc_case_whose_every_criterion_was_skipped_is_no_assertions" time="0.391" /><testcase classname="nessie_tests.tests.test_runner" name="test_the_same_case_routed_to_nextseek_is_still_scored_normally" time="0.165" /><testcase classname="nessie_tests.tests.test_runner" name="test_a_multi_turn_case_that_asserted_something_is_not_vacuous" time="0.024" /><testcase classname="nessie_tests.tests.test_runner" name="test_a_genuine_red_on_an_earlier_turn_beats_no_assertions" time="0.020" /><testcase classname="nessie_tests.tests.test_runner" name="test_an_outage_beats_no_assertions" time="0.026" /><testcase classname="nessie_tests.tests.test_runner" name="test_an_infrastructure_error_beats_no_assertions" time="0.024" /><testcase classname="nessie_tests.tests.test_runner" name="test_a_case_whose_turns_carry_no_criteria_at_all_is_also_vacuous" time="0.023" /><testcase classname="nessie_tests.tests.test_runner" name="test_no_assertions_is_a_real_failure_and_the_two_readers_agree" time="0.011" /><testcase classname="nessie_tests.tests.test_runner" name="test_a_known_fail_that_asserted_nothing_is_still_a_real_failure" time="0.005" /><testcase classname="nessie_tests.tests.test_runner" name="test_no_assertions_is_never_promoted_to_xpass" time="0.005" /><testcase classname="nessie_tests.tests.test_runner" name="test_the_gate_and_the_summary_use_the_one_predicate" time="0.010" /><testcase classname="nessie_tests.tests.test_runner" name="test_the_outage_exemption_cannot_swallow_a_no_assertions_entry" time="0.006" /><testcase classname="nessie_tests.tests.test_runner" name="test_a_genuine_outage_is_still_exempt_after_narrowing_the_guard" time="0.005" /><testcase classname="nessie_tests.tests.test_runner" name="test_a_skipped_criterion_is_machine_readable_in_the_manifest" time="0.026" /><testcase classname="nessie_tests.tests.test_runner" name="test_an_evaluated_criterion_is_not_marked_skipped" time="0.024" /><testcase classname="nessie_tests.tests.test_runner" name="test_old_manifests_load_without_the_skipped_field" time="0.003" /><testcase classname="nessie_tests.tests.test_runner" name="test_a_run_that_observed_no_cost_reports_unmeasured_not_zero" time="0.007" /><testcase classname="nessie_tests.tests.test_runner" name="test_a_genuinely_observed_zero_is_distinguishable_from_never_observed" time="0.008" /><testcase classname="nessie_tests.tests.test_runner" name="test_a_partial_total_says_so" time="0.007" /><testcase classname="nessie_tests.tests.test_runner" name="test_a_case_that_never_ran_is_free_rather_than_unmeasured" time="0.004" /><testcase classname="nessie_tests.tests.test_runner" name="test_skipped_cases_do_not_dilute_the_unmeasured_count" time="0.004" /><testcase classname="nessie_tests.tests.test_runner" name="test_total_cost_stays_present_for_the_out_of_bounds_consumer" time="0.003" /><testcase classname="nessie_tests.tests.test_runner" name="test_a_route_tier_run_does_not_claim_it_spent_nothing" time="0.022" /><testcase classname="nessie_tests.tests.test_runner" name="test_a_full_tier_run_still_reports_the_cost_it_observed" time="0.024" /><testcase classname="nessie_tests.tests.test_runner" name="test_an_unrelated_gate_is_unmeasured_rather_than_free" time="0.024" /><testcase classname="nessie_tests.tests.test_sources" name="test_an_empty_host_goes_to_the_local_docker_daemon_not_to_ssh" time="0.043" /><testcase classname="nessie_tests.tests.test_sources" name="test_a_host_ssh_es_first_and_a_user_sudo_s_there" time="0.005" /><testcase classname="nessie_tests.tests.test_sources" name="test_a_host_without_a_user_skips_sudo" time="0.002" /><testcase classname="nessie_tests.tests.test_sources" name="test_the_script_is_base64_so_ssh_and_sudo_quoting_cannot_mangle_it" time="0.004" /><testcase classname="nessie_tests.tests.test_sources" name="test_the_container_name_is_configurable_and_reaches_the_command" time="0.003" /><testcase classname="nessie_tests.tests.test_sources" name="test_nothing_is_written_inside_the_container" time="0.006" /><testcase classname="nessie_tests.tests.test_sources" name="test_the_timeout_reaches_the_runner" time="0.003" /><testcase classname="nessie_tests.tests.test_sources" name="test_task_rows_returns_the_contract_shape" time="0.004" /><testcase classname="nessie_tests.tests.test_sources" name="test_an_id_with_no_row_is_absent_rather_than_invented" time="0.003" /><testcase classname="nessie_tests.tests.test_sources" name="test_the_whole_batch_is_one_round_trip" time="0.008" /><testcase classname="nessie_tests.tests.test_sources" name="test_no_ids_asks_the_container_nothing" time="0.005" /><testcase classname="nessie_tests.tests.test_sources" name="test_an_id_the_database_did_not_answer_for_gets_no_row_invented" time="0.005" /><testcase classname="nessie_tests.tests.test_sources" name="test_the_projection_is_driven_by_the_rows_not_by_the_ids_asked_for" time="0.005" /><testcase classname="nessie_tests.tests.test_sources" name="test_the_row_carries_exactly_the_three_fields_QueryTask_stores" time="0.005" /><testcase classname="nessie_tests.tests.test_sources" name="test_the_answer_comes_back_under_the_id_the_caller_asked_with" time="0.003" /><testcase classname="nessie_tests.tests.test_sources" name="test_a_malformed_id_does_not_cost_the_others_their_rows" time="0.006" /><testcase classname="nessie_tests.tests.test_sources" name="test_the_projection_the_container_runs_is_the_one_under_test_here" time="0.005" /><testcase classname="nessie_tests.tests.test_sources" name="test_the_request_travels_base64_inside_the_script" time="0.004" /><testcase classname="nessie_tests.tests.test_sources" name="test_cc_transcript_decodes_the_base64_back_to_raw_bytes" time="0.005" /><testcase classname="nessie_tests.tests.test_sources" name="test_no_transcript_is_none_not_empty_bytes" time="0.005" /><testcase classname="nessie_tests.tests.test_sources" name="test_a_blank_session_id_asks_the_container_nothing" time="0.006" /><testcase classname="nessie_tests.tests.test_sources" name="test_the_transcript_is_looked_up_by_the_chat_session_not_the_cc_session" time="0.004" /><testcase classname="nessie_tests.tests.test_sources" name="test_transcript_rows_are_ordered_by_created_at_not_by_turn_id" time="0.004" /><testcase classname="nessie_tests.tests.test_sources" name="test_cumulative_snapshots_are_not_duplicated" time="0.004" /><testcase classname="nessie_tests.tests.test_sources" name="test_disjoint_segments_are_kept_because_dropping_one_loses_a_turn" time="0.004" /></testsuite></testsuites>