<?xml version="1.0" encoding="utf-8"?><testsuites name="pytest tests"><testsuite name="pytest" errors="0" failures="0" skipped="0" tests="219" time="4.358" timestamp="2026-08-18T13:43:33.216532+00:00" hostname="0957cdd0e7fa"><testcase classname="nextseek_api.eval.tests.test_task4_coverage" name="test_judging_engine_resumes_durable_success_without_transport" time="1.726" /><testcase classname="nextseek_api.eval.tests.test_task4_coverage" name="test_judging_engine_cache_tolerates_missing_durable_reload" time="0.004" /><testcase classname="nextseek_api.eval.tests.test_task4_coverage" name="test_paid_state_completed_refusal_and_failed_transition" time="0.007" /><testcase classname="nextseek_api.eval.tests.test_task4_coverage" name="test_approve_run_manifest_dict_replay_collision_and_consumed_paths" time="0.007" /><testcase classname="nextseek_api.eval.tests.test_task4_coverage" name="test_manifest_approval_losing_insert_race_replays_existing" time="0.007" /><testcase classname="nextseek_api.eval.tests.test_task4_coverage" name="test_load_manifest_refusal_and_success_paths" time="0.007" /><testcase classname="nextseek_api.eval.tests.test_task4_coverage" name="test_reservation_missing_nonpending_and_idempotent_terminal_transitions" time="0.017" /><testcase classname="nextseek_api.eval.tests.test_task4_coverage" name="test_conservation_refuses_unknown_reservation_status" time="0.013" /><testcase classname="nextseek_api.eval.tests.test_task4_coverage" name="test_conservation_counts_paid_run_statuses_and_refuses_unknown_status" time="0.011" /><testcase classname="nextseek_api.cc_assistant.tests.test_posterior_selector" name="test_posterior_routing_disabled_by_default" time="0.006" /><testcase classname="nextseek_api.cc_assistant.tests.test_posterior_selector" name="test_decisive_posterior_selects_route" time="0.026" /><testcase classname="nextseek_api.cc_assistant.tests.test_posterior_selector" name="test_decisive_posterior_in_activated_subset_selects_route" time="0.015" /><testcase classname="nextseek_api.cc_assistant.tests.test_posterior_selector" name="test_too_uncertain_falls_back" time="0.016" /><testcase classname="nextseek_api.cc_assistant.tests.test_posterior_selector" name="test_missing_posterior_falls_back" time="0.016" /><testcase classname="nextseek_api.cc_assistant.tests.test_posterior_selector" name="test_poisoned_generation_status_falls_back" time="0.011" /><testcase classname="nextseek_api.cc_assistant.tests.test_posterior_selector" name="test_stale_generation_fallback" time="0.015" /><testcase classname="nextseek_api.cc_assistant.tests.test_posterior_selector" name="test_malformed_generation_fallback_invalid_route" time="0.016" /><testcase classname="nextseek_api.cc_assistant.tests.test_posterior_selector" name="test_incompatible_generation_fallback_indecisive_tie" time="0.016" /><testcase classname="nextseek_api.cc_assistant.tests.test_posterior_selector" name="test_poisoned_store_non_blocking_on_decide_path" time="0.055" /><testcase classname="nextseek_api.cc_assistant.tests.test_router_ledger_v46" name="test_record_ledger_row_persists_generation_id" time="0.007" /><testcase classname="nextseek_api.cc_assistant.tests.test_router_ledger_v46" name="test_ledger_collision_does_not_raise" time="0.004" /><testcase classname="nextseek_api.cc_assistant.tests.test_router_ledger_v46" name="test_sticky_override_persists_attempted_route_and_source" time="0.006" /><testcase classname="nextseek_api.cc_assistant.tests.test_router_v46_calltable" name="test_flag_off_uses_single_route_call" time="0.002" /><testcase classname="nextseek_api.cc_assistant.tests.test_router_v46_calltable" name="test_flag_on_unrelated_skips_route_llm" time="0.004" /><testcase classname="nextseek_api.cc_assistant.tests.test_router_v46_calltable" name="test_flag_on_pretransport_invalid_zero_classify" time="0.002" /><testcase classname="nextseek_api.cc_assistant.tests.test_router_v46_calltable" name="test_flag_on_posterior_decisive_skips_route_llm" time="0.002" /><testcase classname="nextseek_api.cc_assistant.tests.test_router_v46_calltable" name="test_flag_on_indecisive_falls_back_to_route_llm" time="0.002" /><testcase classname="nextseek_api.cc_assistant.tests.test_router_v46_calltable" name="test_classification_failure_never_fabricates_family" time="0.003" /><testcase classname="nextseek_api.cc_assistant.tests.test_router_v46_calltable" name="test_flag_on_posttransport_failure_one_classify_one_route" time="0.002" /><testcase classname="nextseek_api.cc_assistant.tests.test_router_v46_calltable" name="test_sticky_override_records_attempted_vs_actual" time="0.002" /><testcase classname="nextseek_api.cc_assistant.tests.test_router_v46_calltable" name="test_flag_off_transport_integration_counts_real_baml_dispatch" time="0.003" /><testcase classname="nextseek_api.cc_assistant.tests.test_router_v46_calltable" name="test_flag_off_byte_equivalent_destination_model_vs_frozen_baseline" time="0.003" /><testcase classname="nextseek_api.cc_assistant.tests.test_router_v46_calltable" name="test_flag_on_zero_variant_family_one_classify_one_route_transport" time="0.018" /><testcase classname="nextseek_api.cc_assistant.tests.test_router_v46_calltable" name="test_flag_on_posterior_decisive_transport_skips_route_llm" time="0.042" /><testcase classname="nextseek_api.cc_assistant.tests.test_turn_ledger_writer" name="test_record_turn_persists_a_row" time="0.003" /><testcase classname="nextseek_api.cc_assistant.tests.test_turn_ledger_writer" name="test_concurrent_same_turn_number_raises_collision_not_integrity_error" time="0.004" /><testcase classname="nextseek_api.cc_assistant.tests.test_turn_ledger_writer" name="test_null_family_is_allowed_with_a_source_recorded" time="0.003" /><testcase classname="nextseek_api.cc_assistant.tests.test_v4_7_route_monitoring" name="test_export_observational_skips_forced_rows" time="0.008" /><testcase classname="nextseek_api.cc_assistant.tests.test_v4_7_route_monitoring" name="test_export_wires_propensity_when_ledger_field_present" time="0.003" /><testcase classname="nextseek_api.cc_assistant.tests.test_v4_7_route_monitoring" name="test_monitoring_summary_includes_caveat" time="0.013" /><testcase classname="nextseek_api.cc_assistant.tests.test_v4_7_route_monitoring" name="test_policy_drift_alert" time="0.009" /><testcase classname="nextseek_api.cc_assistant.tests.test_v4_7_route_monitoring" name="test_family_mix_shift_alert" time="0.002" /><testcase classname="nextseek_api.cc_assistant.tests.test_v4_7_route_monitoring" name="test_missingness_spike_alert" time="0.002" /><testcase classname="nextseek_api.cc_assistant.tests.test_v4_7_route_monitoring" name="test_route_outcome_change_alert" time="0.002" /><testcase classname="nextseek_api.cc_assistant.tests.test_v4_7_route_monitoring" name="test_summary_includes_alerts_when_baseline_provided" time="0.002" /><testcase classname="nextseek_api.cc_assistant.tests.test_v4_7_route_monitoring" name="test_route_monitoring_module_has_no_publish_imports" time="0.004" /><testcase classname="nextseek_api.eval.tests.test_v4_7_fit_refuse" name="test_approved_batch_path_requires_registry" time="0.009" /><testcase classname="nextseek_api.cc_assistant.tests.test_run_authorization" name="test_reserve_budget_enforces_cap" time="0.013" /><testcase classname="nextseek_api.cc_assistant.tests.test_run_authorization" name="test_idempotency_key_replays_same_reservation" time="0.008" /><testcase classname="nextseek_api.cc_assistant.tests.test_run_authorization" name="test_guarded_provider_call_requires_reservation" time="0.010" /><testcase classname="nextseek_api.cc_assistant.tests.test_run_authorization" name="test_activate_generation_cas_refuses_stale_hash" time="0.040" /><testcase classname="nextseek_api.cc_assistant.tests.test_run_authorization" name="test_manifest_hash_is_stable" time="0.002" /><testcase classname="nextseek_api.cc_assistant.tests.test_v4_8_gate" name="test_guarded_provider_call_reconciles_on_success" time="0.008" /><testcase classname="nextseek_api.cc_assistant.tests.test_v4_8_gate" name="test_guarded_provider_call_releases_on_exception" time="0.008" /><testcase classname="nextseek_api.cc_assistant.tests.test_v4_8_gate" name="test_crash_injection_flags[CRASH_BEFORE_RESERVE]" time="0.002" /><testcase classname="nextseek_api.cc_assistant.tests.test_v4_8_gate" name="test_crash_injection_flags[CRASH_AFTER_RESERVE]" time="0.006" /><testcase classname="nextseek_api.cc_assistant.tests.test_v4_8_gate" name="test_crash_injection_flags[CRASH_AFTER_PROVIDER]" time="0.007" /><testcase classname="nextseek_api.cc_assistant.tests.test_v4_8_gate" name="test_crash_injection_flags[CRASH_BEFORE_RECONCILE]" time="0.007" /><testcase classname="nextseek_api.cc_assistant.tests.test_v4_8_gate" name="test_judging_engine_increments_transport_after_reserve" time="0.009" /><testcase classname="nextseek_api.cc_assistant.tests.test_v4_8_gate" name="test_judging_engine_zero_cap_makes_zero_transport_calls" time="0.003" /><testcase classname="nextseek_api.cc_assistant.tests.test_v4_8_gate" name="test_judging_engine_cache_hit_skips_transport" time="0.012" /><testcase classname="nextseek_api.cc_assistant.tests.test_v4_8_mutations" name="test_mutation_skip_reserve_still_requires_gate" time="0.003" /><testcase classname="nextseek_api.cc_assistant.tests.test_v4_8_mutations" name="test_mutation_double_charge_retry_refused" time="0.008" /><testcase classname="nextseek_api.cc_assistant.tests.test_v4_8_mutations" name="test_mutation_changed_manifest_gets_distinct_approval" time="0.003" /><testcase classname="nextseek_api.cc_assistant.tests.test_v4_8_mutations" name="test_mutation_forged_collision_refused" time="0.003" /><testcase classname="nextseek_api.cc_assistant.tests.test_v4_8_mutations" name="test_mutation_schedule_entry_refused" time="0.002" /><testcase classname="nextseek_api.cc_assistant.tests.test_v4_8_reconciliation" name="test_reconciliation_artifact_balanced" time="0.015" /><testcase classname="nextseek_api.cc_assistant.tests.test_v4_8_reserve" name="test_create_once_returns_existing_same_body" time="0.003" /><testcase classname="nextseek_api.cc_assistant.tests.test_v4_8_reserve" name="test_changed_manifest_gets_new_approval" time="0.003" /><testcase classname="nextseek_api.cc_assistant.tests.test_v4_8_reserve" name="test_hash_collision_with_different_body_refused" time="0.003" /><testcase classname="nextseek_api.cc_assistant.tests.test_v4_8_reserve" name="test_reserve_budget_enforces_spend_cap" time="0.011" /><testcase classname="nextseek_api.cc_assistant.tests.test_v4_8_reserve" name="test_reserve_budget_enforces_call_cap" time="0.013" /><testcase classname="nextseek_api.cc_assistant.tests.test_v4_8_reserve" name="test_idempotency_key_replays_same_reservation" time="0.009" /><testcase classname="nextseek_api.cc_assistant.tests.test_v4_8_reserve" name="test_non_positive_reservation_refused" time="0.002" /><testcase classname="nextseek_api.cc_assistant.tests.test_v4_8_reserve" name="test_expired_manifest_refused" time="0.003" /><testcase classname="nextseek_api.cc_assistant.tests.test_v4_8_reserve" name="test_approve_manifest_refuses_cap_override" time="0.002" /><testcase classname="nextseek_api.cc_assistant.tests.test_v4_8_reserve" name="test_approve_manifest_refuses_call_override" time="0.002" /><testcase classname="nextseek_api.cc_assistant.tests.test_v4_8_reserve" name="test_approve_manifest_refuses_ttl_override" time="0.002" /><testcase classname="nextseek_api.cc_assistant.tests.test_v4_8_reserve" name="test_consumed_manifest_refused" time="0.004" /><testcase classname="nextseek_api.cc_assistant.tests.test_v4_8_reserve" name="test_conservation_balanced_after_reconcile_and_release" time="0.013" /><testcase classname="nextseek_api.cc_assistant.tests.test_v4_8_reserve" name="test_expire_stale_reservations_frees_budget" time="0.010" /><testcase classname="nextseek_api.cc_assistant.tests.test_v4_8_resume" name="test_overlap_lock_refuses_second_run" time="0.005" /><testcase classname="nextseek_api.cc_assistant.tests.test_v4_8_resume" name="test_completed_attempt_never_repeated" time="0.010" /><testcase classname="nextseek_api.cc_assistant.tests.test_v4_8_resume" name="test_cache_key_binds_input_and_versions" time="0.002" /><testcase classname="nextseek_api.cc_assistant.tests.test_v4_8_resume" name="test_durable_state_tracks_pending_to_succeeded" time="0.004" /><testcase classname="nextseek_api.cc_assistant.tests.test_v4_8_resume" name="test_default_schedule_entrypoint_refuses" time="0.002" /><testcase classname="nextseek_api.eval.tests.test_v4_7_paired_run_registry" name="test_registry_immutable_content_hash" time="0.058" /><testcase classname="nextseek_api.eval.tests.test_v4_7_paired_run_registry" name="test_publish_refuses_unapproved_paired_run" time="0.052" /><testcase classname="nextseek_api.eval.tests.test_v4_7_paired_run_registry" name="test_self_registered_arbitrary_manifest_cannot_publish" time="0.054" /><testcase classname="nextseek_api.eval.tests.test_v4_7_paired_run_registry" name="test_arbitrary_manifest_cannot_use_direct_create" time="0.058" /><testcase classname="nextseek_api.eval.tests.test_v4_7_paired_run_registry" name="test_publish_refuses_registered_run_with_wrong_content_hash" time="0.054" /><testcase classname="nextseek_api.eval.tests.test_v4_7_paired_run_registry" name="test_publish_refuses_online_provenance" time="0.054" /><testcase classname="scripts.test_plan018_v4_9_task4_coverage" name="test_critical_modules_derive_from_task4_ownership" time="0.006" /><testcase classname="scripts.test_plan018_v4_9_task4_coverage" name="test_gate_rejects_one_module_below_branch_floor_without_rounding" time="0.005" /><testcase classname="scripts.test_plan018_v4_9_task4_coverage" name="test_gate_rejects_missing_module_and_nonbranch_collection" time="0.005" /><testcase classname="scripts.test_plan018_v4_9_task4_coverage" name="test_gate_accepts_exact_floor_and_integer_aggregate" time="0.005" /><testcase classname="nextseek_api.eval.tests.test_task4_coverage" name="test_label_helpers_cover_refusals_and_empty_descriptions" time="0.002" /><testcase classname="nextseek_api.eval.tests.test_task4_coverage" name="test_selector_refuses_corpus_failure_missing_family_and_nondecisive" time="0.031" /><testcase classname="nextseek_api.eval.tests.test_task4_coverage" name="test_monitoring_empty_and_no_optional_summary_paths" time="0.001" /><testcase classname="nextseek_api.eval.tests.test_task4_coverage" name="test_classifier_refuses_null_and_undeclared_labels[None-unrelated-None]" time="0.009" /><testcase classname="nextseek_api.eval.tests.test_task4_coverage" name="test_classifier_refuses_null_and_undeclared_labels[not_declared-bad label-None]" time="0.009" /><testcase classname="nextseek_api.eval.tests.test_task4_coverage" name="test_router_provider_and_selector_exceptions_fall_back" time="0.010" /><testcase classname="nextseek_api.eval.tests.test_task4_coverage" name="test_transport_hook_install_refuses_incomplete_generated_client" time="0.001" /><testcase classname="nextseek_api.eval.tests.test_task4_coverage" name="test_online_observation_rejects_forged_discriminators_and_missing_reason" time="0.001" /><testcase classname="nextseek_api.eval.tests.test_task4_coverage" name="test_paired_model_validator_rejects_online_kind_and_blank_run_id" time="0.001" /><testcase classname="nextseek_api.eval.tests.test_task4_coverage" name="test_manifest_hash_accepts_validated_model_instance" time="0.001" /><testcase classname="nextseek_api.eval.tests.test_task4_coverage" name="test_conservation_snapshot_refuses_bucket_and_call_mismatches" time="0.002" /><testcase classname="nextseek_api.cc_assistant.tests.test_baml_router_schema" name="test_module_docstring_does_not_claim_a_hash_pin" time="0.001" /><testcase classname="nextseek_api.cc_assistant.tests.test_baml_router_schema" name="test_router_baml_copies_byte_identical" time="0.001" /><testcase classname="nextseek_api.cc_assistant.tests.test_baml_router_schema" name="test_history_turn_class_declared" time="0.001" /><testcase classname="nextseek_api.cc_assistant.tests.test_baml_router_schema" name="test_router_input_gains_history" time="0.001" /><testcase classname="nextseek_api.cc_assistant.tests.test_baml_router_schema" name="test_prompt_region_matches_snapshot_exactly" time="0.001" /><testcase classname="nextseek_api.cc_assistant.tests.test_baml_router_schema" name="test_current_block_precedes_user_query_interpolation" time="0.001" /><testcase classname="nextseek_api.cc_assistant.tests.test_baml_router_schema" name="test_single_user_query_interpolation" time="0.001" /><testcase classname="nextseek_api.cc_assistant.tests.test_router_family" name="test_classification_contract_in_classifier_baml" time="0.001" /><testcase classname="nextseek_api.cc_assistant.tests.test_router_family" name="test_both_router_baml_copies_stay_byte_identical" time="0.001" /><testcase classname="nextseek_api.cc_assistant.tests.test_router_family" name="test_classifier_baml_copies_byte_identical" time="0.001" /><testcase classname="nextseek_api.cc_assistant.tests.test_router_family" name="test_effective_enum_equals_every_declared_corpus_family_in_both_directions" time="0.010" /><testcase classname="nextseek_api.cc_assistant.tests.test_router_family" name="test_no_module_in_this_seam_reads_the_routing_capabilities_file" time="0.001" /><testcase classname="nextseek_api.cc_assistant.tests.test_router_family" name="test_classifier_schema_has_no_destination_or_model_fields" time="0.001" /><testcase classname="nextseek_api.cc_assistant.tests.test_router_v46_mutations" name="test_mutation_route_field_on_classifier_baml_fails_schema_oracle" time="0.001" /><testcase classname="nextseek_api.cc_assistant.tests.test_router_v46_mutations" name="test_mutation_legacy_router_prompt_pin_still_holds" time="0.001" /><testcase classname="nextseek_api.cc_assistant.tests.test_router_v46_mutations" name="test_mutation_swallowed_classification_failure_still_has_no_family" time="0.002" /><testcase classname="nextseek_api.cc_assistant.tests.test_router_v46_mutations" name="test_mutation_sticky_without_attempted_fields_is_detectable" time="0.001" /><testcase classname="nextseek_api.cc_assistant.tests.test_router_v46_mutations" name="test_mutation_extra_route_on_flag_off_still_single_call" time="0.001" /><testcase classname="nextseek_api.cc_assistant.tests.test_router_v46_mutations" name="test_mutation_dual_router_baml_identity" time="0.001" /><testcase classname="nextseek_api.eval.tests.test_v4_7_fit_refuse" name="test_online_row_rejected_at_boundary" time="0.001" /><testcase classname="nextseek_api.eval.tests.test_v4_7_fit_refuse" name="test_forged_online_dict_rejected" time="0.001" /><testcase classname="nextseek_api.eval.tests.test_v4_7_fit_refuse" name="test_unapproved_paired_run_refused" time="0.001" /><testcase classname="nextseek_api.eval.tests.test_v4_7_fit_refuse" name="test_publish_provenance_rejects_online_route_source" time="0.001" /><testcase classname="nextseek_api.eval.tests.test_v4_7_fit_refuse" name="test_publish_provenance_requires_paired_run_id" time="0.001" /><testcase classname="nextseek_api.eval.tests.test_v4_7_fit_refuse" name="test_raw_dict_fit_input_refused" time="0.001" /><testcase classname="nextseek_api.eval.tests.test_v4_7_fit_refuse" name="test_conservation_zero_online_ids_in_hash" time="0.001" /><testcase classname="nextseek_api.eval.tests.test_v4_7_mutation_killers" name="test_mutation_online_kind_must_be_rejected" time="0.001" /><testcase classname="nextseek_api.eval.tests.test_v4_7_mutation_killers" name="test_mutation_publish_without_paired_run_id_fails" time="0.001" /><testcase classname="nextseek_api.eval.tests.test_v4_7_mutation_killers" name="test_mutation_mixed_batch_kind_fails" time="0.001" /><testcase classname="nextseek_api.eval.tests.test_v4_7_mutation_killers" name="test_monitoring_module_ast_has_no_publish_call" time="0.004" /><testcase classname="nextseek_api.eval.tests.test_v4_7_mutation_killers" name="test_online_row_cannot_use_forced_source" time="0.001" /><testcase classname="nextseek_api.eval.tests.test_v4_7_schemas" name="test_paired_batch_requires_paired_kind" time="0.001" /><testcase classname="nextseek_api.eval.tests.test_v4_7_schemas" name="test_paired_batch_rejects_wrong_schema_version" time="0.001" /><testcase classname="nextseek_api.eval.tests.test_v4_7_schemas" name="test_paired_batch_rejects_online_kind" time="0.001" /><testcase classname="nextseek_api.eval.tests.test_v4_7_schemas" name="test_online_row_requires_caveat" time="0.001" /><testcase classname="nextseek_api.eval.tests.test_v4_7_schemas" name="test_online_row_propensity_available_requires_flag_clear" time="0.001" /><testcase classname="nextseek_api.eval.tests.test_v4_7_schemas" name="test_online_row_rejects_propensity_with_unavailable_flag" time="0.001" /><testcase classname="nextseek_api.eval.tests.test_v4_7_schemas" name="test_online_row_rejects_forced_route_source" time="0.001" /><testcase classname="nextseek_api.eval.tests.test_v4_7_schemas" name="test_online_row_rejects_counterfactual_phrases[would be better]" time="0.001" /><testcase classname="nextseek_api.eval.tests.test_v4_7_schemas" name="test_online_row_rejects_counterfactual_phrases[counterfactual route]" time="0.001" /><testcase classname="nextseek_api.eval.tests.test_v4_7_schemas" name="test_online_row_rejects_counterfactual_phrases[other route is superior]" time="0.001" /><testcase classname="nextseek_api.eval.tests.test_v4_7_schemas" name="test_online_row_rejects_counterfactual_phrases[would have been better]" time="0.001" /><testcase classname="nextseek_api.eval.tests.test_v4_7_schemas" name="test_online_row_rejects_counterfactual_phrases[better than the alternative route]" time="0.001" /><testcase classname="nextseek_api.eval.tests.test_v4_7_schemas" name="test_paired_batch_extra_forbid" time="0.001" /><testcase classname="nextseek_api.eval.tests.test_v4_8_manifest" name="test_manifest_requires_all_fields" time="0.001" /><testcase classname="nextseek_api.eval.tests.test_v4_8_manifest" name="test_manifest_rejects_extra_field" time="0.001" /><testcase classname="nextseek_api.eval.tests.test_v4_8_manifest" name="test_manifest_rejects_retained_arm_count" time="0.001" /><testcase classname="nextseek_api.eval.tests.test_v4_8_manifest" name="test_judge_calls_per_eligible_arm_must_be_three" time="0.001" /><testcase classname="nextseek_api.eval.tests.test_v4_8_manifest" name="test_question_hash_length_must_match_ids" time="0.001" /><testcase classname="nextseek_api.eval.tests.test_v4_8_manifest" name="test_manifest_hash_is_stable_and_order_independent" time="0.001" /><testcase classname="nextseek_api.eval.tests.test_v4_8_manifest" name="test_changed_rate_table_changes_hash" time="0.001" /><testcase classname="nextseek_api.cc_assistant.tests.test_agent_history_conversion" name="test_to_baml_history_converts_all_kinds_and_reverses_aliases" time="0.001" /><testcase classname="nextseek_api.cc_assistant.tests.test_agent_history_conversion" name="test_to_baml_history_drops_malformed_never_raises" time="0.001" /><testcase classname="nextseek_api.cc_assistant.tests.test_agent_history_conversion" name="test_route_builds_router_input_with_converted_history" time="0.001" /><testcase classname="nextseek_api.cc_assistant.tests.test_agent_history_conversion" name="test_route_empty_history_default" time="0.001" /><testcase classname="nextseek_api.cc_assistant.tests.test_decide_route_pipeline_gate" name="test_active_pipeline_forces_ns" time="0.001" /><testcase classname="nextseek_api.cc_assistant.tests.test_decide_route_pipeline_gate" name="test_inactive_pipeline_falls_through" time="0.001" /><testcase classname="nextseek_api.cc_assistant.tests.test_decide_route_pipeline_gate" name="test_active_pipeline_does_not_hijack_a_cc_turn" time="0.001" /><testcase classname="nextseek_api.cc_assistant.tests.test_decide_route_pipeline_gate" name="test_force_cc_beats_active_pipeline" time="0.001" /><testcase classname="nextseek_api.cc_assistant.tests.test_decide_route_sticky_cc" name="test_completed_cc_turn_makes_the_next_ns_decision_sticky" time="0.001" /><testcase classname="nextseek_api.cc_assistant.tests.test_decide_route_sticky_cc" name="test_a_failed_cc_turn_does_not_trap_the_chat" time="0.001" /><testcase classname="nextseek_api.cc_assistant.tests.test_decide_route_sticky_cc" name="test_empty_history_leaves_the_router_alone" time="0.001" /><testcase classname="nextseek_api.cc_assistant.tests.test_decide_route_sticky_cc" name="test_none_history_leaves_the_router_alone" time="0.001" /><testcase classname="nextseek_api.cc_assistant.tests.test_decide_route_sticky_cc" name="test_prior_ns_turn_leaves_the_router_alone" time="0.001" /><testcase classname="nextseek_api.cc_assistant.tests.test_decide_route_sticky_cc" name="test_only_the_last_turn_matters" time="0.001" /><testcase classname="nextseek_api.cc_assistant.tests.test_decide_route_sticky_cc" name="test_a_cc_decision_is_returned_untouched" time="0.001" /><testcase classname="nextseek_api.cc_assistant.tests.test_decide_route_sticky_cc" name="test_unrelated_is_never_converted_to_cc" time="0.001" /><testcase classname="nextseek_api.cc_assistant.tests.test_decide_route_sticky_cc" name="test_force_route_cc_beats_sticky" time="0.001" /><testcase classname="nextseek_api.cc_assistant.tests.test_decide_route_sticky_cc" name="test_force_route_ns_beats_sticky" time="0.001" /><testcase classname="nextseek_api.cc_assistant.tests.test_decide_route_sticky_cc" name="test_active_pipeline_beats_sticky" time="0.001" /><testcase classname="nextseek_api.cc_assistant.tests.test_decide_route_sticky_cc" name="test_broken_history_falls_through_to_the_router" time="0.002" /><testcase classname="nextseek_api.cc_assistant.tests.test_decide_route_sticky_cc" name="test_an_unrelated_aside_does_not_end_stickiness" time="0.001" /><testcase classname="nextseek_api.cc_assistant.tests.test_decide_route_sticky_cc" name="test_the_scan_stops_at_a_failed_cc_turn_it_does_not_look_past_it" time="0.001" /><testcase classname="nextseek_api.cc_assistant.tests.test_decide_route_sticky_cc" name="test_a_failed_cc_turn_behind_an_unrelated_aside_is_still_not_sticky" time="0.001" /><testcase classname="nextseek_api.cc_assistant.tests.test_decide_route_sticky_cc" name="test_an_unrelated_turn_after_ns_is_still_not_sticky" time="0.001" /><testcase classname="nextseek_api.cc_assistant.tests.test_decide_route_sticky_cc" name="test_history_of_only_unrelated_turns_is_not_sticky" time="0.001" /><testcase classname="nextseek_api.cc_assistant.tests.test_route_override" name="test_force_route_defaults_none" time="0.001" /><testcase classname="nextseek_api.cc_assistant.tests.test_route_override" name="test_force_route_accepts_valid[auto]" time="0.001" /><testcase classname="nextseek_api.cc_assistant.tests.test_route_override" name="test_force_route_accepts_valid[ns]" time="0.001" /><testcase classname="nextseek_api.cc_assistant.tests.test_route_override" name="test_force_route_accepts_valid[cc]" time="0.001" /><testcase classname="nextseek_api.cc_assistant.tests.test_route_override" name="test_force_route_rejects_bogus" time="0.001" /><testcase classname="nextseek_api.cc_assistant.tests.test_route_override" name="test_admin_forces_ns" time="0.001" /><testcase classname="nextseek_api.cc_assistant.tests.test_route_override" name="test_admin_forces_cc" time="0.001" /><testcase classname="nextseek_api.cc_assistant.tests.test_route_override" name="test_nonadmin_force_route_is_ignored" time="0.001" /><testcase classname="nextseek_api.cc_assistant.tests.test_route_override" name="test_auto_or_none_uses_router[None]" time="0.001" /><testcase classname="nextseek_api.cc_assistant.tests.test_route_override" name="test_auto_or_none_uses_router[auto]" time="0.001" /><testcase classname="nextseek_api.cc_assistant.tests.test_route_override" name="test_cc_endpoint_still_forces_cc_for_anyone" time="0.001" /><testcase classname="nextseek_api.cc_assistant.tests.test_router_context" name="test_truncate_utf8_never_splits_codepoint" time="0.001" /><testcase classname="nextseek_api.cc_assistant.tests.test_router_context" name="test_truncate_noop_under_cap" time="0.001" /><testcase classname="nextseek_api.cc_assistant.tests.test_router_context" name="test_build_history_four_kinds" time="0.001" /><testcase classname="nextseek_api.cc_assistant.tests.test_router_context" name="test_build_history_legacy_derivation" time="0.001" /><testcase classname="nextseek_api.cc_assistant.tests.test_router_context" name="test_build_history_last_five_only" time="0.001" /><testcase classname="nextseek_api.cc_assistant.tests.test_router_context" name="test_build_history_skips_malformed_never_raises" time="0.001" /><testcase classname="nextseek_api.cc_assistant.tests.test_router_context" name="test_history_turn_rejects_empty_reply" time="0.001" /><testcase classname="nextseek_api.cc_assistant.tests.test_router_context" name="test_caps_applied_per_field" time="0.001" /><testcase classname="nextseek_api.cc_assistant.tests.test_router_context" name="test_build_history_preserves_log_order_with_odd_positions" time="0.001" /><testcase classname="nextseek_api.cc_assistant.tests.test_router_context" name="test_build_history_coerces_weird_uids_and_caps_them" time="0.001" /><testcase classname="nextseek_api.cc_assistant.tests.test_router_context" name="test_build_history_limit_zero_and_negative" time="0.001" /><testcase classname="nextseek_api.cc_assistant.tests.test_router_heuristic" name="test_ndma_query_routes_to_ns" time="0.003" /><testcase classname="nextseek_api.cc_assistant.tests.test_router_heuristic" name="test_sample_search_routes_to_ns" time="0.001" /><testcase classname="nextseek_api.cc_assistant.tests.test_router_heuristic" name="test_code_and_file_queries_route_to_cc" time="0.001" /><testcase classname="nextseek_api.cc_assistant.tests.test_router_heuristic" name="test_decide_falls_back_to_heuristic_when_baml_unavailable" time="0.001" /><testcase classname="nextseek_api.cc_assistant.tests.test_router_heuristic" name="test_cc_decision_has_route_and_reasoning_fields" time="0.001" /><testcase classname="nextseek_api.cc_assistant.tests.test_router_history_plumbing" name="test_decide_passes_history_through" time="0.001" /><testcase classname="nextseek_api.cc_assistant.tests.test_router_history_plumbing" name="test_decide_default_empty_history" time="0.001" /><testcase classname="nextseek_api.cc_assistant.tests.test_router_history_plumbing" name="test_heuristic_ignores_history" time="0.001" /><testcase classname="nextseek_api.cc_assistant.tests.test_router_history_plumbing" name="test_route_query_surfaces_real_reasoning" time="0.001" /><testcase classname="nextseek_api.cc_assistant.tests.test_router_history_plumbing" name="test_thread_through_call_site_ast" time="0.017" /><testcase classname="nextseek_api.cc_assistant.tests.test_router_history_plumbing" name="test_history_to_baml_maps_all_routes_and_empty" time="0.001" /><testcase classname="nextseek_api.cc_assistant.tests.test_router_history_plumbing" name="test_route_from_baml_sentinel_and_unrelated" time="0.001" /><testcase classname="nextseek_api.cc_assistant.tests.test_router_history_plumbing" name="test_resolve_model_id_none_and_failure" time="0.003" /><testcase classname="nextseek_api.cc_assistant.tests.test_router_history_plumbing" name="test_heuristic_mixed_signals_and_neither" time="0.003" /></testsuite></testsuites>