<?xml version="1.0" encoding="utf-8"?><testsuites name="pytest tests"><testsuite name="pytest" errors="0" failures="0" skipped="0" tests="35" time="0.793" timestamp="2026-08-17T23:05:45.842838+00:00" hostname="52b9ce5f83f2"><testcase classname="nextseek_api.eval.tests.test_functional_inputs_contract" name="test_aggregate_artifact_status_all_not_expected_returns_none" time="0.004" /><testcase classname="nextseek_api.eval.tests.test_functional_inputs_contract" name="test_aggregate_artifact_status_runtime_failed_dominates" time="0.001" /><testcase classname="nextseek_api.eval.tests.test_functional_inputs_contract" name="test_aggregate_artifact_status_empty_returns_none" time="0.001" /><testcase classname="nextseek_api.eval.tests.test_functional_inputs_contract" name="test_run_stage_b_errors_on_missing_manifest" time="0.008" /><testcase classname="nextseek_api.eval.tests.test_functional_inputs_contract" name="test_run_stage_b_errors_on_missing_runtime_csv" time="0.005" /><testcase classname="nextseek_api.eval.tests.test_functional_inputs_contract" name="test_run_stage_b_errors_on_missing_artifact_csv" time="0.002" /><testcase classname="nextseek_api.eval.tests.test_functional_inputs_contract" name="test_run_stage_b_emits_12_column_csv" time="0.007" /><testcase classname="nextseek_api.eval.tests.test_functional_inputs_contract" name="test_run_stage_b_resolves_record_path_via_parents_3" time="0.002" /><testcase classname="nextseek_api.eval.tests.test_functional_inputs_contract" name="test_run_stage_b_errors_on_missing_record_path" time="0.002" /><testcase classname="nextseek_api.eval.tests.test_functional_inputs_contract" name="test_run_stage_b_raises_value_error_on_unknown_task_family" time="0.002" /><testcase classname="nextseek_api.eval.tests.test_functional_inputs_contract" name="test_main_invokes_run_stage_b" time="0.002" /><testcase classname="nextseek_api.eval.tests.test_functional_inputs_contract" name="test_main_returns_run_stage_b_exit_code[0]" time="0.002" /><testcase classname="nextseek_api.eval.tests.test_functional_inputs_contract" name="test_main_returns_run_stage_b_exit_code[1]" time="0.002" /><testcase classname="nextseek_api.eval.tests.test_functional_inputs_contract" name="test_main_returns_run_stage_b_exit_code[2]" time="0.002" /><testcase classname="nextseek_api.eval.tests.test_task2_coverage_edges" name="test_exporter_derived_fields_and_all_consistency_failures" time="0.016" /><testcase classname="nextseek_api.eval.tests.test_task2_coverage_edges" name="test_functional_input_csv_edges_and_manifest_without_record" time="0.002" /><testcase classname="nextseek_api.eval.tests.test_task2_coverage_edges" name="test_router_validators_dispositions_outcomes_and_aggregation" time="0.016" /><testcase classname="nextseek_api.eval.tests.test_task2_coverage_edges" name="test_completed_arms_covers_half_written_pair" time="0.004" /><testcase classname="nextseek_api.eval.tests.test_task2_coverage_edges" name="test_observational_export_rejects_bad_sources_and_honors_watermark" time="0.010" /><testcase classname="nextseek_api.eval.tests.test_artifact_validity_proposal" name="test_detect_type_plain_formats[{&quot;x&quot;: 1}-json]" time="0.006" /><testcase classname="nextseek_api.eval.tests.test_artifact_validity_proposal" name="test_detect_type_plain_formats[  [1]-json]" time="0.001" /><testcase classname="nextseek_api.eval.tests.test_artifact_validity_proposal" name="test_detect_type_plain_formats[&lt;?xml version='1.0'?&gt;-xml]" time="0.002" /><testcase classname="nextseek_api.eval.tests.test_artifact_validity_proposal" name="test_detect_type_plain_formats[&lt;svg&gt;&lt;/svg&gt;-xml]" time="0.001" /><testcase classname="nextseek_api.eval.tests.test_artifact_validity_proposal" name="test_detect_type_plain_formats[a\tb\n1\t2\n-tsv]" time="0.002" /><testcase classname="nextseek_api.eval.tests.test_artifact_validity_proposal" name="test_detect_type_plain_formats[a,b\n1,2\n-csv]" time="0.002" /><testcase classname="nextseek_api.eval.tests.test_artifact_validity_proposal" name="test_detect_type_plain_formats[plain\n-text]" time="0.002" /><testcase classname="nextseek_api.eval.tests.test_artifact_validity_proposal" name="test_detect_type_plain_formats[\xff\xfe-binary]" time="0.002" /><testcase classname="nextseek_api.eval.tests.test_artifact_validity_proposal" name="test_detect_type_zip_families_and_failures" time="0.004" /><testcase classname="nextseek_api.eval.tests.test_artifact_validity_proposal" name="test_collect_markers_walks_nested_dicts_and_lists" time="0.002" /><testcase classname="nextseek_api.eval.tests.test_artifact_validity_proposal" name="test_validate_file_missing_empty_json_and_unreadable" time="0.007" /><testcase classname="nextseek_api.eval.tests.test_artifact_validity_proposal" name="test_validate_file_spreadsheets_delimited_and_documents" time="0.002" /><testcase classname="nextseek_api.eval.tests.test_artifact_validity_proposal" name="test_validate_declared_tables_cover_empty_complete_and_missing" time="0.003" /><testcase classname="nextseek_api.eval.tests.test_artifact_validity_proposal" name="test_collect_disk_files_handles_duplicate_unique_and_corrupt_bundles" time="0.006" /><testcase classname="nextseek_api.eval.tests.test_artifact_validity_proposal" name="test_validate_arm_declared_disk_missing_runtime_and_not_expected" time="0.005" /><testcase classname="nextseek_api.eval.tests.test_artifact_validity_proposal" name="test_main_covers_excluded_warning_and_complete_message" time="0.013" /></testsuite></testsuites>