<?xml version="1.0" encoding="utf-8"?><testsuites name="pytest tests"><testsuite name="pytest" errors="0" failures="0" skipped="0" tests="50" time="8.039" timestamp="2026-08-13T04:15:41.987061+00:00" hostname="ba6c854e1ec1"><testcase classname="nessie_tests.tests.test_sources" name="test_a_corrupt_archive_is_CopyFailed_not_a_tarfile_crash" time="0.045" /><testcase classname="nessie_tests.tests.test_sources" name="test_a_transport_timeout_is_CopyFailed_not_a_TimeoutExpired" time="0.005" /><testcase classname="nessie_tests.tests.test_sources" name="test_the_script_delimits_the_archive_it_emits" time="0.007" /><testcase classname="nessie_tests.tests.test_sources" name="test_a_line_printed_AFTER_the_begin_marker_is_CopyFailed_not_a_corrupt_tar" time="0.007" /><testcase classname="nessie_tests.tests.test_sources" name="test_an_undelimited_archive_is_CopyFailed_rather_than_guessed_at" time="0.005" /><testcase classname="nessie_tests.tests.test_sources" name="test_one_bad_arm_does_not_abort_the_whole_collection" time="0.050" /><testcase classname="nessie_tests.tests.test_sources" name="test_an_unreachable_container_raises_rather_than_returning_no_rows" time="0.005" /><testcase classname="nessie_tests.tests.test_sources" name="test_a_non_json_payload_after_the_marker_raises" time="0.003" /><testcase classname="nessie_tests.tests.test_sources" name="test_noise_before_the_marker_is_ignored" time="0.004" /><testcase classname="nessie_tests.tests.test_sources" name="test_ping_proves_the_database_answered_not_merely_that_django_imported" time="0.006" /><testcase classname="nessie_tests.tests.test_sources" name="test_ping_raises_when_the_chain_is_broken" time="0.002" /><testcase classname="nessie_tests.tests.test_sources" name="test_it_satisfies_the_protocol_collect_documents" time="0.007" /><testcase classname="nessie_tests.tests.test_sources" name="test_collect_runs_end_to_end_against_it_with_only_the_runner_faked" time="0.011" /><testcase classname="nessie_tests.tests.test_strict_manifest_schema" name="test_bayes_manifest_rejects_unknown_top_level_key" time="0.003" /><testcase classname="nessie_tests.tests.test_strict_manifest_schema" name="test_bayes_pair_rejects_unknown_key" time="0.002" /><testcase classname="nessie_tests.tests.test_strict_manifest_schema" name="test_producer_written_manifest_validates_strict" time="0.005" /><testcase classname="nessie_tests.tests.test_unified_corpus" name="test_corpus_json_exists_and_parses" time="0.028" /><testcase classname="nessie_tests.tests.test_unified_corpus" name="test_unified_holds_every_definition" time="0.009" /><testcase classname="nessie_tests.tests.test_unified_corpus" name="test_every_retired_definition_is_still_loadable" time="3.264" /><testcase classname="nessie_tests.tests.test_unified_corpus" name="test_every_id_is_defined_exactly_once" time="0.011" /><testcase classname="nessie_tests.tests.test_unified_corpus" name="test_retired_ids_carry_their_full_retirement_record" time="0.012" /><testcase classname="nessie_tests.tests.test_unified_corpus" name="test_load_unified_returns_the_active_variants_only" time="0.130" /><testcase classname="nessie_tests.tests.test_unified_corpus" name="test_load_all_definitions_returns_active_plus_retired" time="0.016" /><testcase classname="nessie_tests.tests.test_unified_corpus" name="test_unified_resolution_preserves_turn_count" time="0.029" /><testcase classname="nessie_tests.tests.test_unified_corpus" name="test_the_hand_written_annotations_survived_adoption" time="0.010" /><testcase classname="nessie_tests.tests.test_unified_corpus" name="test_fingerprint_is_over_the_unified_corpus_only" time="0.025" /><testcase classname="nessie_tests.tests.test_unified_corpus" name="test_variant_meta_covers_every_definition" time="0.024" /><testcase classname="nessie_tests.tests.test_unified_corpus" name="test_every_declared_family_has_defaults" time="0.019" /><testcase classname="nessie_tests.tests.test_unified_corpus" name="test_defaults_cover_the_retired_only_families_too" time="0.026" /><testcase classname="nessie_tests.tests.test_unified_corpus" name="test_hibayes_meta_falls_back_to_the_family_default" time="0.009" /><testcase classname="nessie_tests.tests.test_unified_corpus" name="test_reporting_overrides_prove_the_override_mechanism_works" time="0.010" /><testcase classname="nessie_tests.tests.test_unified_corpus" name="test_every_reporting_deposit_variant_overrides_its_family_default" time="0.143" /><testcase classname="nessie_tests.tests.test_unified_corpus" name="test_no_override_uses_an_invalid_enum_value" time="0.010" /><testcase classname="nessie_tests.tests.test_unified_corpus" name="test_a_none_override_means_inherit_rather_than_null" time="0.016" /><testcase classname="nessie_tests.tests.test_unified_corpus" name="test_hibayes_meta_resolves_against_the_declared_family_not_the_block" time="0.014" /><testcase classname="nessie_tests.tests.test_unified_corpus" name="test_hibayes_meta_raises_on_an_unknown_id" time="0.006" /><testcase classname="nessie_tests.tests.test_unified_corpus" name="test_bayesian_selection_is_nonempty_active_and_family_balanced" time="0.028" /><testcase classname="nessie_tests.tests.test_unified_corpus" name="test_no_route_gate_variant_is_selected_for_the_paid_paired_run" time="0.021" /><testcase classname="nessie_tests.tests.test_unified_corpus" name="test_bayesian_selection_is_in_corpus_order_and_has_no_duplicates" time="0.021" /><testcase classname="nessie_tests.tests.test_unified_corpus" name="test_bayesian_ids_drops_a_flagged_variant_that_was_later_retired" time="0.004" /><testcase classname="nessie_tests.tests.test_unified_corpus" name="test_every_deselected_refine_and_recall_member_records_why" time="0.018" /><testcase classname="nessie_tests.tests.test_unified_corpus" name="test_no_selected_variant_ends_on_a_bare_submit_turn" time="0.021" /><testcase classname="nessie_tests.tests.test_unified_corpus" name="test_every_hand_override_still_overrides" time="0.057" /><testcase classname="nessie_tests.tests.test_unified_corpus" name="test_the_clarify_behaviour_is_actually_used" time="0.025" /><testcase classname="nessie_tests.tests.test_unified_corpus" name="test_the_reporting_sweep_reads_every_turn_not_just_the_first" time="0.013" /><testcase classname="nessie_tests.tests.test_unified_corpus" name="test_variant_level_metadata_is_typed_not_just_the_defaults" time="0.016" /><testcase classname="nessie_tests.tests.test_unified_corpus" name="test_resolved_artifact_expectation_and_kind_agree" time="3.138" /><testcase classname="nessie_tests.tests.test_unified_corpus" name="test_the_hibayes_key_set_has_exactly_one_definition" time="0.012" /><testcase classname="nessie_tests.tests.test_unified_corpus" name="test_the_atlas_set_is_additive_and_inert" time="0.195" /><testcase classname="nessie_tests.tests.test_v4_2_set3_replay" name="test_v13a_set3_manifest_hash_and_strict_parse" time="0.044" /></testsuite></testsuites>