<?xml version="1.0" encoding="utf-8"?><testsuites name="pytest tests"><testsuite name="pytest" errors="0" failures="0" skipped="0" tests="50" time="1.303" timestamp="2026-08-13T04:15:33.369657+00:00" hostname="ed3e0911de77"><testcase classname="nessie_tests.tests.test_runner" name="test_a_route_tier_run_does_not_claim_it_spent_nothing" time="0.397" /><testcase classname="nessie_tests.tests.test_runner" name="test_a_full_tier_run_still_reports_the_cost_it_observed" time="0.024" /><testcase classname="nessie_tests.tests.test_runner" name="test_an_unrelated_gate_is_unmeasured_rather_than_free" time="0.152" /><testcase classname="nessie_tests.tests.test_sources" name="test_an_empty_host_goes_to_the_local_docker_daemon_not_to_ssh" time="0.046" /><testcase classname="nessie_tests.tests.test_sources" name="test_a_host_ssh_es_first_and_a_user_sudo_s_there" time="0.005" /><testcase classname="nessie_tests.tests.test_sources" name="test_a_host_without_a_user_skips_sudo" time="0.003" /><testcase classname="nessie_tests.tests.test_sources" name="test_the_script_is_base64_so_ssh_and_sudo_quoting_cannot_mangle_it" time="0.004" /><testcase classname="nessie_tests.tests.test_sources" name="test_the_container_name_is_configurable_and_reaches_the_command" time="0.003" /><testcase classname="nessie_tests.tests.test_sources" name="test_nothing_is_written_inside_the_container" time="0.006" /><testcase classname="nessie_tests.tests.test_sources" name="test_the_timeout_reaches_the_runner" time="0.003" /><testcase classname="nessie_tests.tests.test_sources" name="test_task_rows_returns_the_contract_shape" time="0.005" /><testcase classname="nessie_tests.tests.test_sources" name="test_an_id_with_no_row_is_absent_rather_than_invented" time="0.003" /><testcase classname="nessie_tests.tests.test_sources" name="test_the_whole_batch_is_one_round_trip" time="0.005" /><testcase classname="nessie_tests.tests.test_sources" name="test_no_ids_asks_the_container_nothing" time="0.005" /><testcase classname="nessie_tests.tests.test_sources" name="test_an_id_the_database_did_not_answer_for_gets_no_row_invented" time="0.005" /><testcase classname="nessie_tests.tests.test_sources" name="test_the_projection_is_driven_by_the_rows_not_by_the_ids_asked_for" time="0.005" /><testcase classname="nessie_tests.tests.test_sources" name="test_the_row_carries_exactly_the_three_fields_QueryTask_stores" time="0.005" /><testcase classname="nessie_tests.tests.test_sources" name="test_the_answer_comes_back_under_the_id_the_caller_asked_with" time="0.003" /><testcase classname="nessie_tests.tests.test_sources" name="test_a_malformed_id_does_not_cost_the_others_their_rows" time="0.008" /><testcase classname="nessie_tests.tests.test_sources" name="test_the_projection_the_container_runs_is_the_one_under_test_here" time="0.005" /><testcase classname="nessie_tests.tests.test_sources" name="test_the_request_travels_base64_inside_the_script" time="0.003" /><testcase classname="nessie_tests.tests.test_sources" name="test_cc_transcript_decodes_the_base64_back_to_raw_bytes" time="0.005" /><testcase classname="nessie_tests.tests.test_sources" name="test_no_transcript_is_none_not_empty_bytes" time="0.005" /><testcase classname="nessie_tests.tests.test_sources" name="test_a_blank_session_id_asks_the_container_nothing" time="0.005" /><testcase classname="nessie_tests.tests.test_sources" name="test_the_transcript_is_looked_up_by_the_chat_session_not_the_cc_session" time="0.004" /><testcase classname="nessie_tests.tests.test_sources" name="test_transcript_rows_are_ordered_by_created_at_not_by_turn_id" time="0.004" /><testcase classname="nessie_tests.tests.test_sources" name="test_cumulative_snapshots_are_not_duplicated" time="0.004" /><testcase classname="nessie_tests.tests.test_sources" name="test_disjoint_segments_are_kept_because_dropping_one_loses_a_turn" time="0.004" /><testcase classname="nessie_tests.tests.test_sources" name="test_a_segment_that_does_not_end_in_a_newline_still_joins_as_jsonl" time="0.004" /><testcase classname="nessie_tests.tests.test_sources" name="test_one_row_is_returned_untouched" time="0.003" /><testcase classname="nessie_tests.tests.test_sources" name="test_no_rows_is_empty" time="0.003" /><testcase classname="nessie_tests.tests.test_sources" name="test_the_merge_the_container_runs_is_the_one_under_test_here" time="0.004" /><testcase classname="nessie_tests.tests.test_sources" name="test_the_container_script_is_valid_python" time="0.005" /><testcase classname="nessie_tests.tests.test_sources" name="test_the_embedded_functions_run_with_nothing_but_the_scripts_own_imports" time="0.010" /><testcase classname="nessie_tests.tests.test_sources" name="test_the_embedded_functions_agree_with_the_ones_tested_on_this_side" time="0.009" /><testcase classname="nessie_tests.tests.test_sources" name="test_the_transcript_is_recompressed_to_one_frame" time="0.003" /><testcase classname="nessie_tests.tests.test_sources" name="test_a_copied_tree_lands_under_the_name_the_caller_chose" time="0.017" /><testcase classname="nessie_tests.tests.test_sources" name="test_an_absent_source_is_false_not_an_exception" time="0.006" /><testcase classname="nessie_tests.tests.test_sources" name="test_a_broken_copy_raises_CopyFailed_because_it_is_the_collectors_problem" time="0.002" /><testcase classname="nessie_tests.tests.test_sources" name="test_an_unreachable_container_never_reports_a_source_as_merely_absent" time="0.002" /><testcase classname="nessie_tests.tests.test_sources" name="test_no_status_marker_at_all_is_a_failure_not_an_absence" time="0.002" /><testcase classname="nessie_tests.tests.test_sources" name="test_a_success_with_no_archive_is_a_failure" time="0.002" /><testcase classname="nessie_tests.tests.test_sources" name="test_the_outcome_is_not_read_off_an_exit_code_that_conflates_the_cases" time="0.006" /><testcase classname="nessie_tests.tests.test_sources" name="test_the_archive_is_streamed_so_a_remote_host_works_like_the_local_one" time="0.007" /><testcase classname="nessie_tests.tests.test_sources" name="test_a_source_path_with_shell_metacharacters_cannot_escape_the_command" time="0.004" /><testcase classname="nessie_tests.tests.test_sources" name="test_recollecting_replaces_the_previous_tree_rather_than_merging_into_it" time="0.007" /><testcase classname="nessie_tests.tests.test_sources" name="test_an_archive_with_more_than_one_root_is_refused" time="0.004" /><testcase classname="nessie_tests.tests.test_sources" name="test_the_staging_dir_is_cleaned_up_even_when_the_move_never_happens" time="0.007" /><testcase classname="nessie_tests.tests.test_sources" name="test_an_absolute_symlink_in_a_scratch_tree_is_CopyFailed_not_a_crash" time="0.005" /><testcase classname="nessie_tests.tests.test_sources" name="test_a_banner_before_the_archive_is_CopyFailed_not_a_tarfile_crash" time="0.008" /></testsuite></testsuites>