<?xml version="1.0" encoding="utf-8"?><testsuites name="pytest tests"><testsuite name="pytest" errors="0" failures="0" skipped="0" tests="50" time="1.729" timestamp="2026-08-17T22:28:06.071676+00:00" hostname="07fd334c964e"><testcase classname="nessie_tests.tests.test_collect" name="test_an_arm_with_no_raw_files_borrows_the_runs_one_prefix" time="0.065" /><testcase classname="nessie_tests.tests.test_collect" name="test_two_prefixes_in_one_run_are_never_guessed_between" time="0.009" /><testcase classname="nessie_tests.tests.test_collect" name="test_no_prefix_anywhere_records_the_gap_narrowly_and_accurately" time="0.013" /><testcase classname="nessie_tests.tests.test_collect" name="test_the_transcript_blob_reaches_session_jsonl_without_zstandard" time="0.006" /><testcase classname="nessie_tests.tests.test_collect" name="test_an_undecodable_transcript_is_recorded_not_raised" time="0.007" /><testcase classname="nessie_tests.tests.test_collect" name="test_the_chat_session_id_is_what_the_transcript_is_looked_up_by" time="0.004" /><testcase classname="nessie_tests.tests.test_collect" name="test_an_outage_arms_misses_are_tagged_so_they_do_not_read_as_a_collection_gap" time="0.005" /><testcase classname="nessie_tests.tests.test_collect" name="test_a_normal_arms_misses_are_not_tagged_as_outage" time="0.004" /><testcase classname="nessie_tests.tests.test_collect" name="test_run_case_records_every_turns_task_id" time="0.466" /><testcase classname="nessie_tests.tests.test_collect" name="test_the_collector_writes_where_artifacts_dir_points" time="0.009" /><testcase classname="nessie_tests.tests.test_collect" name="test_the_collector_is_a_real_command_now" time="0.031" /><testcase classname="nessie_tests.tests.test_collect" name="test_the_command_refuses_a_run_directory_with_no_paired_manifest" time="0.009" /><testcase classname="nessie_tests.tests.test_collect" name="test_the_command_refuses_a_manifest_with_no_pairs" time="0.007" /><testcase classname="nessie_tests.tests.test_collect" name="test_the_command_refuses_when_the_container_cannot_answer" time="0.013" /><testcase classname="nessie_tests.tests.test_collect" name="test_a_run_that_joined_nothing_at_all_says_so" time="0.008" /><testcase classname="nessie_tests.tests.test_collect" name="test_a_host_without_zstandard_is_warned_before_it_pays_for_the_collection" time="0.009" /><testcase classname="nessie_tests.tests.test_collect" name="test_a_transcript_fetch_that_raises_does_not_abandon_the_collection" time="0.021" /><testcase classname="nessie_tests.tests.test_collect" name="test_a_fetch_failure_is_its_own_kind_not_folded_into_unreadable" time="0.007" /><testcase classname="nessie_tests.tests.test_collect" name="test_a_fetch_that_raised_does_not_also_report_an_absence_it_never_established" time="0.007" /><testcase classname="nessie_tests.tests.test_collect" name="test_a_genuinely_missing_transcript_is_still_absent_not_fetch_failed" time="0.004" /><testcase classname="nessie_tests.tests.test_collect" name="test_fetch_failed_is_called_out_at_the_end_like_the_other_collector_faults" time="0.006" /><testcase classname="nessie_tests.tests.test_collect" name="test_the_contract_does_not_tell_the_next_implementer_to_concatenate" time="0.010" /><testcase classname="nessie_tests.tests.test_collect" name="test_the_contract_says_copy_tree_may_raise_nothing_but_CopyFailed" time="0.003" /><testcase classname="nessie_tests.tests.test_collect" name="test_the_command_names_a_broken_copier_separately_from_an_absent_source" time="0.006" /><testcase classname="nessie_tests.tests.test_collect" name="test_unreadable_is_diagnosed_at_the_END_where_the_operator_is_looking" time="0.008" /><testcase classname="nessie_tests.tests.test_collect" name="test_a_run_that_HAS_zstandard_is_not_told_to_go_and_install_it" time="0.006" /><testcase classname="nessie_tests.tests.test_collect" name="test_a_clean_run_carries_no_alarm_lines" time="0.003" /><testcase classname="nessie_tests.tests.test_corpus" name="test_base_loads_and_is_tagged" time="0.027" /><testcase classname="nessie_tests.tests.test_corpus" name="test_every_definition_carries_its_origin_as_a_tag" time="0.026" /><testcase classname="nessie_tests.tests.test_corpus" name="test_merged_is_exactly_the_active_definitions" time="0.046" /><testcase classname="nessie_tests.tests.test_corpus" name="test_the_strengthened_refine_and_recall_cases_assert_outcomes_not_labels" time="0.018" /><testcase classname="nessie_tests.tests.test_corpus" name="test_select_scope_specific_keeps_route_gate" time="0.020" /><testcase classname="nessie_tests.tests.test_corpus" name="test_select_by_family_and_variant" time="0.022" /><testcase classname="nessie_tests.tests.test_corpus" name="test_the_floor_is_added_to_a_bare_variant" time="0.007" /><testcase classname="nessie_tests.tests.test_corpus" name="test_the_floor_lands_on_the_last_turn_only" time="0.008" /><testcase classname="nessie_tests.tests.test_corpus" name="test_an_existing_bound_on_the_same_field_is_not_duplicated_or_contradicted" time="0.007" /><testcase classname="nessie_tests.tests.test_corpus" name="test_no_floor_opts_a_variant_out_entirely" time="0.003" /><testcase classname="nessie_tests.tests.test_corpus" name="test_an_unlisted_family_gets_nothing" time="0.004" /><testcase classname="nessie_tests.tests.test_corpus" name="test_refine_and_recall_never_gets_a_row_count_floor" time="0.027" /><testcase classname="nessie_tests.tests.test_corpus" name="test_the_zero_is_correct_cases_are_all_opted_out" time="0.015" /><testcase classname="nessie_tests.tests.test_corpus" name="test_the_floor_actually_moves_the_needle" time="0.020" /><testcase classname="nessie_tests.tests.test_corpus" name="test_every_floored_family_exists_in_the_corpus" time="0.024" /><testcase classname="nessie_tests.tests.test_corpus" name="test_every_resolved_variant_carries_a_route_criterion" time="0.024" /><testcase classname="nessie_tests.tests.test_corpus" name="test_only_three_variants_are_route_gate" time="0.019" /><testcase classname="nessie_tests.tests.test_corpus" name="test_the_route_policy_injects_the_number_the_docs_quote" time="0.034" /><testcase classname="nessie_tests.tests.test_corpus" name="test_the_family_floor_injects_the_numbers_the_docs_quote" time="0.037" /><testcase classname="nessie_tests.tests.test_corpus" name="test_no_resolved_variant_is_tagged_known_fail" time="0.015" /><testcase classname="nessie_tests.tests.test_corpus" name="test_samplesheet_csv_is_asserted_the_number_of_times_the_docs_quote" time="0.020" /><testcase classname="nessie_tests.tests.test_evaluate" name="test_build_debug_preserves_primary_api_result_meta" time="0.003" /><testcase classname="nessie_tests.tests.test_evaluate" name="test_route_and_mode_criteria_pass_via_injection" time="0.005" /></testsuite></testsuites>