<?xml version="1.0" encoding="utf-8"?><testsuites name="pytest tests"><testsuite name="pytest" errors="0" failures="0" skipped="0" tests="50" time="0.504" timestamp="2026-08-17T23:05:29.638099+00:00" hostname="9acabead0f28"><testcase classname="nextseek_api.eval.tests.test_judge_mutations" name="test_three_vote_outcome_permutations_match_oracle" time="0.004" /><testcase classname="nextseek_api.eval.tests.test_judge_mutations" name="test_three_vote_primary_issue_majority" time="0.002" /><testcase classname="nextseek_api.eval.tests.test_stage_c_runner" name="test_stage_c_exactly_three_calls" time="0.038" /><testcase classname="nextseek_api.eval.tests.test_stage_c_runner" name="test_stage_c_replay_from_store" time="0.010" /><testcase classname="nextseek_api.eval.tests.test_stage_c_runner" name="test_stage_c_rejects_non_three_max_calls" time="0.002" /><testcase classname="nextseek_api.eval.tests.test_stage_c_runner" name="test_unknown_outcome_fail_closed_on_aggregate" time="0.001" /><testcase classname="nextseek_api.eval.tests.test_stage_c_runner" name="test_stage_c_partial_on_evaluator_failure" time="0.003" /><testcase classname="nextseek_api.eval.tests.test_stage_c_runner" name="test_stage_c_failed_when_all_calls_fail" time="0.003" /><testcase classname="nextseek_api.eval.tests.test_stage_c_runner" name="test_stage_c_replay_partial_when_incomplete" time="0.005" /><testcase classname="nextseek_api.eval.tests.test_stage_c_runner" name="test_stage_c_replay_refuses_unknown_arm_without_reachable_attempt_bytes" time="0.002" /><testcase classname="nextseek_api.eval.tests.test_v14_pair_input" name="test_contrast_basis_orthonormal" time="0.001" /><testcase classname="nextseek_api.eval.tests.test_v14_pair_input" name="test_config_fingerprint_stable" time="0.001" /><testcase classname="nextseek_api.eval.tests.test_v14_pair_input" name="test_joint_state_mapping" time="0.006" /><testcase classname="nextseek_api.eval.tests.test_v14_pair_input" name="test_build_pair_rows_preserves_query_id" time="0.005" /><testcase classname="nextseek_api.eval.tests.test_v14_pair_input" name="test_excluded_pairs_never_enter_fit_rows" time="0.001" /><testcase classname="nextseek_api.eval.tests.test_v14_pair_input" name="test_route_family_aggregate_rejected" time="0.008" /><testcase classname="nextseek_api.eval.tests.test_v4_7_fit_refuse" name="test_online_row_rejected_at_boundary" time="0.011" /><testcase classname="nextseek_api.eval.tests.test_v4_7_fit_refuse" name="test_forged_online_dict_rejected" time="0.001" /><testcase classname="nextseek_api.eval.tests.test_v4_7_fit_refuse" name="test_unapproved_paired_run_refused" time="0.026" /><testcase classname="nextseek_api.eval.tests.test_v4_7_fit_refuse" name="test_publish_provenance_rejects_online_route_source" time="0.003" /><testcase classname="nextseek_api.eval.tests.test_v4_7_fit_refuse" name="test_publish_provenance_requires_paired_run_id" time="0.001" /><testcase classname="nextseek_api.eval.tests.test_v4_7_fit_refuse" name="test_raw_dict_fit_input_refused" time="0.002" /><testcase classname="nextseek_api.eval.tests.test_v4_7_fit_refuse" name="test_conservation_zero_online_ids_in_hash" time="0.003" /><testcase classname="nextseek_api.eval.tests.test_v4_7_mutation_killers" name="test_mutation_online_kind_must_be_rejected" time="0.001" /><testcase classname="nextseek_api.eval.tests.test_v4_7_mutation_killers" name="test_mutation_publish_without_paired_run_id_fails" time="0.001" /><testcase classname="nextseek_api.eval.tests.test_v4_7_mutation_killers" name="test_mutation_mixed_batch_kind_fails" time="0.001" /><testcase classname="nextseek_api.eval.tests.test_v4_7_mutation_killers" name="test_monitoring_module_ast_has_no_publish_call" time="0.004" /><testcase classname="nextseek_api.eval.tests.test_v4_7_mutation_killers" name="test_online_row_cannot_use_forced_source" time="0.001" /><testcase classname="nextseek_api.eval.tests.test_v4_7_schemas" name="test_paired_batch_requires_paired_kind" time="0.001" /><testcase classname="nextseek_api.eval.tests.test_v4_7_schemas" name="test_paired_batch_rejects_wrong_schema_version" time="0.001" /><testcase classname="nextseek_api.eval.tests.test_v4_7_schemas" name="test_paired_batch_rejects_online_kind" time="0.001" /><testcase classname="nextseek_api.eval.tests.test_v4_7_schemas" name="test_online_row_requires_caveat" time="0.001" /><testcase classname="nextseek_api.eval.tests.test_v4_7_schemas" name="test_online_row_propensity_available_requires_flag_clear" time="0.001" /><testcase classname="nextseek_api.eval.tests.test_v4_7_schemas" name="test_online_row_rejects_propensity_with_unavailable_flag" time="0.001" /><testcase classname="nextseek_api.eval.tests.test_v4_7_schemas" name="test_online_row_rejects_forced_route_source" time="0.001" /><testcase classname="nextseek_api.eval.tests.test_v4_7_schemas" name="test_online_row_rejects_counterfactual_phrases[would be better]" time="0.001" /><testcase classname="nextseek_api.eval.tests.test_v4_7_schemas" name="test_online_row_rejects_counterfactual_phrases[counterfactual route]" time="0.001" /><testcase classname="nextseek_api.eval.tests.test_v4_7_schemas" name="test_online_row_rejects_counterfactual_phrases[other route is superior]" time="0.001" /><testcase classname="nextseek_api.eval.tests.test_v4_7_schemas" name="test_online_row_rejects_counterfactual_phrases[would have been better]" time="0.001" /><testcase classname="nextseek_api.eval.tests.test_v4_7_schemas" name="test_online_row_rejects_counterfactual_phrases[better than the alternative route]" time="0.001" /><testcase classname="nextseek_api.eval.tests.test_v4_7_schemas" name="test_paired_batch_extra_forbid" time="0.001" /><testcase classname="nextseek_api.eval.tests.test_v4_9_task2_behavior" name="test_attempt_store_rejects_unknown_id_and_tampered_retrievable_payload" time="0.002" /><testcase classname="nextseek_api.eval.tests.test_v4_9_task2_behavior" name="test_attempt_store_verifies_defensively_when_a_payload_reader_is_inconsistent" time="0.002" /><testcase classname="nextseek_api.eval.tests.test_v4_9_task2_behavior" name="test_disposition_distinguishes_infrastructure_and_desired_outcomes" time="0.011" /><testcase classname="nextseek_api.eval.tests.test_v4_9_task2_behavior" name="test_human_annotation_default_and_tamper_paths_are_fail_closed" time="0.010" /><testcase classname="nextseek_api.eval.tests.test_v4_9_task2_behavior" name="test_human_annotation_rejects_corrupt_vocabulary_membership_and_corpus_identity" time="0.001" /><testcase classname="nextseek_api.eval.tests.test_v4_9_task2_behavior" name="test_export_handles_empty_variant_and_refuses_an_empty_paired_manifest" time="0.010" /><testcase classname="nextseek_api.cc_assistant.tests.test_eval_vendoring" name="test_eval_package_is_importable" time="0.001" /><testcase classname="nextseek_api.cc_assistant.tests.test_eval_vendoring" name="test_the_dangling_exporter_reference_is_now_satisfied" time="0.026" /><testcase classname="nextseek_api.cc_assistant.tests.test_eval_vendoring" name="test_no_module_imports_from_a_dmac_assistant_eval_checkout" time="0.005" /></testsuite></testsuites>