<?xml version="1.0" encoding="utf-8"?><testsuites name="pytest tests"><testsuite name="pytest" errors="0" failures="0" skipped="1" tests="50" time="0.809" timestamp="2026-08-13T04:14:56.720392+00:00" hostname="6fc975a2d5a7"><testcase classname="nessie_tests.tests.test_export" name="test_runtime_success_is_the_conjunction_upstream_validates[no_assertions--expected2]" time="0.050" /><testcase classname="nessie_tests.tests.test_export" name="test_runtime_success_is_the_conjunction_upstream_validates[error--expected3]" time="0.001" /><testcase classname="nessie_tests.tests.test_export" name="test_runtime_success_is_the_conjunction_upstream_validates[passed-TimeOut waiting for query_complete-expected4]" time="0.001" /><testcase classname="nessie_tests.tests.test_export" name="test_tool_calls_total_is_never_a_false_zero_for_ns" time="0.003" /><testcase classname="nessie_tests.tests.test_export" name="test_engine_ops_counts_search_started_on_both_arms" time="0.031" /><testcase classname="nessie_tests.tests.test_export" name="test_a_thinking_step_is_narration_not_an_engine_operation" time="0.004" /><testcase classname="nessie_tests.tests.test_export" name="test_engine_ops_sum_across_every_turn_of_a_multi_turn_arm" time="0.005" /><testcase classname="nessie_tests.tests.test_export" name="test_an_unobservable_engine_op_count_is_reported_not_buried" time="0.005" /><testcase classname="nessie_tests.tests.test_export" name="test_a_terminated_arm_is_not_exported_as_a_clean_answered_turn" time="0.011" /><testcase classname="nessie_tests.tests.test_export" name="test_the_grader_sees_the_same_verdict_on_the_terminated_arm" time="0.033" /><testcase classname="nessie_tests.tests.test_export" name="test_an_arm_that_failed_its_criteria_WITH_an_answer_is_untouched" time="0.007" /><testcase classname="nessie_tests.tests.test_export" name="test_an_uncollected_arm_is_not_declared_silent" time="0.006" /><testcase classname="nessie_tests.tests.test_export" name="test_a_collected_arm_that_said_nothing_IS_declared_silent" time="0.007" /><testcase classname="nessie_tests.tests.test_export" name="test_a_whitespace_only_reply_is_not_an_answer[   ]" time="0.008" /><testcase classname="nessie_tests.tests.test_export" name="test_a_whitespace_only_reply_is_not_an_answer[\n]" time="0.003" /><testcase classname="nessie_tests.tests.test_export" name="test_a_whitespace_only_reply_is_not_an_answer[\t \n ]" time="0.003" /><testcase classname="nessie_tests.tests.test_export" name="test_padding_around_a_real_answer_is_not_stripped_from_it" time="0.005" /><testcase classname="nessie_tests.tests.test_export" name="test_a_blank_result_reply_falls_through_to_the_event_that_has_one" time="0.004" /><testcase classname="nessie_tests.tests.test_export" name="test_any_errored_turn_condemns_the_whole_arm" time="0.004" /><testcase classname="nessie_tests.tests.test_export" name="test_a_harness_error_with_no_collected_row_is_still_an_error" time="0.004" /><testcase classname="nessie_tests.tests.test_export" name="test_the_refusal_message_survives_to_disk" time="0.007" /><testcase classname="nessie_tests.tests.test_export" name="test_the_error_text_is_recovered_from_query_error_when_the_result_never_landed" time="0.005" /><testcase classname="nessie_tests.tests.test_export" name="test_an_excluded_arm_still_gets_a_diagnostics_row" time="0.008" /><testcase classname="nessie_tests.tests.test_export" name="test_the_diagnostics_file_is_written_even_when_nothing_went_wrong" time="0.006" /><testcase classname="nessie_tests.tests.test_export" name="test_an_outage_is_classified_through_the_one_detector_not_a_second_copy" time="0.006" /><testcase classname="nessie_tests.tests.test_export" name="test_the_error_class_vocabulary[API Error: Claude Code is unable to respond to this request, which appears to violate our Usage Policy (https://www.anthropic.com/legal/aup). Try rephrasing the request or attempting a different approach.-usage_policy]" time="0.005" /><testcase classname="nessie_tests.tests.test_export" name="test_the_error_class_vocabulary[blocked: https://www.anthropic.com/legal/aup-usage_policy]" time="0.001" /><testcase classname="nessie_tests.tests.test_export" name="test_the_error_class_vocabulary[TimeOut waiting for query_complete-timeout]" time="0.001" /><testcase classname="nessie_tests.tests.test_export" name="test_the_error_class_vocabulary[the socket timed out-timeout]" time="0.001" /><testcase classname="nessie_tests.tests.test_export" name="test_the_error_class_vocabulary[Traceback: ValueError: nope-unclassified]" time="0.001" /><testcase classname="nessie_tests.tests.test_export" name="test_the_error_class_vocabulary[-none]" time="0.001" /><testcase classname="nessie_tests.tests.test_export" name="test_an_errored_arm_with_no_message_is_no_text_and_never_none" time="0.011" /><testcase classname="nessie_tests.tests.test_export" name="test_none_is_the_only_token_that_says_the_arm_was_fine" time="0.009" /><testcase classname="nessie_tests.tests.test_export" name="test_no_collected_row_makes_the_error_class_unobserved_not_none" time="0.008" /><testcase classname="nessie_tests.tests.test_export" name="test_stop_reason_is_the_last_one_the_transcript_recorded" time="0.006" /><testcase classname="nessie_tests.tests.test_export" name="test_the_arm_with_no_transcript_reports_no_transcript_and_no_value" time="0.006" /><testcase classname="nessie_tests.tests.test_export" name="test_a_transcript_with_no_stop_reason_is_not_the_same_as_no_transcript" time="0.009" /><testcase classname="nessie_tests.tests.test_export" name="test_an_ns_arm_is_not_applicable_rather_than_missing_a_transcript" time="0.004" /><testcase classname="nessie_tests.tests.test_export" name="test_an_unparseable_line_does_not_discard_the_records_around_it" time="0.005" /><testcase classname="nessie_tests.tests.test_export" name="test_an_unreadable_transcript_is_not_reported_as_an_absent_one" time="0.004"><skipped type="pytest.skip" message="running as root: an unreadable file is not reachable">/repo/nessie_tests/tests/test_export.py:731: running as root: an unreadable file is not reachable</skipped></testcase><testcase classname="nessie_tests.tests.test_export" name="test_a_skipped_arm_is_excluded_not_scored" time="0.016" /><testcase classname="nessie_tests.tests.test_export" name="test_a_deadline_abort_is_excluded_not_scored_as_a_success" time="0.012" /><testcase classname="nessie_tests.tests.test_export" name="test_a_deadline_abort_is_not_filed_as_a_provider_outage" time="0.026" /><testcase classname="nessie_tests.tests.test_export" name="test_a_deadline_abort_never_reaches_the_grader_either" time="0.007" /><testcase classname="nessie_tests.tests.test_export" name="test_any_non_terminal_turn_condemns_the_whole_arm" time="0.004" /><testcase classname="nessie_tests.tests.test_export" name="test_a_terminal_row_is_scored_normally" time="0.006" /><testcase classname="nessie_tests.tests.test_export" name="test_a_row_with_no_status_at_all_is_not_evidence_of_a_deadline_abort[row0-the key is absent]" time="0.010" /><testcase classname="nessie_tests.tests.test_export" name="test_a_row_with_no_status_at_all_is_not_evidence_of_a_deadline_abort[row1-the key is present and null]" time="0.003" /><testcase classname="nessie_tests.tests.test_export" name="test_a_row_with_no_status_at_all_is_not_evidence_of_a_deadline_abort[row2-a NULL status column mapped to an empty string]" time="0.003" /><testcase classname="nessie_tests.tests.test_export" name="test_a_row_with_no_status_at_all_is_not_evidence_of_a_deadline_abort[row3-whitespace is the same absence in a hat]" time="0.004" /></testsuite></testsuites>